2025-10-30 16:39:41.017 +09:00 [INF] ============================================
2025-10-30 16:39:41.041 +09:00 [INF] Application starting at "2025-10-30T16:39:41.0366367+09:00", log file: C:\workspace\bobcrm\src\BobCrm.Api\..\..\logs\api_20251030_163940.log
2025-10-30 16:39:41.047 +09:00 [INF] ============================================
2025-10-30 16:39:41.773 +09:00 [INF] Executed DbCommand (39ms) [Parameters=[], CommandType='"Text"', CommandTimeout='30']
SELECT CASE WHEN COUNT(*) = 0 THEN FALSE ELSE TRUE END
FROM pg_class AS cls
JOIN pg_namespace AS ns ON ns.oid = cls.relnamespace
WHERE
        cls.relkind IN ('r', 'v', 'm', 'f', 'p') AND
        ns.nspname NOT IN ('pg_catalog', 'information_schema') AND
        -- Exclude tables which are members of PG extensions
        NOT EXISTS (
            SELECT 1 FROM pg_depend WHERE
                classid=(
                    SELECT cls.oid
                    FROM pg_class AS cls
                             JOIN pg_namespace AS ns ON ns.oid = cls.relnamespace
                    WHERE relname='pg_class' AND ns.nspname='pg_catalog'
                ) AND
                objid=cls.oid AND
                deptype IN ('e', 'x')
        )
2025-10-30 16:39:41.957 +09:00 [INF] Executed DbCommand (5ms) [Parameters=[], CommandType='"Text"', CommandTimeout='30']
SELECT count(*)::int
FROM "Customers" AS c
2025-10-30 16:39:41.983 +09:00 [INF] Executed DbCommand (6ms) [Parameters=[], CommandType='"Text"', CommandTimeout='30']
CREATE TABLE IF NOT EXISTS "LocalizationLanguages" ("Id" SERIAL PRIMARY KEY, "Code" text NOT NULL, "NativeName" text NOT NULL);
2025-10-30 16:39:42.002 +09:00 [INF] Executed DbCommand (2ms) [Parameters=[], CommandType='"Text"', CommandTimeout='30']
SELECT EXISTS (
    SELECT 1
    FROM "Customers" AS c)
2025-10-30 16:39:42.010 +09:00 [INF] Executed DbCommand (1ms) [Parameters=[], CommandType='"Text"', CommandTimeout='30']
SELECT EXISTS (
    SELECT 1
    FROM "FieldDefinitions" AS f)
2025-10-30 16:39:42.018 +09:00 [INF] Executed DbCommand (2ms) [Parameters=[], CommandType='"Text"', CommandTimeout='30']
SELECT EXISTS (
    SELECT 1
    FROM "LocalizationLanguages" AS l)
2025-10-30 16:39:42.026 +09:00 [INF] Executed DbCommand (1ms) [Parameters=[], CommandType='"Text"', CommandTimeout='30']
SELECT EXISTS (
    SELECT 1
    FROM "LocalizationResources" AS l)
2025-10-30 16:39:42.072 +09:00 [INF] Executed DbCommand (7ms) [Parameters=[@__key_0='?'], CommandType='"Text"', CommandTimeout='30']
SELECT EXISTS (
    SELECT 1
    FROM "LocalizationResources" AS l
    WHERE l."Key" = @__key_0)
2025-10-30 16:39:42.080 +09:00 [INF] Executed DbCommand (2ms) [Parameters=[@__key_0='?'], CommandType='"Text"', CommandTimeout='30']
SELECT EXISTS (
    SELECT 1
    FROM "LocalizationResources" AS l
    WHERE l."Key" = @__key_0)
2025-10-30 16:39:42.085 +09:00 [INF] Executed DbCommand (1ms) [Parameters=[@__key_0='?'], CommandType='"Text"', CommandTimeout='30']
SELECT EXISTS (
    SELECT 1
    FROM "LocalizationResources" AS l
    WHERE l."Key" = @__key_0)
2025-10-30 16:39:42.089 +09:00 [INF] Executed DbCommand (1ms) [Parameters=[@__key_0='?'], CommandType='"Text"', CommandTimeout='30']
SELECT EXISTS (
    SELECT 1
    FROM "LocalizationResources" AS l
    WHERE l."Key" = @__key_0)
2025-10-30 16:39:42.093 +09:00 [INF] Executed DbCommand (1ms) [Parameters=[@__key_0='?'], CommandType='"Text"', CommandTimeout='30']
SELECT EXISTS (
    SELECT 1
    FROM "LocalizationResources" AS l
    WHERE l."Key" = @__key_0)
2025-10-30 16:39:42.097 +09:00 [INF] Executed DbCommand (1ms) [Parameters=[@__key_0='?'], CommandType='"Text"', CommandTimeout='30']
SELECT EXISTS (
    SELECT 1
    FROM "LocalizationResources" AS l
    WHERE l."Key" = @__key_0)
2025-10-30 16:39:42.100 +09:00 [INF] Executed DbCommand (1ms) [Parameters=[@__key_0='?'], CommandType='"Text"', CommandTimeout='30']
SELECT EXISTS (
    SELECT 1
    FROM "LocalizationResources" AS l
    WHERE l."Key" = @__key_0)
2025-10-30 16:39:42.104 +09:00 [INF] Executed DbCommand (1ms) [Parameters=[@__key_0='?'], CommandType='"Text"', CommandTimeout='30']
SELECT EXISTS (
    SELECT 1
    FROM "LocalizationResources" AS l
    WHERE l."Key" = @__key_0)
2025-10-30 16:39:42.109 +09:00 [INF] Executed DbCommand (1ms) [Parameters=[@__key_0='?'], CommandType='"Text"', CommandTimeout='30']
SELECT EXISTS (
    SELECT 1
    FROM "LocalizationResources" AS l
    WHERE l."Key" = @__key_0)
2025-10-30 16:39:42.111 +09:00 [INF] Executed DbCommand (1ms) [Parameters=[@__key_0='?'], CommandType='"Text"', CommandTimeout='30']
SELECT EXISTS (
    SELECT 1
    FROM "LocalizationResources" AS l
    WHERE l."Key" = @__key_0)
2025-10-30 16:39:42.116 +09:00 [INF] Executed DbCommand (2ms) [Parameters=[@__key_0='?'], CommandType='"Text"', CommandTimeout='30']
SELECT EXISTS (
    SELECT 1
    FROM "LocalizationResources" AS l
    WHERE l."Key" = @__key_0)
2025-10-30 16:39:42.119 +09:00 [INF] Executed DbCommand (1ms) [Parameters=[@__key_0='?'], CommandType='"Text"', CommandTimeout='30']
SELECT EXISTS (
    SELECT 1
    FROM "LocalizationResources" AS l
    WHERE l."Key" = @__key_0)
2025-10-30 16:39:42.125 +09:00 [INF] Executed DbCommand (1ms) [Parameters=[@__key_0='?'], CommandType='"Text"', CommandTimeout='30']
SELECT EXISTS (
    SELECT 1
    FROM "LocalizationResources" AS l
    WHERE l."Key" = @__key_0)
2025-10-30 16:39:42.128 +09:00 [INF] Executed DbCommand (1ms) [Parameters=[@__key_0='?'], CommandType='"Text"', CommandTimeout='30']
SELECT EXISTS (
    SELECT 1
    FROM "LocalizationResources" AS l
    WHERE l."Key" = @__key_0)
2025-10-30 16:39:42.131 +09:00 [INF] Executed DbCommand (1ms) [Parameters=[@__key_0='?'], CommandType='"Text"', CommandTimeout='30']
SELECT EXISTS (
    SELECT 1
    FROM "LocalizationResources" AS l
    WHERE l."Key" = @__key_0)
2025-10-30 16:39:42.134 +09:00 [INF] Executed DbCommand (1ms) [Parameters=[@__key_0='?'], CommandType='"Text"', CommandTimeout='30']
SELECT EXISTS (
    SELECT 1
    FROM "LocalizationResources" AS l
    WHERE l."Key" = @__key_0)
2025-10-30 16:39:42.138 +09:00 [INF] Executed DbCommand (1ms) [Parameters=[@__key_0='?'], CommandType='"Text"', CommandTimeout='30']
SELECT EXISTS (
    SELECT 1
    FROM "LocalizationResources" AS l
    WHERE l."Key" = @__key_0)
2025-10-30 16:39:42.141 +09:00 [INF] Executed DbCommand (1ms) [Parameters=[@__key_0='?'], CommandType='"Text"', CommandTimeout='30']
SELECT EXISTS (
    SELECT 1
    FROM "LocalizationResources" AS l
    WHERE l."Key" = @__key_0)
2025-10-30 16:39:42.147 +09:00 [INF] Executed DbCommand (2ms) [Parameters=[@__key_0='?'], CommandType='"Text"', CommandTimeout='30']
SELECT EXISTS (
    SELECT 1
    FROM "LocalizationResources" AS l
    WHERE l."Key" = @__key_0)
2025-10-30 16:39:42.154 +09:00 [INF] Executed DbCommand (1ms) [Parameters=[@__key_0='?'], CommandType='"Text"', CommandTimeout='30']
SELECT EXISTS (
    SELECT 1
    FROM "LocalizationResources" AS l
    WHERE l."Key" = @__key_0)
2025-10-30 16:39:42.157 +09:00 [INF] Executed DbCommand (1ms) [Parameters=[@__key_0='?'], CommandType='"Text"', CommandTimeout='30']
SELECT EXISTS (
    SELECT 1
    FROM "LocalizationResources" AS l
    WHERE l."Key" = @__key_0)
2025-10-30 16:39:42.160 +09:00 [INF] Executed DbCommand (1ms) [Parameters=[@__key_0='?'], CommandType='"Text"', CommandTimeout='30']
SELECT EXISTS (
    SELECT 1
    FROM "LocalizationResources" AS l
    WHERE l."Key" = @__key_0)
2025-10-30 16:39:42.162 +09:00 [INF] Executed DbCommand (1ms) [Parameters=[@__key_0='?'], CommandType='"Text"', CommandTimeout='30']
SELECT EXISTS (
    SELECT 1
    FROM "LocalizationResources" AS l
    WHERE l."Key" = @__key_0)
2025-10-30 16:39:42.165 +09:00 [INF] Executed DbCommand (1ms) [Parameters=[@__key_0='?'], CommandType='"Text"', CommandTimeout='30']
SELECT EXISTS (
    SELECT 1
    FROM "LocalizationResources" AS l
    WHERE l."Key" = @__key_0)
2025-10-30 16:39:42.171 +09:00 [INF] Executed DbCommand (1ms) [Parameters=[@__key_0='?'], CommandType='"Text"', CommandTimeout='30']
SELECT EXISTS (
    SELECT 1
    FROM "LocalizationResources" AS l
    WHERE l."Key" = @__key_0)
2025-10-30 16:39:42.174 +09:00 [INF] Executed DbCommand (1ms) [Parameters=[@__key_0='?'], CommandType='"Text"', CommandTimeout='30']
SELECT EXISTS (
    SELECT 1
    FROM "LocalizationResources" AS l
    WHERE l."Key" = @__key_0)
2025-10-30 16:39:42.177 +09:00 [INF] Executed DbCommand (1ms) [Parameters=[@__key_0='?'], CommandType='"Text"', CommandTimeout='30']
SELECT EXISTS (
    SELECT 1
    FROM "LocalizationResources" AS l
    WHERE l."Key" = @__key_0)
2025-10-30 16:39:42.180 +09:00 [INF] Executed DbCommand (1ms) [Parameters=[@__key_0='?'], CommandType='"Text"', CommandTimeout='30']
SELECT EXISTS (
    SELECT 1
    FROM "LocalizationResources" AS l
    WHERE l."Key" = @__key_0)
2025-10-30 16:39:42.186 +09:00 [INF] Executed DbCommand (1ms) [Parameters=[@__key_0='?'], CommandType='"Text"', CommandTimeout='30']
SELECT EXISTS (
    SELECT 1
    FROM "LocalizationResources" AS l
    WHERE l."Key" = @__key_0)
2025-10-30 16:39:42.189 +09:00 [INF] Executed DbCommand (1ms) [Parameters=[@__key_0='?'], CommandType='"Text"', CommandTimeout='30']
SELECT EXISTS (
    SELECT 1
    FROM "LocalizationResources" AS l
    WHERE l."Key" = @__key_0)
2025-10-30 16:39:42.192 +09:00 [INF] Executed DbCommand (1ms) [Parameters=[@__key_0='?'], CommandType='"Text"', CommandTimeout='30']
SELECT EXISTS (
    SELECT 1
    FROM "LocalizationResources" AS l
    WHERE l."Key" = @__key_0)
2025-10-30 16:39:42.194 +09:00 [INF] Executed DbCommand (1ms) [Parameters=[@__key_0='?'], CommandType='"Text"', CommandTimeout='30']
SELECT EXISTS (
    SELECT 1
    FROM "LocalizationResources" AS l
    WHERE l."Key" = @__key_0)
2025-10-30 16:39:42.197 +09:00 [INF] Executed DbCommand (1ms) [Parameters=[@__key_0='?'], CommandType='"Text"', CommandTimeout='30']
SELECT EXISTS (
    SELECT 1
    FROM "LocalizationResources" AS l
    WHERE l."Key" = @__key_0)
2025-10-30 16:39:42.202 +09:00 [INF] Executed DbCommand (1ms) [Parameters=[@__key_0='?'], CommandType='"Text"', CommandTimeout='30']
SELECT EXISTS (
    SELECT 1
    FROM "LocalizationResources" AS l
    WHERE l."Key" = @__key_0)
2025-10-30 16:39:42.207 +09:00 [INF] Executed DbCommand (2ms) [Parameters=[@__key_0='?'], CommandType='"Text"', CommandTimeout='30']
SELECT EXISTS (
    SELECT 1
    FROM "LocalizationResources" AS l
    WHERE l."Key" = @__key_0)
2025-10-30 16:39:42.212 +09:00 [INF] Executed DbCommand (1ms) [Parameters=[@__key_0='?'], CommandType='"Text"', CommandTimeout='30']
SELECT EXISTS (
    SELECT 1
    FROM "LocalizationResources" AS l
    WHERE l."Key" = @__key_0)
2025-10-30 16:39:42.218 +09:00 [INF] Executed DbCommand (2ms) [Parameters=[@__key_0='?'], CommandType='"Text"', CommandTimeout='30']
SELECT EXISTS (
    SELECT 1
    FROM "LocalizationResources" AS l
    WHERE l."Key" = @__key_0)
2025-10-30 16:39:42.221 +09:00 [INF] Executed DbCommand (1ms) [Parameters=[@__key_0='?'], CommandType='"Text"', CommandTimeout='30']
SELECT EXISTS (
    SELECT 1
    FROM "LocalizationResources" AS l
    WHERE l."Key" = @__key_0)
2025-10-30 16:39:42.223 +09:00 [INF] Executed DbCommand (1ms) [Parameters=[@__key_0='?'], CommandType='"Text"', CommandTimeout='30']
SELECT EXISTS (
    SELECT 1
    FROM "LocalizationResources" AS l
    WHERE l."Key" = @__key_0)
2025-10-30 16:39:42.225 +09:00 [INF] Executed DbCommand (1ms) [Parameters=[@__key_0='?'], CommandType='"Text"', CommandTimeout='30']
SELECT EXISTS (
    SELECT 1
    FROM "LocalizationResources" AS l
    WHERE l."Key" = @__key_0)
2025-10-30 16:39:42.231 +09:00 [INF] Executed DbCommand (1ms) [Parameters=[@__key_0='?'], CommandType='"Text"', CommandTimeout='30']
SELECT EXISTS (
    SELECT 1
    FROM "LocalizationResources" AS l
    WHERE l."Key" = @__key_0)
2025-10-30 16:39:42.234 +09:00 [INF] Executed DbCommand (1ms) [Parameters=[@__key_0='?'], CommandType='"Text"', CommandTimeout='30']
SELECT EXISTS (
    SELECT 1
    FROM "LocalizationResources" AS l
    WHERE l."Key" = @__key_0)
2025-10-30 16:39:42.237 +09:00 [INF] Executed DbCommand (2ms) [Parameters=[@__key_0='?'], CommandType='"Text"', CommandTimeout='30']
SELECT EXISTS (
    SELECT 1
    FROM "LocalizationResources" AS l
    WHERE l."Key" = @__key_0)
2025-10-30 16:39:42.241 +09:00 [INF] Executed DbCommand (1ms) [Parameters=[@__key_0='?'], CommandType='"Text"', CommandTimeout='30']
SELECT EXISTS (
    SELECT 1
    FROM "LocalizationResources" AS l
    WHERE l."Key" = @__key_0)
2025-10-30 16:39:42.245 +09:00 [INF] Executed DbCommand (1ms) [Parameters=[@__key_0='?'], CommandType='"Text"', CommandTimeout='30']
SELECT EXISTS (
    SELECT 1
    FROM "LocalizationResources" AS l
    WHERE l."Key" = @__key_0)
2025-10-30 16:39:42.248 +09:00 [INF] Executed DbCommand (1ms) [Parameters=[@__key_0='?'], CommandType='"Text"', CommandTimeout='30']
SELECT EXISTS (
    SELECT 1
    FROM "LocalizationResources" AS l
    WHERE l."Key" = @__key_0)
2025-10-30 16:39:42.259 +09:00 [INF] Executed DbCommand (2ms) [Parameters=[], CommandType='"Text"', CommandTimeout='30']
CREATE INDEX IF NOT EXISTS idx_fieldvalues_value_gin ON "FieldValues" USING GIN ("Value");
2025-10-30 16:39:42.262 +09:00 [INF] Executed DbCommand (1ms) [Parameters=[], CommandType='"Text"', CommandTimeout='30']
CREATE INDEX IF NOT EXISTS idx_fielddefinitions_tags_gin ON "FieldDefinitions" USING GIN ("Tags");
2025-10-30 16:39:42.264 +09:00 [INF] Executed DbCommand (1ms) [Parameters=[], CommandType='"Text"', CommandTimeout='30']
CREATE INDEX IF NOT EXISTS idx_fielddefinitions_actions_gin ON "FieldDefinitions" USING GIN ("Actions");
2025-10-30 16:39:42.267 +09:00 [INF] Executed DbCommand (1ms) [Parameters=[], CommandType='"Text"', CommandTimeout='30']
CREATE INDEX IF NOT EXISTS idx_userlayouts_layoutjson_gin ON "UserLayouts" USING GIN ("LayoutJson");
2025-10-30 16:39:42.271 +09:00 [INF] Executed DbCommand (1ms) [Parameters=[], CommandType='"Text"', CommandTimeout='30']
CREATE INDEX IF NOT EXISTS idx_fieldvalues_customer_field ON "FieldValues" ("CustomerId", "FieldDefinitionId");
2025-10-30 16:39:42.276 +09:00 [INF] Executed DbCommand (1ms) [Parameters=[], CommandType='"Text"', CommandTimeout='30']
SELECT EXISTS (
    SELECT 1
    FROM "Customers" AS c)
2025-10-30 16:39:42.314 +09:00 [INF] Executed DbCommand (2ms) [Parameters=[@__normalizedName_0='?'], CommandType='"Text"', CommandTimeout='30']
SELECT a."Id", a."ConcurrencyStamp", a."Name", a."NormalizedName"
FROM "AspNetRoles" AS a
WHERE a."NormalizedName" = @__normalizedName_0
LIMIT 1
2025-10-30 16:39:42.348 +09:00 [INF] Executed DbCommand (2ms) [Parameters=[@__normalizedUserName_0='?'], CommandType='"Text"', CommandTimeout='30']
SELECT a."Id", a."AccessFailedCount", a."ConcurrencyStamp", a."Email", a."EmailConfirmed", a."LockoutEnabled", a."LockoutEnd", a."NormalizedEmail", a."NormalizedUserName", a."PasswordHash", a."PhoneNumber", a."PhoneNumberConfirmed", a."SecurityStamp", a."TwoFactorEnabled", a."UserName"
FROM "AspNetUsers" AS a
WHERE a."NormalizedUserName" = @__normalizedUserName_0
LIMIT 1
2025-10-30 16:39:42.377 +09:00 [INF] Executed DbCommand (1ms) [Parameters=[@__normalizedRoleName_0='?'], CommandType='"Text"', CommandTimeout='30']
SELECT a."Id", a."ConcurrencyStamp", a."Name", a."NormalizedName"
FROM "AspNetRoles" AS a
WHERE a."NormalizedName" = @__normalizedRoleName_0
LIMIT 2
2025-10-30 16:39:42.393 +09:00 [INF] Executed DbCommand (2ms) [Parameters=[@__p_0='?', @__p_1='?'], CommandType='"Text"', CommandTimeout='30']
SELECT a."UserId", a."RoleId"
FROM "AspNetUserRoles" AS a
WHERE a."UserId" = @__p_0 AND a."RoleId" = @__p_1
LIMIT 1
2025-10-30 16:39:42.413 +09:00 [INF] Executed DbCommand (2ms) [Parameters=[], CommandType='"Text"', CommandTimeout='30']
SELECT c."Id"
FROM "Customers" AS c
2025-10-30 16:39:42.419 +09:00 [INF] Executed DbCommand (2ms) [Parameters=[@__cid_0='?' (DbType = Int32), @__8__locals1_admin_Id_1='?'], CommandType='"Text"', CommandTimeout='30']
SELECT EXISTS (
    SELECT 1
    FROM "CustomerAccesses" AS c
    WHERE c."CustomerId" = @__cid_0 AND c."UserId" = @__8__locals1_admin_Id_1)
2025-10-30 16:39:42.422 +09:00 [INF] Executed DbCommand (1ms) [Parameters=[@__cid_0='?' (DbType = Int32), @__8__locals1_admin_Id_1='?'], CommandType='"Text"', CommandTimeout='30']
SELECT EXISTS (
    SELECT 1
    FROM "CustomerAccesses" AS c
    WHERE c."CustomerId" = @__cid_0 AND c."UserId" = @__8__locals1_admin_Id_1)
2025-10-30 16:39:42.474 +09:00 [INF] Executed DbCommand (2ms) [Parameters=[], CommandType='"Text"', CommandTimeout='30']
SELECT d."Id", d."FriendlyName", d."Xml"
FROM "DataProtectionKeys" AS d
2025-10-30 16:39:42.603 +09:00 [INF] Now listening on: http://0.0.0.0:5200
2025-10-30 16:39:42.605 +09:00 [INF] Application started. Press Ctrl+C to shut down.
2025-10-30 16:39:42.605 +09:00 [INF] Hosting environment: Development
2025-10-30 16:39:42.607 +09:00 [INF] Content root path: C:\workspace\bobcrm\src\BobCrm.Api
2025-10-30 16:39:49.133 +09:00 [INF] Request starting HTTP/1.1 GET http://192.168.20.218:5200/api/i18n/ja - null null
2025-10-30 16:39:49.221 +09:00 [INF] Executing endpoint 'HTTP: GET /api/i18n/{lang}'
2025-10-30 16:39:49.278 +09:00 [INF] Executed DbCommand (2ms) [Parameters=[], CommandType='"Text"', CommandTimeout='30']
SELECT l."Key", l."EN", l."JA", l."ZH"
FROM "LocalizationResources" AS l
2025-10-30 16:39:49.286 +09:00 [INF] Writing value of type 'Dictionary`2' as Json.
2025-10-30 16:39:49.299 +09:00 [INF] Executed endpoint 'HTTP: GET /api/i18n/{lang}'
2025-10-30 16:39:49.305 +09:00 [INF] Request finished HTTP/1.1 GET http://192.168.20.218:5200/api/i18n/ja - 200 null application/json; charset=utf-8 172.0278ms
2025-10-30 16:39:51.221 +09:00 [INF] Request starting HTTP/1.1 GET http://192.168.20.218:5200/api/i18n/ja - null null
2025-10-30 16:39:51.226 +09:00 [INF] Executing endpoint 'HTTP: GET /api/i18n/{lang}'
2025-10-30 16:39:51.229 +09:00 [INF] Executed DbCommand (1ms) [Parameters=[], CommandType='"Text"', CommandTimeout='30']
SELECT l."Key", l."EN", l."JA", l."ZH"
FROM "LocalizationResources" AS l
2025-10-30 16:39:51.231 +09:00 [INF] Writing value of type 'Dictionary`2' as Json.
2025-10-30 16:39:51.235 +09:00 [INF] Executed endpoint 'HTTP: GET /api/i18n/{lang}'
2025-10-30 16:39:51.238 +09:00 [INF] Request finished HTTP/1.1 GET http://192.168.20.218:5200/api/i18n/ja - 200 null application/json; charset=utf-8 16.6212ms
2025-10-30 16:39:51.250 +09:00 [INF] Request starting HTTP/1.1 GET http://192.168.20.218:5200/api/setup/admin - null null
2025-10-30 16:39:51.255 +09:00 [INF] Executing endpoint 'HTTP: GET /api/setup/admin'
2025-10-30 16:39:51.263 +09:00 [INF] Executed DbCommand (2ms) [Parameters=[@__normalizedName_0='?'], CommandType='"Text"', CommandTimeout='30']
SELECT a."Id", a."ConcurrencyStamp", a."Name", a."NormalizedName"
FROM "AspNetRoles" AS a
WHERE a."NormalizedName" = @__normalizedName_0
LIMIT 1
2025-10-30 16:39:51.279 +09:00 [INF] Executed DbCommand (2ms) [Parameters=[@__normalizedRoleName_0='?'], CommandType='"Text"', CommandTimeout='30']
SELECT a."Id", a."ConcurrencyStamp", a."Name", a."NormalizedName"
FROM "AspNetRoles" AS a
WHERE a."NormalizedName" = @__normalizedRoleName_0
LIMIT 2
2025-10-30 16:39:51.314 +09:00 [INF] Executed DbCommand (2ms) [Parameters=[@__role_Id_0='?'], CommandType='"Text"', CommandTimeout='30']
SELECT a0."Id", a0."AccessFailedCount", a0."ConcurrencyStamp", a0."Email", a0."EmailConfirmed", a0."LockoutEnabled", a0."LockoutEnd", a0."NormalizedEmail", a0."NormalizedUserName", a0."PasswordHash", a0."PhoneNumber", a0."PhoneNumberConfirmed", a0."SecurityStamp", a0."TwoFactorEnabled", a0."UserName"
FROM "AspNetUserRoles" AS a
INNER JOIN "AspNetUsers" AS a0 ON a."UserId" = a0."Id"
WHERE a."RoleId" = @__role_Id_0
2025-10-30 16:39:51.321 +09:00 [INF] Setting HTTP status code 200.
2025-10-30 16:39:51.324 +09:00 [INF] Writing value of type '<>f__AnonymousType32`3' as Json.
2025-10-30 16:39:51.328 +09:00 [INF] Executed endpoint 'HTTP: GET /api/setup/admin'
2025-10-30 16:39:51.334 +09:00 [INF] Request finished HTTP/1.1 GET http://192.168.20.218:5200/api/setup/admin - 200 null application/json; charset=utf-8 83.8312ms
2025-10-30 16:39:51.603 +09:00 [INF] Request starting HTTP/1.1 GET http://192.168.20.218:5200/api/i18n/ja - null null
2025-10-30 16:39:51.608 +09:00 [INF] Executing endpoint 'HTTP: GET /api/i18n/{lang}'
2025-10-30 16:39:51.613 +09:00 [INF] Executed DbCommand (2ms) [Parameters=[], CommandType='"Text"', CommandTimeout='30']
SELECT l."Key", l."EN", l."JA", l."ZH"
FROM "LocalizationResources" AS l
2025-10-30 16:39:51.616 +09:00 [INF] Writing value of type 'Dictionary`2' as Json.
2025-10-30 16:39:51.618 +09:00 [INF] Executed endpoint 'HTTP: GET /api/i18n/{lang}'
2025-10-30 16:39:51.623 +09:00 [INF] Request finished HTTP/1.1 GET http://192.168.20.218:5200/api/i18n/ja - 200 null application/json; charset=utf-8 19.659ms
2025-10-30 16:39:51.633 +09:00 [INF] Request starting HTTP/1.1 GET http://192.168.20.218:5200/api/customers - null null
2025-10-30 16:39:51.903 +09:00 [INF] Executing endpoint 'HTTP: GET /api/customers'
2025-10-30 16:39:51.913 +09:00 [INF] Executed DbCommand (2ms) [Parameters=[@__uid_0='?'], CommandType='"Text"', CommandTimeout='30']
SELECT c."CustomerId"
FROM "CustomerAccesses" AS c
WHERE c."UserId" = @__uid_0
2025-10-30 16:39:51.958 +09:00 [INF] Executed DbCommand (31ms) [Parameters=[@__accessIds_0='?' (DbType = Object)], CommandType='"Text"', CommandTimeout='30']
SELECT c."Id", c."Code", c."CreatedAt", c."CreatedBy", c."ExtData", c."Name", c."UpdatedAt", c."UpdatedBy", c."Version"
FROM "Customers" AS c
WHERE c."Id" = ANY (@__accessIds_0)
2025-10-30 16:39:51.987 +09:00 [INF] Executed DbCommand (3ms) [Parameters=[@__lang_0='?'], CommandType='"Text"', CommandTimeout='30']
SELECT c."CustomerId", c."Language", c."Name"
FROM "CustomerLocalizations" AS c
WHERE c."Language" = @__lang_0
2025-10-30 16:39:51.990 +09:00 [INF] Writing value of type 'List`1' as Json.
2025-10-30 16:39:51.997 +09:00 [INF] Executed endpoint 'HTTP: GET /api/customers'
2025-10-30 16:39:51.999 +09:00 [INF] Request finished HTTP/1.1 GET http://192.168.20.218:5200/api/customers - 200 null application/json; charset=utf-8 365.7751ms
2025-10-30 16:39:52.256 +09:00 [INF] Request starting HTTP/1.1 GET http://192.168.20.218:5200/api/i18n/ja - null null
2025-10-30 16:39:52.259 +09:00 [INF] Executing endpoint 'HTTP: GET /api/i18n/{lang}'
2025-10-30 16:39:52.261 +09:00 [INF] Executed DbCommand (1ms) [Parameters=[], CommandType='"Text"', CommandTimeout='30']
SELECT l."Key", l."EN", l."JA", l."ZH"
FROM "LocalizationResources" AS l
2025-10-30 16:39:52.263 +09:00 [INF] Writing value of type 'Dictionary`2' as Json.
2025-10-30 16:39:52.264 +09:00 [INF] Executed endpoint 'HTTP: GET /api/i18n/{lang}'
2025-10-30 16:39:52.265 +09:00 [INF] Request finished HTTP/1.1 GET http://192.168.20.218:5200/api/i18n/ja - 200 null application/json; charset=utf-8 9.3718ms
2025-10-30 16:39:52.276 +09:00 [INF] Request starting HTTP/1.1 GET http://192.168.20.218:5200/api/customers/2 - null null
2025-10-30 16:39:52.281 +09:00 [INF] Executing endpoint 'HTTP: GET /api/customers/{id:int}'
2025-10-30 16:39:52.290 +09:00 [INF] Executed DbCommand (1ms) [Parameters=[@__id_0='?' (DbType = Int32)], CommandType='"Text"', CommandTimeout='30']
SELECT EXISTS (
    SELECT 1
    FROM "CustomerAccesses" AS c
    WHERE c."CustomerId" = @__id_0)
2025-10-30 16:39:52.294 +09:00 [INF] Executed DbCommand (1ms) [Parameters=[@__id_0='?' (DbType = Int32), @__uid_1='?'], CommandType='"Text"', CommandTimeout='30']
SELECT EXISTS (
    SELECT 1
    FROM "CustomerAccesses" AS c
    WHERE c."CustomerId" = @__id_0 AND c."UserId" = @__uid_1)
2025-10-30 16:39:52.306 +09:00 [INF] Executed DbCommand (3ms) [Parameters=[@__id_0='?' (DbType = Int32)], CommandType='"Text"', CommandTimeout='30']
SELECT c."Id", c."Code", c."CreatedAt", c."CreatedBy", c."ExtData", c."Name", c."UpdatedAt", c."UpdatedBy", c."Version"
FROM "Customers" AS c
WHERE c."Id" = @__id_0
LIMIT 1
2025-10-30 16:39:52.317 +09:00 [INF] Executed DbCommand (2ms) [Parameters=[], CommandType='"Text"', CommandTimeout='30']
SELECT f."Id", f."Actions", f."CreatedAt", f."CreatedBy", f."DataType", f."DefaultValue", f."DisplayName", f."Key", f."Required", f."Tags", f."UpdatedAt", f."UpdatedBy", f."Validation"
FROM "FieldDefinitions" AS f
2025-10-30 16:39:52.365 +09:00 [INF] Executed DbCommand (2ms) [Parameters=[@__id_0='?' (DbType = Int32)], CommandType='"Text"', CommandTimeout='30']
SELECT f."Id", f."CreatedAt", f."CreatedBy", f."CustomerId", f."FieldDefinitionId", f."UpdatedAt", f."UpdatedBy", f."Value", f."Version"
FROM "FieldValues" AS f
WHERE f."CustomerId" = @__id_0
ORDER BY f."Version" DESC
2025-10-30 16:39:52.375 +09:00 [INF] Executed DbCommand (1ms) [Parameters=[@__id_0='?' (DbType = Int32), @__lang_1='?'], CommandType='"Text"', CommandTimeout='30']
SELECT c."CustomerId", c."Language", c."Name"
FROM "CustomerLocalizations" AS c
WHERE c."CustomerId" = @__id_0 AND c."Language" = @__lang_1
LIMIT 1
2025-10-30 16:39:52.380 +09:00 [INF] Executed DbCommand (1ms) [Parameters=[], CommandType='"Text"', CommandTimeout='30']
SELECT l."Key", l."EN", l."JA", l."ZH"
FROM "LocalizationResources" AS l
2025-10-30 16:39:52.382 +09:00 [INF] Writing value of type '<>f__AnonymousType2`5' as Json.
2025-10-30 16:39:52.389 +09:00 [INF] Executed endpoint 'HTTP: GET /api/customers/{id:int}'
2025-10-30 16:39:52.391 +09:00 [INF] Request finished HTTP/1.1 GET http://192.168.20.218:5200/api/customers/2 - 200 null application/json; charset=utf-8 114.7683ms
2025-10-30 16:39:54.981 +09:00 [INF] Request starting HTTP/1.1 GET http://192.168.20.218:5200/api/i18n/ja - null null
2025-10-30 16:39:54.983 +09:00 [INF] Executing endpoint 'HTTP: GET /api/i18n/{lang}'
2025-10-30 16:39:54.987 +09:00 [INF] Executed DbCommand (1ms) [Parameters=[], CommandType='"Text"', CommandTimeout='30']
SELECT l."Key", l."EN", l."JA", l."ZH"
FROM "LocalizationResources" AS l
2025-10-30 16:39:54.990 +09:00 [INF] Writing value of type 'Dictionary`2' as Json.
2025-10-30 16:39:54.991 +09:00 [INF] Executed endpoint 'HTTP: GET /api/i18n/{lang}'
2025-10-30 16:39:54.993 +09:00 [INF] Request finished HTTP/1.1 GET http://192.168.20.218:5200/api/i18n/ja - 200 null application/json; charset=utf-8 11.9644ms
2025-10-30 16:39:55.004 +09:00 [INF] Request starting HTTP/1.1 GET http://192.168.20.218:5200/api/setup/admin - null null
2025-10-30 16:39:55.006 +09:00 [INF] Executing endpoint 'HTTP: GET /api/setup/admin'
2025-10-30 16:39:55.014 +09:00 [INF] Executed DbCommand (2ms) [Parameters=[@__normalizedName_0='?'], CommandType='"Text"', CommandTimeout='30']
SELECT a."Id", a."ConcurrencyStamp", a."Name", a."NormalizedName"
FROM "AspNetRoles" AS a
WHERE a."NormalizedName" = @__normalizedName_0
LIMIT 1
2025-10-30 16:39:55.019 +09:00 [INF] Executed DbCommand (1ms) [Parameters=[@__normalizedRoleName_0='?'], CommandType='"Text"', CommandTimeout='30']
SELECT a."Id", a."ConcurrencyStamp", a."Name", a."NormalizedName"
FROM "AspNetRoles" AS a
WHERE a."NormalizedName" = @__normalizedRoleName_0
LIMIT 2
2025-10-30 16:39:55.024 +09:00 [INF] Executed DbCommand (1ms) [Parameters=[@__role_Id_0='?'], CommandType='"Text"', CommandTimeout='30']
SELECT a0."Id", a0."AccessFailedCount", a0."ConcurrencyStamp", a0."Email", a0."EmailConfirmed", a0."LockoutEnabled", a0."LockoutEnd", a0."NormalizedEmail", a0."NormalizedUserName", a0."PasswordHash", a0."PhoneNumber", a0."PhoneNumberConfirmed", a0."SecurityStamp", a0."TwoFactorEnabled", a0."UserName"
FROM "AspNetUserRoles" AS a
INNER JOIN "AspNetUsers" AS a0 ON a."UserId" = a0."Id"
WHERE a."RoleId" = @__role_Id_0
2025-10-30 16:39:55.026 +09:00 [INF] Setting HTTP status code 200.
2025-10-30 16:39:55.026 +09:00 [INF] Writing value of type '<>f__AnonymousType32`3' as Json.
2025-10-30 16:39:55.027 +09:00 [INF] Executed endpoint 'HTTP: GET /api/setup/admin'
2025-10-30 16:39:55.029 +09:00 [INF] Request finished HTTP/1.1 GET http://192.168.20.218:5200/api/setup/admin - 200 null application/json; charset=utf-8 24.7677ms
2025-10-30 16:39:55.295 +09:00 [INF] Request starting HTTP/1.1 GET http://192.168.20.218:5200/api/i18n/ja - null null
2025-10-30 16:39:55.300 +09:00 [INF] Executing endpoint 'HTTP: GET /api/i18n/{lang}'
2025-10-30 16:39:55.306 +09:00 [INF] Executed DbCommand (2ms) [Parameters=[], CommandType='"Text"', CommandTimeout='30']
SELECT l."Key", l."EN", l."JA", l."ZH"
FROM "LocalizationResources" AS l
2025-10-30 16:39:55.313 +09:00 [INF] Writing value of type 'Dictionary`2' as Json.
2025-10-30 16:39:55.314 +09:00 [INF] Executed endpoint 'HTTP: GET /api/i18n/{lang}'
2025-10-30 16:39:55.316 +09:00 [INF] Request finished HTTP/1.1 GET http://192.168.20.218:5200/api/i18n/ja - 200 null application/json; charset=utf-8 21.1928ms
2025-10-30 16:39:55.324 +09:00 [INF] Request starting HTTP/1.1 GET http://192.168.20.218:5200/api/customers - null null
2025-10-30 16:39:55.336 +09:00 [INF] Executing endpoint 'HTTP: GET /api/customers'
2025-10-30 16:39:55.345 +09:00 [INF] Executed DbCommand (2ms) [Parameters=[@__uid_0='?'], CommandType='"Text"', CommandTimeout='30']
SELECT c."CustomerId"
FROM "CustomerAccesses" AS c
WHERE c."UserId" = @__uid_0
2025-10-30 16:39:55.350 +09:00 [INF] Executed DbCommand (2ms) [Parameters=[@__accessIds_0='?' (DbType = Object)], CommandType='"Text"', CommandTimeout='30']
SELECT c."Id", c."Code", c."CreatedAt", c."CreatedBy", c."ExtData", c."Name", c."UpdatedAt", c."UpdatedBy", c."Version"
FROM "Customers" AS c
WHERE c."Id" = ANY (@__accessIds_0)
2025-10-30 16:39:55.355 +09:00 [INF] Executed DbCommand (1ms) [Parameters=[@__lang_0='?'], CommandType='"Text"', CommandTimeout='30']
SELECT c."CustomerId", c."Language", c."Name"
FROM "CustomerLocalizations" AS c
WHERE c."Language" = @__lang_0
2025-10-30 16:39:55.359 +09:00 [INF] Writing value of type 'List`1' as Json.
2025-10-30 16:39:55.361 +09:00 [INF] Executed endpoint 'HTTP: GET /api/customers'
2025-10-30 16:39:55.364 +09:00 [INF] Request finished HTTP/1.1 GET http://192.168.20.218:5200/api/customers - 200 null application/json; charset=utf-8 39.922ms
2025-10-30 16:39:55.682 +09:00 [INF] Request starting HTTP/1.1 GET http://192.168.20.218:5200/api/i18n/ja - null null
2025-10-30 16:39:55.688 +09:00 [INF] Executing endpoint 'HTTP: GET /api/i18n/{lang}'
2025-10-30 16:39:55.692 +09:00 [INF] Executed DbCommand (1ms) [Parameters=[], CommandType='"Text"', CommandTimeout='30']
SELECT l."Key", l."EN", l."JA", l."ZH"
FROM "LocalizationResources" AS l
2025-10-30 16:39:55.699 +09:00 [INF] Writing value of type 'Dictionary`2' as Json.
2025-10-30 16:39:55.700 +09:00 [INF] Executed endpoint 'HTTP: GET /api/i18n/{lang}'
2025-10-30 16:39:55.702 +09:00 [INF] Request finished HTTP/1.1 GET http://192.168.20.218:5200/api/i18n/ja - 200 null application/json; charset=utf-8 20.68ms
2025-10-30 16:39:55.716 +09:00 [INF] Request starting HTTP/1.1 GET http://192.168.20.218:5200/api/customers/2 - null null
2025-10-30 16:39:55.721 +09:00 [INF] Executing endpoint 'HTTP: GET /api/customers/{id:int}'
2025-10-30 16:39:55.726 +09:00 [INF] Executed DbCommand (2ms) [Parameters=[@__id_0='?' (DbType = Int32)], CommandType='"Text"', CommandTimeout='30']
SELECT EXISTS (
    SELECT 1
    FROM "CustomerAccesses" AS c
    WHERE c."CustomerId" = @__id_0)
2025-10-30 16:39:55.735 +09:00 [INF] Executed DbCommand (1ms) [Parameters=[@__id_0='?' (DbType = Int32), @__uid_1='?'], CommandType='"Text"', CommandTimeout='30']
SELECT EXISTS (
    SELECT 1
    FROM "CustomerAccesses" AS c
    WHERE c."CustomerId" = @__id_0 AND c."UserId" = @__uid_1)
2025-10-30 16:39:55.742 +09:00 [INF] Executed DbCommand (2ms) [Parameters=[@__id_0='?' (DbType = Int32)], CommandType='"Text"', CommandTimeout='30']
SELECT c."Id", c."Code", c."CreatedAt", c."CreatedBy", c."ExtData", c."Name", c."UpdatedAt", c."UpdatedBy", c."Version"
FROM "Customers" AS c
WHERE c."Id" = @__id_0
LIMIT 1
2025-10-30 16:39:55.749 +09:00 [INF] Executed DbCommand (1ms) [Parameters=[], CommandType='"Text"', CommandTimeout='30']
SELECT f."Id", f."Actions", f."CreatedAt", f."CreatedBy", f."DataType", f."DefaultValue", f."DisplayName", f."Key", f."Required", f."Tags", f."UpdatedAt", f."UpdatedBy", f."Validation"
FROM "FieldDefinitions" AS f
2025-10-30 16:39:55.754 +09:00 [INF] Executed DbCommand (2ms) [Parameters=[@__id_0='?' (DbType = Int32)], CommandType='"Text"', CommandTimeout='30']
SELECT f."Id", f."CreatedAt", f."CreatedBy", f."CustomerId", f."FieldDefinitionId", f."UpdatedAt", f."UpdatedBy", f."Value", f."Version"
FROM "FieldValues" AS f
WHERE f."CustomerId" = @__id_0
ORDER BY f."Version" DESC
2025-10-30 16:39:55.762 +09:00 [INF] Executed DbCommand (2ms) [Parameters=[@__id_0='?' (DbType = Int32), @__lang_1='?'], CommandType='"Text"', CommandTimeout='30']
SELECT c."CustomerId", c."Language", c."Name"
FROM "CustomerLocalizations" AS c
WHERE c."CustomerId" = @__id_0 AND c."Language" = @__lang_1
LIMIT 1
2025-10-30 16:39:55.766 +09:00 [INF] Executed DbCommand (1ms) [Parameters=[], CommandType='"Text"', CommandTimeout='30']
SELECT l."Key", l."EN", l."JA", l."ZH"
FROM "LocalizationResources" AS l
2025-10-30 16:39:55.769 +09:00 [INF] Writing value of type '<>f__AnonymousType2`5' as Json.
2025-10-30 16:39:55.771 +09:00 [INF] Executed endpoint 'HTTP: GET /api/customers/{id:int}'
2025-10-30 16:39:55.776 +09:00 [INF] Request finished HTTP/1.1 GET http://192.168.20.218:5200/api/customers/2 - 200 null application/json; charset=utf-8 60.2883ms
2025-10-30 16:39:57.068 +09:00 [INF] Request starting HTTP/1.1 GET http://192.168.20.218:5200/api/i18n/ja - null null
2025-10-30 16:39:57.074 +09:00 [INF] Executing endpoint 'HTTP: GET /api/i18n/{lang}'
2025-10-30 16:39:57.079 +09:00 [INF] Executed DbCommand (1ms) [Parameters=[], CommandType='"Text"', CommandTimeout='30']
SELECT l."Key", l."EN", l."JA", l."ZH"
FROM "LocalizationResources" AS l
2025-10-30 16:39:57.083 +09:00 [INF] Writing value of type 'Dictionary`2' as Json.
2025-10-30 16:39:57.085 +09:00 [INF] Executed endpoint 'HTTP: GET /api/i18n/{lang}'
2025-10-30 16:39:57.088 +09:00 [INF] Request finished HTTP/1.1 GET http://192.168.20.218:5200/api/i18n/ja - 200 null application/json; charset=utf-8 20.1397ms
2025-10-30 16:39:57.096 +09:00 [INF] Request starting HTTP/1.1 GET http://192.168.20.218:5200/api/customers/2 - null null
2025-10-30 16:39:57.100 +09:00 [INF] Executing endpoint 'HTTP: GET /api/customers/{id:int}'
2025-10-30 16:39:57.104 +09:00 [INF] Executed DbCommand (1ms) [Parameters=[@__id_0='?' (DbType = Int32)], CommandType='"Text"', CommandTimeout='30']
SELECT EXISTS (
    SELECT 1
    FROM "CustomerAccesses" AS c
    WHERE c."CustomerId" = @__id_0)
2025-10-30 16:39:57.107 +09:00 [INF] Executed DbCommand (1ms) [Parameters=[@__id_0='?' (DbType = Int32), @__uid_1='?'], CommandType='"Text"', CommandTimeout='30']
SELECT EXISTS (
    SELECT 1
    FROM "CustomerAccesses" AS c
    WHERE c."CustomerId" = @__id_0 AND c."UserId" = @__uid_1)
2025-10-30 16:39:57.115 +09:00 [INF] Executed DbCommand (1ms) [Parameters=[@__id_0='?' (DbType = Int32)], CommandType='"Text"', CommandTimeout='30']
SELECT c."Id", c."Code", c."CreatedAt", c."CreatedBy", c."ExtData", c."Name", c."UpdatedAt", c."UpdatedBy", c."Version"
FROM "Customers" AS c
WHERE c."Id" = @__id_0
LIMIT 1
2025-10-30 16:39:57.118 +09:00 [INF] Executed DbCommand (1ms) [Parameters=[], CommandType='"Text"', CommandTimeout='30']
SELECT f."Id", f."Actions", f."CreatedAt", f."CreatedBy", f."DataType", f."DefaultValue", f."DisplayName", f."Key", f."Required", f."Tags", f."UpdatedAt", f."UpdatedBy", f."Validation"
FROM "FieldDefinitions" AS f
2025-10-30 16:39:57.122 +09:00 [INF] Executed DbCommand (2ms) [Parameters=[@__id_0='?' (DbType = Int32)], CommandType='"Text"', CommandTimeout='30']
SELECT f."Id", f."CreatedAt", f."CreatedBy", f."CustomerId", f."FieldDefinitionId", f."UpdatedAt", f."UpdatedBy", f."Value", f."Version"
FROM "FieldValues" AS f
WHERE f."CustomerId" = @__id_0
ORDER BY f."Version" DESC
2025-10-30 16:39:57.128 +09:00 [INF] Executed DbCommand (1ms) [Parameters=[@__id_0='?' (DbType = Int32), @__lang_1='?'], CommandType='"Text"', CommandTimeout='30']
SELECT c."CustomerId", c."Language", c."Name"
FROM "CustomerLocalizations" AS c
WHERE c."CustomerId" = @__id_0 AND c."Language" = @__lang_1
LIMIT 1
2025-10-30 16:39:57.130 +09:00 [INF] Executed DbCommand (1ms) [Parameters=[], CommandType='"Text"', CommandTimeout='30']
SELECT l."Key", l."EN", l."JA", l."ZH"
FROM "LocalizationResources" AS l
2025-10-30 16:39:57.132 +09:00 [INF] Writing value of type '<>f__AnonymousType2`5' as Json.
2025-10-30 16:39:57.132 +09:00 [INF] Executed endpoint 'HTTP: GET /api/customers/{id:int}'
2025-10-30 16:39:57.134 +09:00 [INF] Request finished HTTP/1.1 GET http://192.168.20.218:5200/api/customers/2 - 200 null application/json; charset=utf-8 37.58ms
2025-10-30 16:39:58.439 +09:00 [INF] Request starting HTTP/1.1 GET http://192.168.20.218:5200/api/i18n/ja - null null
2025-10-30 16:39:58.444 +09:00 [INF] Executing endpoint 'HTTP: GET /api/i18n/{lang}'
2025-10-30 16:39:58.449 +09:00 [INF] Executed DbCommand (2ms) [Parameters=[], CommandType='"Text"', CommandTimeout='30']
SELECT l."Key", l."EN", l."JA", l."ZH"
FROM "LocalizationResources" AS l
2025-10-30 16:39:58.452 +09:00 [INF] Writing value of type 'Dictionary`2' as Json.
2025-10-30 16:39:58.453 +09:00 [INF] Executed endpoint 'HTTP: GET /api/i18n/{lang}'
2025-10-30 16:39:58.458 +09:00 [INF] Request finished HTTP/1.1 GET http://192.168.20.218:5200/api/i18n/ja - 200 null application/json; charset=utf-8 18.667ms
2025-10-30 16:39:58.465 +09:00 [INF] Request starting HTTP/1.1 GET http://192.168.20.218:5200/api/setup/admin - null null
2025-10-30 16:39:58.468 +09:00 [INF] Executing endpoint 'HTTP: GET /api/setup/admin'
2025-10-30 16:39:58.475 +09:00 [INF] Executed DbCommand (1ms) [Parameters=[@__normalizedName_0='?'], CommandType='"Text"', CommandTimeout='30']
SELECT a."Id", a."ConcurrencyStamp", a."Name", a."NormalizedName"
FROM "AspNetRoles" AS a
WHERE a."NormalizedName" = @__normalizedName_0
LIMIT 1
2025-10-30 16:39:58.479 +09:00 [INF] Executed DbCommand (1ms) [Parameters=[@__normalizedRoleName_0='?'], CommandType='"Text"', CommandTimeout='30']
SELECT a."Id", a."ConcurrencyStamp", a."Name", a."NormalizedName"
FROM "AspNetRoles" AS a
WHERE a."NormalizedName" = @__normalizedRoleName_0
LIMIT 2
2025-10-30 16:39:58.483 +09:00 [INF] Executed DbCommand (2ms) [Parameters=[@__role_Id_0='?'], CommandType='"Text"', CommandTimeout='30']
SELECT a0."Id", a0."AccessFailedCount", a0."ConcurrencyStamp", a0."Email", a0."EmailConfirmed", a0."LockoutEnabled", a0."LockoutEnd", a0."NormalizedEmail", a0."NormalizedUserName", a0."PasswordHash", a0."PhoneNumber", a0."PhoneNumberConfirmed", a0."SecurityStamp", a0."TwoFactorEnabled", a0."UserName"
FROM "AspNetUserRoles" AS a
INNER JOIN "AspNetUsers" AS a0 ON a."UserId" = a0."Id"
WHERE a."RoleId" = @__role_Id_0
2025-10-30 16:39:58.484 +09:00 [INF] Setting HTTP status code 200.
2025-10-30 16:39:58.490 +09:00 [INF] Writing value of type '<>f__AnonymousType32`3' as Json.
2025-10-30 16:39:58.492 +09:00 [INF] Executed endpoint 'HTTP: GET /api/setup/admin'
2025-10-30 16:39:58.495 +09:00 [INF] Request finished HTTP/1.1 GET http://192.168.20.218:5200/api/setup/admin - 200 null application/json; charset=utf-8 29.9978ms
2025-10-30 16:40:02.463 +09:00 [INF] Request starting HTTP/1.1 POST http://192.168.20.218:5200/api/auth/login - application/json; charset=utf-8 null
2025-10-30 16:40:02.466 +09:00 [INF] Executing endpoint 'HTTP: POST /api/auth/login'
2025-10-30 16:40:02.484 +09:00 [INF] [Auth] Login attempt, usernameOrEmail=admin, remote=192.168.20.218
2025-10-30 16:40:02.490 +09:00 [INF] Executed DbCommand (2ms) [Parameters=[@__normalizedUserName_0='?'], CommandType='"Text"', CommandTimeout='30']
SELECT a."Id", a."AccessFailedCount", a."ConcurrencyStamp", a."Email", a."EmailConfirmed", a."LockoutEnabled", a."LockoutEnd", a."NormalizedEmail", a."NormalizedUserName", a."PasswordHash", a."PhoneNumber", a."PhoneNumberConfirmed", a."SecurityStamp", a."TwoFactorEnabled", a."UserName"
FROM "AspNetUsers" AS a
WHERE a."NormalizedUserName" = @__normalizedUserName_0
LIMIT 1
2025-10-30 16:40:02.627 +09:00 [INF] Executed DbCommand (7ms) [Parameters=[@p0='?' (DbType = DateTime), @p1='?' (DbType = DateTime), @p2='?' (DbType = DateTime), @p3='?', @p4='?'], CommandType='"Text"', CommandTimeout='30']
INSERT INTO "RefreshTokens" ("CreatedAt", "ExpiresAt", "RevokedAt", "Token", "UserId")
VALUES (@p0, @p1, @p2, @p3, @p4)
RETURNING "Id";
2025-10-30 16:40:02.639 +09:00 [INF] [Auth] Login success for user admin
2025-10-30 16:40:02.645 +09:00 [INF] Writing value of type '<>f__AnonymousType12`3' as Json.
2025-10-30 16:40:02.647 +09:00 [INF] Executed endpoint 'HTTP: POST /api/auth/login'
2025-10-30 16:40:02.648 +09:00 [INF] Request finished HTTP/1.1 POST http://192.168.20.218:5200/api/auth/login - 200 null application/json; charset=utf-8 185.3892ms
2025-10-30 16:40:02.937 +09:00 [INF] Request starting HTTP/1.1 GET http://192.168.20.218:5200/api/i18n/ja - null null
2025-10-30 16:40:02.942 +09:00 [INF] Executing endpoint 'HTTP: GET /api/i18n/{lang}'
2025-10-30 16:40:02.946 +09:00 [INF] Executed DbCommand (2ms) [Parameters=[], CommandType='"Text"', CommandTimeout='30']
SELECT l."Key", l."EN", l."JA", l."ZH"
FROM "LocalizationResources" AS l
2025-10-30 16:40:02.953 +09:00 [INF] Writing value of type 'Dictionary`2' as Json.
2025-10-30 16:40:02.955 +09:00 [INF] Executed endpoint 'HTTP: GET /api/i18n/{lang}'
2025-10-30 16:40:02.958 +09:00 [INF] Request finished HTTP/1.1 GET http://192.168.20.218:5200/api/i18n/ja - 200 null application/json; charset=utf-8 21.2224ms
2025-10-30 16:40:02.968 +09:00 [INF] Request starting HTTP/1.1 GET http://192.168.20.218:5200/api/customers - null null
2025-10-30 16:40:02.974 +09:00 [INF] Executing endpoint 'HTTP: GET /api/customers'
2025-10-30 16:40:02.979 +09:00 [INF] Executed DbCommand (2ms) [Parameters=[@__uid_0='?'], CommandType='"Text"', CommandTimeout='30']
SELECT c."CustomerId"
FROM "CustomerAccesses" AS c
WHERE c."UserId" = @__uid_0
2025-10-30 16:40:02.988 +09:00 [INF] Executed DbCommand (2ms) [Parameters=[@__accessIds_0='?' (DbType = Object)], CommandType='"Text"', CommandTimeout='30']
SELECT c."Id", c."Code", c."CreatedAt", c."CreatedBy", c."ExtData", c."Name", c."UpdatedAt", c."UpdatedBy", c."Version"
FROM "Customers" AS c
WHERE c."Id" = ANY (@__accessIds_0)
2025-10-30 16:40:02.994 +09:00 [INF] Executed DbCommand (2ms) [Parameters=[@__lang_0='?'], CommandType='"Text"', CommandTimeout='30']
SELECT c."CustomerId", c."Language", c."Name"
FROM "CustomerLocalizations" AS c
WHERE c."Language" = @__lang_0
2025-10-30 16:40:02.999 +09:00 [INF] Writing value of type 'List`1' as Json.
2025-10-30 16:40:03.001 +09:00 [INF] Executed endpoint 'HTTP: GET /api/customers'
2025-10-30 16:40:03.004 +09:00 [INF] Request finished HTTP/1.1 GET http://192.168.20.218:5200/api/customers - 200 null application/json; charset=utf-8 35.541ms
2025-10-30 16:40:03.286 +09:00 [INF] Request starting HTTP/1.1 GET http://192.168.20.218:5200/api/i18n/ja - null null
2025-10-30 16:40:03.291 +09:00 [INF] Executing endpoint 'HTTP: GET /api/i18n/{lang}'
2025-10-30 16:40:03.295 +09:00 [INF] Executed DbCommand (2ms) [Parameters=[], CommandType='"Text"', CommandTimeout='30']
SELECT l."Key", l."EN", l."JA", l."ZH"
FROM "LocalizationResources" AS l
2025-10-30 16:40:03.299 +09:00 [INF] Writing value of type 'Dictionary`2' as Json.
2025-10-30 16:40:03.301 +09:00 [INF] Executed endpoint 'HTTP: GET /api/i18n/{lang}'
2025-10-30 16:40:03.303 +09:00 [INF] Request finished HTTP/1.1 GET http://192.168.20.218:5200/api/i18n/ja - 200 null application/json; charset=utf-8 16.9467ms
2025-10-30 16:40:03.313 +09:00 [INF] Request starting HTTP/1.1 GET http://192.168.20.218:5200/api/customers/2 - null null
2025-10-30 16:40:03.316 +09:00 [INF] Executing endpoint 'HTTP: GET /api/customers/{id:int}'
2025-10-30 16:40:03.320 +09:00 [INF] Executed DbCommand (1ms) [Parameters=[@__id_0='?' (DbType = Int32)], CommandType='"Text"', CommandTimeout='30']
SELECT EXISTS (
    SELECT 1
    FROM "CustomerAccesses" AS c
    WHERE c."CustomerId" = @__id_0)
2025-10-30 16:40:03.326 +09:00 [INF] Executed DbCommand (1ms) [Parameters=[@__id_0='?' (DbType = Int32), @__uid_1='?'], CommandType='"Text"', CommandTimeout='30']
SELECT EXISTS (
    SELECT 1
    FROM "CustomerAccesses" AS c
    WHERE c."CustomerId" = @__id_0 AND c."UserId" = @__uid_1)
2025-10-30 16:40:03.330 +09:00 [INF] Executed DbCommand (2ms) [Parameters=[@__id_0='?' (DbType = Int32)], CommandType='"Text"', CommandTimeout='30']
SELECT c."Id", c."Code", c."CreatedAt", c."CreatedBy", c."ExtData", c."Name", c."UpdatedAt", c."UpdatedBy", c."Version"
FROM "Customers" AS c
WHERE c."Id" = @__id_0
LIMIT 1
2025-10-30 16:40:03.337 +09:00 [INF] Executed DbCommand (1ms) [Parameters=[], CommandType='"Text"', CommandTimeout='30']
SELECT f."Id", f."Actions", f."CreatedAt", f."CreatedBy", f."DataType", f."DefaultValue", f."DisplayName", f."Key", f."Required", f."Tags", f."UpdatedAt", f."UpdatedBy", f."Validation"
FROM "FieldDefinitions" AS f
2025-10-30 16:40:03.341 +09:00 [INF] Executed DbCommand (2ms) [Parameters=[@__id_0='?' (DbType = Int32)], CommandType='"Text"', CommandTimeout='30']
SELECT f."Id", f."CreatedAt", f."CreatedBy", f."CustomerId", f."FieldDefinitionId", f."UpdatedAt", f."UpdatedBy", f."Value", f."Version"
FROM "FieldValues" AS f
WHERE f."CustomerId" = @__id_0
ORDER BY f."Version" DESC
2025-10-30 16:40:03.346 +09:00 [INF] Executed DbCommand (1ms) [Parameters=[@__id_0='?' (DbType = Int32), @__lang_1='?'], CommandType='"Text"', CommandTimeout='30']
SELECT c."CustomerId", c."Language", c."Name"
FROM "CustomerLocalizations" AS c
WHERE c."CustomerId" = @__id_0 AND c."Language" = @__lang_1
LIMIT 1
2025-10-30 16:40:03.350 +09:00 [INF] Executed DbCommand (2ms) [Parameters=[], CommandType='"Text"', CommandTimeout='30']
SELECT l."Key", l."EN", l."JA", l."ZH"
FROM "LocalizationResources" AS l
2025-10-30 16:40:03.356 +09:00 [INF] Writing value of type '<>f__AnonymousType2`5' as Json.
2025-10-30 16:40:03.357 +09:00 [INF] Executed endpoint 'HTTP: GET /api/customers/{id:int}'
2025-10-30 16:40:03.359 +09:00 [INF] Request finished HTTP/1.1 GET http://192.168.20.218:5200/api/customers/2 - 200 null application/json; charset=utf-8 46.5288ms
2025-10-30 16:41:54.636 +09:00 [INF] Application is shutting down...
