2025-10-31 10:37:03.659 +09:00 [INF] ============================================
2025-10-31 10:37:03.676 +09:00 [INF] Application starting at "2025-10-31T10:37:03.6732315+09:00", log file: C:\workspace\bobcrm\src\BobCrm.Api\..\..\logs\api_20251031_103703.log
2025-10-31 10:37:03.681 +09:00 [INF] ============================================
2025-10-31 10:37:04.446 +09:00 [INF] Executed DbCommand (34ms) [Parameters=[], CommandType='"Text"', CommandTimeout='30']
SELECT CASE WHEN COUNT(*) = 0 THEN FALSE ELSE TRUE END
FROM pg_class AS cls
JOIN pg_namespace AS ns ON ns.oid = cls.relnamespace
WHERE
        cls.relkind IN ('r', 'v', 'm', 'f', 'p') AND
        ns.nspname NOT IN ('pg_catalog', 'information_schema') AND
        -- Exclude tables which are members of PG extensions
        NOT EXISTS (
            SELECT 1 FROM pg_depend WHERE
                classid=(
                    SELECT cls.oid
                    FROM pg_class AS cls
                             JOIN pg_namespace AS ns ON ns.oid = cls.relnamespace
                    WHERE relname='pg_class' AND ns.nspname='pg_catalog'
                ) AND
                objid=cls.oid AND
                deptype IN ('e', 'x')
        )
2025-10-31 10:37:04.590 +09:00 [INF] Executed DbCommand (5ms) [Parameters=[], CommandType='"Text"', CommandTimeout='30']
SELECT count(*)::int
FROM "Customers" AS c
2025-10-31 10:37:04.606 +09:00 [INF] Executed DbCommand (6ms) [Parameters=[], CommandType='"Text"', CommandTimeout='30']
CREATE TABLE IF NOT EXISTS "LocalizationLanguages" ("Id" SERIAL PRIMARY KEY, "Code" text NOT NULL, "NativeName" text NOT NULL);
2025-10-31 10:37:04.623 +09:00 [INF] Executed DbCommand (2ms) [Parameters=[], CommandType='"Text"', CommandTimeout='30']
SELECT EXISTS (
    SELECT 1
    FROM "Customers" AS c)
2025-10-31 10:37:04.630 +09:00 [INF] Executed DbCommand (1ms) [Parameters=[], CommandType='"Text"', CommandTimeout='30']
SELECT EXISTS (
    SELECT 1
    FROM "FieldDefinitions" AS f)
2025-10-31 10:37:04.635 +09:00 [INF] Executed DbCommand (1ms) [Parameters=[], CommandType='"Text"', CommandTimeout='30']
SELECT EXISTS (
    SELECT 1
    FROM "LocalizationLanguages" AS l)
2025-10-31 10:37:04.639 +09:00 [INF] Executed DbCommand (2ms) [Parameters=[], CommandType='"Text"', CommandTimeout='30']
SELECT EXISTS (
    SELECT 1
    FROM "LocalizationResources" AS l)
2025-10-31 10:37:04.674 +09:00 [INF] Executed DbCommand (7ms) [Parameters=[@__key_0='?'], CommandType='"Text"', CommandTimeout='30']
SELECT EXISTS (
    SELECT 1
    FROM "LocalizationResources" AS l
    WHERE l."Key" = @__key_0)
2025-10-31 10:37:04.679 +09:00 [INF] Executed DbCommand (1ms) [Parameters=[@__key_0='?'], CommandType='"Text"', CommandTimeout='30']
SELECT EXISTS (
    SELECT 1
    FROM "LocalizationResources" AS l
    WHERE l."Key" = @__key_0)
2025-10-31 10:37:04.681 +09:00 [INF] Executed DbCommand (1ms) [Parameters=[@__key_0='?'], CommandType='"Text"', CommandTimeout='30']
SELECT EXISTS (
    SELECT 1
    FROM "LocalizationResources" AS l
    WHERE l."Key" = @__key_0)
2025-10-31 10:37:04.683 +09:00 [INF] Executed DbCommand (1ms) [Parameters=[@__key_0='?'], CommandType='"Text"', CommandTimeout='30']
SELECT EXISTS (
    SELECT 1
    FROM "LocalizationResources" AS l
    WHERE l."Key" = @__key_0)
2025-10-31 10:37:04.684 +09:00 [INF] Executed DbCommand (1ms) [Parameters=[@__key_0='?'], CommandType='"Text"', CommandTimeout='30']
SELECT EXISTS (
    SELECT 1
    FROM "LocalizationResources" AS l
    WHERE l."Key" = @__key_0)
2025-10-31 10:37:04.686 +09:00 [INF] Executed DbCommand (1ms) [Parameters=[@__key_0='?'], CommandType='"Text"', CommandTimeout='30']
SELECT EXISTS (
    SELECT 1
    FROM "LocalizationResources" AS l
    WHERE l."Key" = @__key_0)
2025-10-31 10:37:04.688 +09:00 [INF] Executed DbCommand (1ms) [Parameters=[@__key_0='?'], CommandType='"Text"', CommandTimeout='30']
SELECT EXISTS (
    SELECT 1
    FROM "LocalizationResources" AS l
    WHERE l."Key" = @__key_0)
2025-10-31 10:37:04.690 +09:00 [INF] Executed DbCommand (1ms) [Parameters=[@__key_0='?'], CommandType='"Text"', CommandTimeout='30']
SELECT EXISTS (
    SELECT 1
    FROM "LocalizationResources" AS l
    WHERE l."Key" = @__key_0)
2025-10-31 10:37:04.691 +09:00 [INF] Executed DbCommand (1ms) [Parameters=[@__key_0='?'], CommandType='"Text"', CommandTimeout='30']
SELECT EXISTS (
    SELECT 1
    FROM "LocalizationResources" AS l
    WHERE l."Key" = @__key_0)
2025-10-31 10:37:04.693 +09:00 [INF] Executed DbCommand (1ms) [Parameters=[@__key_0='?'], CommandType='"Text"', CommandTimeout='30']
SELECT EXISTS (
    SELECT 1
    FROM "LocalizationResources" AS l
    WHERE l."Key" = @__key_0)
2025-10-31 10:37:04.695 +09:00 [INF] Executed DbCommand (1ms) [Parameters=[@__key_0='?'], CommandType='"Text"', CommandTimeout='30']
SELECT EXISTS (
    SELECT 1
    FROM "LocalizationResources" AS l
    WHERE l."Key" = @__key_0)
2025-10-31 10:37:04.697 +09:00 [INF] Executed DbCommand (1ms) [Parameters=[@__key_0='?'], CommandType='"Text"', CommandTimeout='30']
SELECT EXISTS (
    SELECT 1
    FROM "LocalizationResources" AS l
    WHERE l."Key" = @__key_0)
2025-10-31 10:37:04.698 +09:00 [INF] Executed DbCommand (1ms) [Parameters=[@__key_0='?'], CommandType='"Text"', CommandTimeout='30']
SELECT EXISTS (
    SELECT 1
    FROM "LocalizationResources" AS l
    WHERE l."Key" = @__key_0)
2025-10-31 10:37:04.700 +09:00 [INF] Executed DbCommand (1ms) [Parameters=[@__key_0='?'], CommandType='"Text"', CommandTimeout='30']
SELECT EXISTS (
    SELECT 1
    FROM "LocalizationResources" AS l
    WHERE l."Key" = @__key_0)
2025-10-31 10:37:04.702 +09:00 [INF] Executed DbCommand (1ms) [Parameters=[@__key_0='?'], CommandType='"Text"', CommandTimeout='30']
SELECT EXISTS (
    SELECT 1
    FROM "LocalizationResources" AS l
    WHERE l."Key" = @__key_0)
2025-10-31 10:37:04.705 +09:00 [INF] Executed DbCommand (1ms) [Parameters=[@__key_0='?'], CommandType='"Text"', CommandTimeout='30']
SELECT EXISTS (
    SELECT 1
    FROM "LocalizationResources" AS l
    WHERE l."Key" = @__key_0)
2025-10-31 10:37:04.709 +09:00 [INF] Executed DbCommand (2ms) [Parameters=[@__key_0='?'], CommandType='"Text"', CommandTimeout='30']
SELECT EXISTS (
    SELECT 1
    FROM "LocalizationResources" AS l
    WHERE l."Key" = @__key_0)
2025-10-31 10:37:04.711 +09:00 [INF] Executed DbCommand (1ms) [Parameters=[@__key_0='?'], CommandType='"Text"', CommandTimeout='30']
SELECT EXISTS (
    SELECT 1
    FROM "LocalizationResources" AS l
    WHERE l."Key" = @__key_0)
2025-10-31 10:37:04.713 +09:00 [INF] Executed DbCommand (1ms) [Parameters=[@__key_0='?'], CommandType='"Text"', CommandTimeout='30']
SELECT EXISTS (
    SELECT 1
    FROM "LocalizationResources" AS l
    WHERE l."Key" = @__key_0)
2025-10-31 10:37:04.715 +09:00 [INF] Executed DbCommand (1ms) [Parameters=[@__key_0='?'], CommandType='"Text"', CommandTimeout='30']
SELECT EXISTS (
    SELECT 1
    FROM "LocalizationResources" AS l
    WHERE l."Key" = @__key_0)
2025-10-31 10:37:04.717 +09:00 [INF] Executed DbCommand (1ms) [Parameters=[@__key_0='?'], CommandType='"Text"', CommandTimeout='30']
SELECT EXISTS (
    SELECT 1
    FROM "LocalizationResources" AS l
    WHERE l."Key" = @__key_0)
2025-10-31 10:37:04.719 +09:00 [INF] Executed DbCommand (1ms) [Parameters=[@__key_0='?'], CommandType='"Text"', CommandTimeout='30']
SELECT EXISTS (
    SELECT 1
    FROM "LocalizationResources" AS l
    WHERE l."Key" = @__key_0)
2025-10-31 10:37:04.721 +09:00 [INF] Executed DbCommand (1ms) [Parameters=[@__key_0='?'], CommandType='"Text"', CommandTimeout='30']
SELECT EXISTS (
    SELECT 1
    FROM "LocalizationResources" AS l
    WHERE l."Key" = @__key_0)
2025-10-31 10:37:04.723 +09:00 [INF] Executed DbCommand (1ms) [Parameters=[@__key_0='?'], CommandType='"Text"', CommandTimeout='30']
SELECT EXISTS (
    SELECT 1
    FROM "LocalizationResources" AS l
    WHERE l."Key" = @__key_0)
2025-10-31 10:37:04.724 +09:00 [INF] Executed DbCommand (1ms) [Parameters=[@__key_0='?'], CommandType='"Text"', CommandTimeout='30']
SELECT EXISTS (
    SELECT 1
    FROM "LocalizationResources" AS l
    WHERE l."Key" = @__key_0)
2025-10-31 10:37:04.727 +09:00 [INF] Executed DbCommand (1ms) [Parameters=[@__key_0='?'], CommandType='"Text"', CommandTimeout='30']
SELECT EXISTS (
    SELECT 1
    FROM "LocalizationResources" AS l
    WHERE l."Key" = @__key_0)
2025-10-31 10:37:04.728 +09:00 [INF] Executed DbCommand (1ms) [Parameters=[@__key_0='?'], CommandType='"Text"', CommandTimeout='30']
SELECT EXISTS (
    SELECT 1
    FROM "LocalizationResources" AS l
    WHERE l."Key" = @__key_0)
2025-10-31 10:37:04.730 +09:00 [INF] Executed DbCommand (1ms) [Parameters=[@__key_0='?'], CommandType='"Text"', CommandTimeout='30']
SELECT EXISTS (
    SELECT 1
    FROM "LocalizationResources" AS l
    WHERE l."Key" = @__key_0)
2025-10-31 10:37:04.731 +09:00 [INF] Executed DbCommand (1ms) [Parameters=[@__key_0='?'], CommandType='"Text"', CommandTimeout='30']
SELECT EXISTS (
    SELECT 1
    FROM "LocalizationResources" AS l
    WHERE l."Key" = @__key_0)
2025-10-31 10:37:04.733 +09:00 [INF] Executed DbCommand (1ms) [Parameters=[@__key_0='?'], CommandType='"Text"', CommandTimeout='30']
SELECT EXISTS (
    SELECT 1
    FROM "LocalizationResources" AS l
    WHERE l."Key" = @__key_0)
2025-10-31 10:37:04.735 +09:00 [INF] Executed DbCommand (1ms) [Parameters=[@__key_0='?'], CommandType='"Text"', CommandTimeout='30']
SELECT EXISTS (
    SELECT 1
    FROM "LocalizationResources" AS l
    WHERE l."Key" = @__key_0)
2025-10-31 10:37:04.736 +09:00 [INF] Executed DbCommand (1ms) [Parameters=[@__key_0='?'], CommandType='"Text"', CommandTimeout='30']
SELECT EXISTS (
    SELECT 1
    FROM "LocalizationResources" AS l
    WHERE l."Key" = @__key_0)
2025-10-31 10:37:04.738 +09:00 [INF] Executed DbCommand (1ms) [Parameters=[@__key_0='?'], CommandType='"Text"', CommandTimeout='30']
SELECT EXISTS (
    SELECT 1
    FROM "LocalizationResources" AS l
    WHERE l."Key" = @__key_0)
2025-10-31 10:37:04.740 +09:00 [INF] Executed DbCommand (1ms) [Parameters=[@__key_0='?'], CommandType='"Text"', CommandTimeout='30']
SELECT EXISTS (
    SELECT 1
    FROM "LocalizationResources" AS l
    WHERE l."Key" = @__key_0)
2025-10-31 10:37:04.742 +09:00 [INF] Executed DbCommand (1ms) [Parameters=[@__key_0='?'], CommandType='"Text"', CommandTimeout='30']
SELECT EXISTS (
    SELECT 1
    FROM "LocalizationResources" AS l
    WHERE l."Key" = @__key_0)
2025-10-31 10:37:04.744 +09:00 [INF] Executed DbCommand (1ms) [Parameters=[@__key_0='?'], CommandType='"Text"', CommandTimeout='30']
SELECT EXISTS (
    SELECT 1
    FROM "LocalizationResources" AS l
    WHERE l."Key" = @__key_0)
2025-10-31 10:37:04.746 +09:00 [INF] Executed DbCommand (1ms) [Parameters=[@__key_0='?'], CommandType='"Text"', CommandTimeout='30']
SELECT EXISTS (
    SELECT 1
    FROM "LocalizationResources" AS l
    WHERE l."Key" = @__key_0)
2025-10-31 10:37:04.748 +09:00 [INF] Executed DbCommand (1ms) [Parameters=[@__key_0='?'], CommandType='"Text"', CommandTimeout='30']
SELECT EXISTS (
    SELECT 1
    FROM "LocalizationResources" AS l
    WHERE l."Key" = @__key_0)
2025-10-31 10:37:04.750 +09:00 [INF] Executed DbCommand (1ms) [Parameters=[@__key_0='?'], CommandType='"Text"', CommandTimeout='30']
SELECT EXISTS (
    SELECT 1
    FROM "LocalizationResources" AS l
    WHERE l."Key" = @__key_0)
2025-10-31 10:37:04.752 +09:00 [INF] Executed DbCommand (1ms) [Parameters=[@__key_0='?'], CommandType='"Text"', CommandTimeout='30']
SELECT EXISTS (
    SELECT 1
    FROM "LocalizationResources" AS l
    WHERE l."Key" = @__key_0)
2025-10-31 10:37:04.754 +09:00 [INF] Executed DbCommand (1ms) [Parameters=[@__key_0='?'], CommandType='"Text"', CommandTimeout='30']
SELECT EXISTS (
    SELECT 1
    FROM "LocalizationResources" AS l
    WHERE l."Key" = @__key_0)
2025-10-31 10:37:04.756 +09:00 [INF] Executed DbCommand (1ms) [Parameters=[@__key_0='?'], CommandType='"Text"', CommandTimeout='30']
SELECT EXISTS (
    SELECT 1
    FROM "LocalizationResources" AS l
    WHERE l."Key" = @__key_0)
2025-10-31 10:37:04.759 +09:00 [INF] Executed DbCommand (1ms) [Parameters=[@__key_0='?'], CommandType='"Text"', CommandTimeout='30']
SELECT EXISTS (
    SELECT 1
    FROM "LocalizationResources" AS l
    WHERE l."Key" = @__key_0)
2025-10-31 10:37:04.761 +09:00 [INF] Executed DbCommand (1ms) [Parameters=[@__key_0='?'], CommandType='"Text"', CommandTimeout='30']
SELECT EXISTS (
    SELECT 1
    FROM "LocalizationResources" AS l
    WHERE l."Key" = @__key_0)
2025-10-31 10:37:04.762 +09:00 [INF] Executed DbCommand (1ms) [Parameters=[@__key_0='?'], CommandType='"Text"', CommandTimeout='30']
SELECT EXISTS (
    SELECT 1
    FROM "LocalizationResources" AS l
    WHERE l."Key" = @__key_0)
2025-10-31 10:37:04.765 +09:00 [INF] Executed DbCommand (1ms) [Parameters=[@__key_0='?'], CommandType='"Text"', CommandTimeout='30']
SELECT EXISTS (
    SELECT 1
    FROM "LocalizationResources" AS l
    WHERE l."Key" = @__key_0)
2025-10-31 10:37:04.767 +09:00 [INF] Executed DbCommand (1ms) [Parameters=[@__key_0='?'], CommandType='"Text"', CommandTimeout='30']
SELECT EXISTS (
    SELECT 1
    FROM "LocalizationResources" AS l
    WHERE l."Key" = @__key_0)
2025-10-31 10:37:04.769 +09:00 [INF] Executed DbCommand (1ms) [Parameters=[@__key_0='?'], CommandType='"Text"', CommandTimeout='30']
SELECT EXISTS (
    SELECT 1
    FROM "LocalizationResources" AS l
    WHERE l."Key" = @__key_0)
2025-10-31 10:37:04.771 +09:00 [INF] Executed DbCommand (1ms) [Parameters=[@__key_0='?'], CommandType='"Text"', CommandTimeout='30']
SELECT EXISTS (
    SELECT 1
    FROM "LocalizationResources" AS l
    WHERE l."Key" = @__key_0)
2025-10-31 10:37:04.773 +09:00 [INF] Executed DbCommand (1ms) [Parameters=[@__key_0='?'], CommandType='"Text"', CommandTimeout='30']
SELECT EXISTS (
    SELECT 1
    FROM "LocalizationResources" AS l
    WHERE l."Key" = @__key_0)
2025-10-31 10:37:04.775 +09:00 [INF] Executed DbCommand (1ms) [Parameters=[@__key_0='?'], CommandType='"Text"', CommandTimeout='30']
SELECT EXISTS (
    SELECT 1
    FROM "LocalizationResources" AS l
    WHERE l."Key" = @__key_0)
2025-10-31 10:37:04.777 +09:00 [INF] Executed DbCommand (1ms) [Parameters=[@__key_0='?'], CommandType='"Text"', CommandTimeout='30']
SELECT EXISTS (
    SELECT 1
    FROM "LocalizationResources" AS l
    WHERE l."Key" = @__key_0)
2025-10-31 10:37:04.779 +09:00 [INF] Executed DbCommand (1ms) [Parameters=[@__key_0='?'], CommandType='"Text"', CommandTimeout='30']
SELECT EXISTS (
    SELECT 1
    FROM "LocalizationResources" AS l
    WHERE l."Key" = @__key_0)
2025-10-31 10:37:04.780 +09:00 [INF] Executed DbCommand (1ms) [Parameters=[@__key_0='?'], CommandType='"Text"', CommandTimeout='30']
SELECT EXISTS (
    SELECT 1
    FROM "LocalizationResources" AS l
    WHERE l."Key" = @__key_0)
2025-10-31 10:37:04.783 +09:00 [INF] Executed DbCommand (1ms) [Parameters=[@__key_0='?'], CommandType='"Text"', CommandTimeout='30']
SELECT EXISTS (
    SELECT 1
    FROM "LocalizationResources" AS l
    WHERE l."Key" = @__key_0)
2025-10-31 10:37:04.784 +09:00 [INF] Executed DbCommand (1ms) [Parameters=[@__key_0='?'], CommandType='"Text"', CommandTimeout='30']
SELECT EXISTS (
    SELECT 1
    FROM "LocalizationResources" AS l
    WHERE l."Key" = @__key_0)
2025-10-31 10:37:04.786 +09:00 [INF] Executed DbCommand (1ms) [Parameters=[@__key_0='?'], CommandType='"Text"', CommandTimeout='30']
SELECT EXISTS (
    SELECT 1
    FROM "LocalizationResources" AS l
    WHERE l."Key" = @__key_0)
2025-10-31 10:37:04.787 +09:00 [INF] Executed DbCommand (1ms) [Parameters=[@__key_0='?'], CommandType='"Text"', CommandTimeout='30']
SELECT EXISTS (
    SELECT 1
    FROM "LocalizationResources" AS l
    WHERE l."Key" = @__key_0)
2025-10-31 10:37:04.789 +09:00 [INF] Executed DbCommand (1ms) [Parameters=[@__key_0='?'], CommandType='"Text"', CommandTimeout='30']
SELECT EXISTS (
    SELECT 1
    FROM "LocalizationResources" AS l
    WHERE l."Key" = @__key_0)
2025-10-31 10:37:04.790 +09:00 [INF] Executed DbCommand (1ms) [Parameters=[@__key_0='?'], CommandType='"Text"', CommandTimeout='30']
SELECT EXISTS (
    SELECT 1
    FROM "LocalizationResources" AS l
    WHERE l."Key" = @__key_0)
2025-10-31 10:37:04.792 +09:00 [INF] Executed DbCommand (1ms) [Parameters=[@__key_0='?'], CommandType='"Text"', CommandTimeout='30']
SELECT EXISTS (
    SELECT 1
    FROM "LocalizationResources" AS l
    WHERE l."Key" = @__key_0)
2025-10-31 10:37:04.794 +09:00 [INF] Executed DbCommand (1ms) [Parameters=[@__key_0='?'], CommandType='"Text"', CommandTimeout='30']
SELECT EXISTS (
    SELECT 1
    FROM "LocalizationResources" AS l
    WHERE l."Key" = @__key_0)
2025-10-31 10:37:04.795 +09:00 [INF] Executed DbCommand (1ms) [Parameters=[@__key_0='?'], CommandType='"Text"', CommandTimeout='30']
SELECT EXISTS (
    SELECT 1
    FROM "LocalizationResources" AS l
    WHERE l."Key" = @__key_0)
2025-10-31 10:37:04.796 +09:00 [INF] Executed DbCommand (1ms) [Parameters=[@__key_0='?'], CommandType='"Text"', CommandTimeout='30']
SELECT EXISTS (
    SELECT 1
    FROM "LocalizationResources" AS l
    WHERE l."Key" = @__key_0)
2025-10-31 10:37:04.799 +09:00 [INF] Executed DbCommand (1ms) [Parameters=[@__key_0='?'], CommandType='"Text"', CommandTimeout='30']
SELECT EXISTS (
    SELECT 1
    FROM "LocalizationResources" AS l
    WHERE l."Key" = @__key_0)
2025-10-31 10:37:04.811 +09:00 [INF] Executed DbCommand (1ms) [Parameters=[@__key_0='?'], CommandType='"Text"', CommandTimeout='30']
SELECT EXISTS (
    SELECT 1
    FROM "LocalizationResources" AS l
    WHERE l."Key" = @__key_0)
2025-10-31 10:37:04.814 +09:00 [INF] Executed DbCommand (2ms) [Parameters=[@__key_0='?'], CommandType='"Text"', CommandTimeout='30']
SELECT EXISTS (
    SELECT 1
    FROM "LocalizationResources" AS l
    WHERE l."Key" = @__key_0)
2025-10-31 10:37:04.818 +09:00 [INF] Executed DbCommand (1ms) [Parameters=[@__key_0='?'], CommandType='"Text"', CommandTimeout='30']
SELECT EXISTS (
    SELECT 1
    FROM "LocalizationResources" AS l
    WHERE l."Key" = @__key_0)
2025-10-31 10:37:04.821 +09:00 [INF] Executed DbCommand (1ms) [Parameters=[@__key_0='?'], CommandType='"Text"', CommandTimeout='30']
SELECT EXISTS (
    SELECT 1
    FROM "LocalizationResources" AS l
    WHERE l."Key" = @__key_0)
2025-10-31 10:37:04.833 +09:00 [INF] Executed DbCommand (2ms) [Parameters=[], CommandType='"Text"', CommandTimeout='30']
CREATE INDEX IF NOT EXISTS idx_fieldvalues_value_gin ON "FieldValues" USING GIN ("Value");
2025-10-31 10:37:04.836 +09:00 [INF] Executed DbCommand (1ms) [Parameters=[], CommandType='"Text"', CommandTimeout='30']
CREATE INDEX IF NOT EXISTS idx_fielddefinitions_tags_gin ON "FieldDefinitions" USING GIN ("Tags");
2025-10-31 10:37:04.839 +09:00 [INF] Executed DbCommand (1ms) [Parameters=[], CommandType='"Text"', CommandTimeout='30']
CREATE INDEX IF NOT EXISTS idx_fielddefinitions_actions_gin ON "FieldDefinitions" USING GIN ("Actions");
2025-10-31 10:37:04.842 +09:00 [INF] Executed DbCommand (1ms) [Parameters=[], CommandType='"Text"', CommandTimeout='30']
CREATE INDEX IF NOT EXISTS idx_userlayouts_layoutjson_gin ON "UserLayouts" USING GIN ("LayoutJson");
2025-10-31 10:37:04.843 +09:00 [INF] Executed DbCommand (1ms) [Parameters=[], CommandType='"Text"', CommandTimeout='30']
CREATE INDEX IF NOT EXISTS idx_fieldvalues_customer_field ON "FieldValues" ("CustomerId", "FieldDefinitionId");
2025-10-31 10:37:04.846 +09:00 [INF] Executed DbCommand (1ms) [Parameters=[], CommandType='"Text"', CommandTimeout='30']
SELECT count(*)::int
FROM "Customers" AS c
2025-10-31 10:37:04.847 +09:00 [INF] [TestData] Current customer count: 2
2025-10-31 10:37:04.850 +09:00 [INF] Executed DbCommand (1ms) [Parameters=[], CommandType='"Text"', CommandTimeout='30']
SELECT EXISTS (
    SELECT 1
    FROM "Customers" AS c)
2025-10-31 10:37:04.852 +09:00 [INF] Executed DbCommand (1ms) [Parameters=[], CommandType='"Text"', CommandTimeout='30']
SELECT count(*)::int
FROM "Customers" AS c
2025-10-31 10:37:04.853 +09:00 [INF] [TestData] After seeding, customer count: 2
2025-10-31 10:37:04.898 +09:00 [INF] Executed DbCommand (2ms) [Parameters=[@__normalizedName_0='?'], CommandType='"Text"', CommandTimeout='30']
SELECT a."Id", a."ConcurrencyStamp", a."Name", a."NormalizedName"
FROM "AspNetRoles" AS a
WHERE a."NormalizedName" = @__normalizedName_0
LIMIT 1
2025-10-31 10:37:04.943 +09:00 [INF] Executed DbCommand (3ms) [Parameters=[@__normalizedUserName_0='?'], CommandType='"Text"', CommandTimeout='30']
SELECT a."Id", a."AccessFailedCount", a."ConcurrencyStamp", a."Email", a."EmailConfirmed", a."LockoutEnabled", a."LockoutEnd", a."NormalizedEmail", a."NormalizedUserName", a."PasswordHash", a."PhoneNumber", a."PhoneNumberConfirmed", a."SecurityStamp", a."TwoFactorEnabled", a."UserName"
FROM "AspNetUsers" AS a
WHERE a."NormalizedUserName" = @__normalizedUserName_0
LIMIT 1
2025-10-31 10:37:04.980 +09:00 [INF] Executed DbCommand (1ms) [Parameters=[@__normalizedRoleName_0='?'], CommandType='"Text"', CommandTimeout='30']
SELECT a."Id", a."ConcurrencyStamp", a."Name", a."NormalizedName"
FROM "AspNetRoles" AS a
WHERE a."NormalizedName" = @__normalizedRoleName_0
LIMIT 2
2025-10-31 10:37:04.994 +09:00 [INF] Executed DbCommand (2ms) [Parameters=[@__p_0='?', @__p_1='?'], CommandType='"Text"', CommandTimeout='30']
SELECT a."UserId", a."RoleId"
FROM "AspNetUserRoles" AS a
WHERE a."UserId" = @__p_0 AND a."RoleId" = @__p_1
LIMIT 1
2025-10-31 10:37:05.017 +09:00 [INF] Executed DbCommand (1ms) [Parameters=[], CommandType='"Text"', CommandTimeout='30']
SELECT c."Id"
FROM "Customers" AS c
2025-10-31 10:37:05.023 +09:00 [INF] Executed DbCommand (2ms) [Parameters=[@__cid_0='?' (DbType = Int32), @__8__locals1_admin_Id_1='?'], CommandType='"Text"', CommandTimeout='30']
SELECT EXISTS (
    SELECT 1
    FROM "CustomerAccesses" AS c
    WHERE c."CustomerId" = @__cid_0 AND c."UserId" = @__8__locals1_admin_Id_1)
2025-10-31 10:37:05.025 +09:00 [INF] Executed DbCommand (1ms) [Parameters=[@__cid_0='?' (DbType = Int32), @__8__locals1_admin_Id_1='?'], CommandType='"Text"', CommandTimeout='30']
SELECT EXISTS (
    SELECT 1
    FROM "CustomerAccesses" AS c
    WHERE c."CustomerId" = @__cid_0 AND c."UserId" = @__8__locals1_admin_Id_1)
2025-10-31 10:37:05.074 +09:00 [INF] Executed DbCommand (2ms) [Parameters=[], CommandType='"Text"', CommandTimeout='30']
SELECT d."Id", d."FriendlyName", d."Xml"
FROM "DataProtectionKeys" AS d
2025-10-31 10:37:05.229 +09:00 [INF] Now listening on: http://0.0.0.0:5200
2025-10-31 10:37:05.231 +09:00 [INF] Application started. Press Ctrl+C to shut down.
2025-10-31 10:37:05.232 +09:00 [INF] Hosting environment: Development
2025-10-31 10:37:05.232 +09:00 [INF] Content root path: C:\workspace\bobcrm\src\BobCrm.Api
2025-10-31 10:37:19.771 +09:00 [INF] Request starting HTTP/1.1 GET http://192.168.20.218:5200/api/i18n/ja - null null
2025-10-31 10:37:19.771 +09:00 [INF] Request starting HTTP/1.1 GET http://192.168.20.218:5200/api/user/preferences - null null
2025-10-31 10:37:19.771 +09:00 [INF] Request starting HTTP/1.1 GET http://192.168.20.218:5200/api/i18n/ja - null null
2025-10-31 10:37:19.905 +09:00 [INF] Executing endpoint 'HTTP: GET /api/i18n/{lang}'
2025-10-31 10:37:19.905 +09:00 [INF] Executing endpoint 'HTTP: GET /api/i18n/{lang}'
2025-10-31 10:37:19.978 +09:00 [INF] Executed DbCommand (2ms) [Parameters=[], CommandType='"Text"', CommandTimeout='30']
SELECT l."Key", l."EN", l."JA", l."ZH"
FROM "LocalizationResources" AS l
2025-10-31 10:37:19.986 +09:00 [INF] Writing value of type 'Dictionary`2' as Json.
2025-10-31 10:37:19.993 +09:00 [INF] Executed DbCommand (1ms) [Parameters=[], CommandType='"Text"', CommandTimeout='30']
SELECT l."Key", l."EN", l."JA", l."ZH"
FROM "LocalizationResources" AS l
2025-10-31 10:37:19.994 +09:00 [INF] Writing value of type 'Dictionary`2' as Json.
2025-10-31 10:37:20.005 +09:00 [INF] Executed endpoint 'HTTP: GET /api/i18n/{lang}'
2025-10-31 10:37:20.005 +09:00 [INF] Executed endpoint 'HTTP: GET /api/i18n/{lang}'
2025-10-31 10:37:20.010 +09:00 [INF] Request finished HTTP/1.1 GET http://192.168.20.218:5200/api/i18n/ja - 200 null application/json; charset=utf-8 242.0404ms
2025-10-31 10:37:20.010 +09:00 [INF] Request finished HTTP/1.1 GET http://192.168.20.218:5200/api/i18n/ja - 200 null application/json; charset=utf-8 242.0571ms
2025-10-31 10:37:20.033 +09:00 [INF] Request starting HTTP/1.1 GET http://192.168.20.218:5200/api/customers - null null
2025-10-31 10:37:20.242 +09:00 [INF] Failed to validate the token.
Microsoft.IdentityModel.Tokens.SecurityTokenExpiredException: IDX10223: Lifetime validation failed. The token is expired. ValidTo (UTC): '2025/10/31 1:31:45', Current time (UTC): '2025/10/31 1:37:20'.
   at Microsoft.IdentityModel.Tokens.Validators.ValidateLifetime(Nullable`1 notBefore, Nullable`1 expires, SecurityToken securityToken, TokenValidationParameters validationParameters)
   at Microsoft.IdentityModel.JsonWebTokens.JsonWebTokenHandler.ValidateTokenPayloadAsync(JsonWebToken jsonWebToken, TokenValidationParameters validationParameters, BaseConfiguration configuration)
   at Microsoft.IdentityModel.JsonWebTokens.JsonWebTokenHandler.ValidateJWSAsync(JsonWebToken jsonWebToken, TokenValidationParameters validationParameters, BaseConfiguration configuration)
2025-10-31 10:37:20.266 +09:00 [INF] Bearer was not authenticated. Failure message: IDX10223: Lifetime validation failed. The token is expired. ValidTo (UTC): '2025/10/31 1:31:45', Current time (UTC): '2025/10/31 1:37:20'.
2025-10-31 10:37:20.271 +09:00 [INF] Authorization failed. These requirements were not met:
DenyAnonymousAuthorizationRequirement: Requires an authenticated user.
2025-10-31 10:37:20.275 +09:00 [INF] AuthenticationScheme: Bearer was challenged.
2025-10-31 10:37:20.276 +09:00 [INF] Request finished HTTP/1.1 GET http://192.168.20.218:5200/api/user/preferences - 401 0 null 507.9851ms
2025-10-31 10:37:20.290 +09:00 [INF] Request starting HTTP/1.1 POST http://192.168.20.218:5200/api/auth/refresh - application/json; charset=utf-8 null
2025-10-31 10:37:20.291 +09:00 [INF] Executing endpoint 'HTTP: POST /api/auth/refresh'
2025-10-31 10:37:20.311 +09:00 [INF] Failed to validate the token.
Microsoft.IdentityModel.Tokens.SecurityTokenExpiredException: IDX10223: Lifetime validation failed. The token is expired. ValidTo (UTC): '2025/10/31 1:31:45', Current time (UTC): '2025/10/31 1:37:20'.
   at Microsoft.IdentityModel.Tokens.Validators.ValidateLifetime(Nullable`1 notBefore, Nullable`1 expires, SecurityToken securityToken, TokenValidationParameters validationParameters)
   at Microsoft.IdentityModel.JsonWebTokens.JsonWebTokenHandler.ValidateTokenPayloadAsync(JsonWebToken jsonWebToken, TokenValidationParameters validationParameters, BaseConfiguration configuration)
   at Microsoft.IdentityModel.JsonWebTokens.JsonWebTokenHandler.ValidateJWSAsync(JsonWebToken jsonWebToken, TokenValidationParameters validationParameters, BaseConfiguration configuration)
2025-10-31 10:37:20.312 +09:00 [INF] Bearer was not authenticated. Failure message: IDX10223: Lifetime validation failed. The token is expired. ValidTo (UTC): '2025/10/31 1:31:45', Current time (UTC): '2025/10/31 1:37:20'.
2025-10-31 10:37:20.314 +09:00 [INF] Authorization failed. These requirements were not met:
DenyAnonymousAuthorizationRequirement: Requires an authenticated user.
2025-10-31 10:37:20.315 +09:00 [INF] AuthenticationScheme: Bearer was challenged.
2025-10-31 10:37:20.315 +09:00 [INF] Request finished HTTP/1.1 GET http://192.168.20.218:5200/api/customers - 401 0 null 282.3308ms
2025-10-31 10:37:20.319 +09:00 [INF] Request starting HTTP/1.1 POST http://192.168.20.218:5200/api/auth/refresh - application/json; charset=utf-8 null
2025-10-31 10:37:20.321 +09:00 [INF] Executing endpoint 'HTTP: POST /api/auth/refresh'
2025-10-31 10:37:20.331 +09:00 [INF] Executed DbCommand (2ms) [Parameters=[@__token_0='?'], CommandType='"Text"', CommandTimeout='30']
SELECT r."Id", r."CreatedAt", r."ExpiresAt", r."RevokedAt", r."Token", r."UserId"
FROM "RefreshTokens" AS r
WHERE r."Token" = @__token_0
LIMIT 1
2025-10-31 10:37:20.332 +09:00 [INF] Executed DbCommand (1ms) [Parameters=[@__token_0='?'], CommandType='"Text"', CommandTimeout='30']
SELECT r."Id", r."CreatedAt", r."ExpiresAt", r."RevokedAt", r."Token", r."UserId"
FROM "RefreshTokens" AS r
WHERE r."Token" = @__token_0
LIMIT 1
2025-10-31 10:37:20.366 +09:00 [INF] Executed DbCommand (2ms) [Parameters=[@__p_0='?'], CommandType='"Text"', CommandTimeout='30']
SELECT a."Id", a."AccessFailedCount", a."ConcurrencyStamp", a."Email", a."EmailConfirmed", a."LockoutEnabled", a."LockoutEnd", a."NormalizedEmail", a."NormalizedUserName", a."PasswordHash", a."PhoneNumber", a."PhoneNumberConfirmed", a."SecurityStamp", a."TwoFactorEnabled", a."UserName"
FROM "AspNetUsers" AS a
WHERE a."Id" = @__p_0
LIMIT 1
2025-10-31 10:37:20.366 +09:00 [INF] Executed DbCommand (2ms) [Parameters=[@__p_0='?'], CommandType='"Text"', CommandTimeout='30']
SELECT a."Id", a."AccessFailedCount", a."ConcurrencyStamp", a."Email", a."EmailConfirmed", a."LockoutEnabled", a."LockoutEnd", a."NormalizedEmail", a."NormalizedUserName", a."PasswordHash", a."PhoneNumber", a."PhoneNumberConfirmed", a."SecurityStamp", a."TwoFactorEnabled", a."UserName"
FROM "AspNetUsers" AS a
WHERE a."Id" = @__p_0
LIMIT 1
2025-10-31 10:37:20.370 +09:00 [INF] Executed DbCommand (1ms) [Parameters=[@__token_0='?'], CommandType='"Text"', CommandTimeout='30']
SELECT r."Id", r."CreatedAt", r."ExpiresAt", r."RevokedAt", r."Token", r."UserId"
FROM "RefreshTokens" AS r
WHERE r."Token" = @__token_0
LIMIT 1
2025-10-31 10:37:20.370 +09:00 [INF] Executed DbCommand (1ms) [Parameters=[@__token_0='?'], CommandType='"Text"', CommandTimeout='30']
SELECT r."Id", r."CreatedAt", r."ExpiresAt", r."RevokedAt", r."Token", r."UserId"
FROM "RefreshTokens" AS r
WHERE r."Token" = @__token_0
LIMIT 1
2025-10-31 10:37:20.430 +09:00 [INF] Executed DbCommand (7ms) [Parameters=[@p1='?' (DbType = Int32), @p0='?' (DbType = DateTime)], CommandType='"Text"', CommandTimeout='30']
UPDATE "RefreshTokens" SET "RevokedAt" = @p0
WHERE "Id" = @p1;
2025-10-31 10:37:20.432 +09:00 [INF] Executed DbCommand (9ms) [Parameters=[@p1='?' (DbType = Int32), @p0='?' (DbType = DateTime)], CommandType='"Text"', CommandTimeout='30']
UPDATE "RefreshTokens" SET "RevokedAt" = @p0
WHERE "Id" = @p1;
2025-10-31 10:37:20.489 +09:00 [INF] Executed DbCommand (6ms) [Parameters=[@p0='?' (DbType = DateTime), @p1='?' (DbType = DateTime), @p2='?' (DbType = DateTime), @p3='?', @p4='?'], CommandType='"Text"', CommandTimeout='30']
INSERT INTO "RefreshTokens" ("CreatedAt", "ExpiresAt", "RevokedAt", "Token", "UserId")
VALUES (@p0, @p1, @p2, @p3, @p4)
RETURNING "Id";
2025-10-31 10:37:20.491 +09:00 [INF] Executed DbCommand (8ms) [Parameters=[@p0='?' (DbType = DateTime), @p1='?' (DbType = DateTime), @p2='?' (DbType = DateTime), @p3='?', @p4='?'], CommandType='"Text"', CommandTimeout='30']
INSERT INTO "RefreshTokens" ("CreatedAt", "ExpiresAt", "RevokedAt", "Token", "UserId")
VALUES (@p0, @p1, @p2, @p3, @p4)
RETURNING "Id";
2025-10-31 10:37:20.501 +09:00 [INF] Writing value of type '<>f__AnonymousType14`2' as Json.
2025-10-31 10:37:20.502 +09:00 [INF] Writing value of type '<>f__AnonymousType14`2' as Json.
2025-10-31 10:37:20.505 +09:00 [INF] Executed endpoint 'HTTP: POST /api/auth/refresh'
2025-10-31 10:37:20.505 +09:00 [INF] Executed endpoint 'HTTP: POST /api/auth/refresh'
2025-10-31 10:37:20.507 +09:00 [INF] Request finished HTTP/1.1 POST http://192.168.20.218:5200/api/auth/refresh - 200 null application/json; charset=utf-8 217.6045ms
2025-10-31 10:37:20.507 +09:00 [INF] Request finished HTTP/1.1 POST http://192.168.20.218:5200/api/auth/refresh - 200 null application/json; charset=utf-8 188.0568ms
2025-10-31 10:37:20.521 +09:00 [INF] Request starting HTTP/1.1 GET http://192.168.20.218:5200/api/customers - null null
2025-10-31 10:37:20.521 +09:00 [INF] Request starting HTTP/1.1 GET http://192.168.20.218:5200/api/user/preferences - null null
2025-10-31 10:37:20.534 +09:00 [INF] Executing endpoint 'HTTP: GET /api/user/preferences'
2025-10-31 10:37:20.534 +09:00 [INF] Executing endpoint 'HTTP: GET /api/customers'
2025-10-31 10:37:20.544 +09:00 [INF] Executed DbCommand (2ms) [Parameters=[@__uid_0='?'], CommandType='"Text"', CommandTimeout='30']
SELECT c."CustomerId"
FROM "CustomerAccesses" AS c
WHERE c."UserId" = @__uid_0
2025-10-31 10:37:20.548 +09:00 [ERR] Failed executing DbCommand (4ms) [Parameters=[@__uid_0='?'], CommandType='"Text"', CommandTimeout='30']
SELECT u."Id", u."Language", u."PrimaryColor", u."Theme", u."UpdatedAt", u."UserId"
FROM "UserPreferences" AS u
WHERE u."UserId" = @__uid_0
LIMIT 1
2025-10-31 10:37:20.560 +09:00 [ERR] An exception occurred while iterating over the results of a query for context type 'AppDbContext'.
Npgsql.PostgresException (0x80004005): 42P01: relation "UserPreferences" does not exist

POSITION: 91
   at Npgsql.Internal.NpgsqlConnector.ReadMessageLong(Boolean async, DataRowLoadingMode dataRowLoadingMode, Boolean readingNotifications, Boolean isReadingPrependedMessage)
   at System.Runtime.CompilerServices.PoolingAsyncValueTaskMethodBuilder`1.StateMachineBox`1.System.Threading.Tasks.Sources.IValueTaskSource<TResult>.GetResult(Int16 token)
   at Npgsql.NpgsqlDataReader.NextResult(Boolean async, Boolean isConsuming, CancellationToken cancellationToken)
   at Npgsql.NpgsqlDataReader.NextResult(Boolean async, Boolean isConsuming, CancellationToken cancellationToken)
   at Npgsql.NpgsqlCommand.ExecuteReader(Boolean async, CommandBehavior behavior, CancellationToken cancellationToken)
   at Npgsql.NpgsqlCommand.ExecuteReader(Boolean async, CommandBehavior behavior, CancellationToken cancellationToken)
   at Npgsql.NpgsqlCommand.ExecuteDbDataReaderAsync(CommandBehavior behavior, CancellationToken cancellationToken)
   at Microsoft.EntityFrameworkCore.Storage.RelationalCommand.ExecuteReaderAsync(RelationalCommandParameterObject parameterObject, CancellationToken cancellationToken)
   at Microsoft.EntityFrameworkCore.Storage.RelationalCommand.ExecuteReaderAsync(RelationalCommandParameterObject parameterObject, CancellationToken cancellationToken)
   at Microsoft.EntityFrameworkCore.Query.Internal.SingleQueryingEnumerable`1.AsyncEnumerator.InitializeReaderAsync(AsyncEnumerator enumerator, CancellationToken cancellationToken)
   at Npgsql.EntityFrameworkCore.PostgreSQL.Storage.Internal.NpgsqlExecutionStrategy.ExecuteAsync[TState,TResult](TState state, Func`4 operation, Func`4 verifySucceeded, CancellationToken cancellationToken)
   at Microsoft.EntityFrameworkCore.Query.Internal.SingleQueryingEnumerable`1.AsyncEnumerator.MoveNextAsync()
  Exception data:
    Severity: ERROR
    SqlState: 42P01
    MessageText: relation "UserPreferences" does not exist
    Position: 91
    File: parse_relation.c
    Line: 1449
    Routine: parserOpenTable
Npgsql.PostgresException (0x80004005): 42P01: relation "UserPreferences" does not exist

POSITION: 91
   at Npgsql.Internal.NpgsqlConnector.ReadMessageLong(Boolean async, DataRowLoadingMode dataRowLoadingMode, Boolean readingNotifications, Boolean isReadingPrependedMessage)
   at System.Runtime.CompilerServices.PoolingAsyncValueTaskMethodBuilder`1.StateMachineBox`1.System.Threading.Tasks.Sources.IValueTaskSource<TResult>.GetResult(Int16 token)
   at Npgsql.NpgsqlDataReader.NextResult(Boolean async, Boolean isConsuming, CancellationToken cancellationToken)
   at Npgsql.NpgsqlDataReader.NextResult(Boolean async, Boolean isConsuming, CancellationToken cancellationToken)
   at Npgsql.NpgsqlCommand.ExecuteReader(Boolean async, CommandBehavior behavior, CancellationToken cancellationToken)
   at Npgsql.NpgsqlCommand.ExecuteReader(Boolean async, CommandBehavior behavior, CancellationToken cancellationToken)
   at Npgsql.NpgsqlCommand.ExecuteDbDataReaderAsync(CommandBehavior behavior, CancellationToken cancellationToken)
   at Microsoft.EntityFrameworkCore.Storage.RelationalCommand.ExecuteReaderAsync(RelationalCommandParameterObject parameterObject, CancellationToken cancellationToken)
   at Microsoft.EntityFrameworkCore.Storage.RelationalCommand.ExecuteReaderAsync(RelationalCommandParameterObject parameterObject, CancellationToken cancellationToken)
   at Microsoft.EntityFrameworkCore.Query.Internal.SingleQueryingEnumerable`1.AsyncEnumerator.InitializeReaderAsync(AsyncEnumerator enumerator, CancellationToken cancellationToken)
   at Npgsql.EntityFrameworkCore.PostgreSQL.Storage.Internal.NpgsqlExecutionStrategy.ExecuteAsync[TState,TResult](TState state, Func`4 operation, Func`4 verifySucceeded, CancellationToken cancellationToken)
   at Microsoft.EntityFrameworkCore.Query.Internal.SingleQueryingEnumerable`1.AsyncEnumerator.MoveNextAsync()
  Exception data:
    Severity: ERROR
    SqlState: 42P01
    MessageText: relation "UserPreferences" does not exist
    Position: 91
    File: parse_relation.c
    Line: 1449
    Routine: parserOpenTable
2025-10-31 10:37:20.569 +09:00 [INF] Executed endpoint 'HTTP: GET /api/user/preferences'
2025-10-31 10:37:20.571 +09:00 [ERR] An unhandled exception has occurred while executing the request.
Npgsql.PostgresException (0x80004005): 42P01: relation "UserPreferences" does not exist

POSITION: 91
   at Npgsql.Internal.NpgsqlConnector.ReadMessageLong(Boolean async, DataRowLoadingMode dataRowLoadingMode, Boolean readingNotifications, Boolean isReadingPrependedMessage)
   at System.Runtime.CompilerServices.PoolingAsyncValueTaskMethodBuilder`1.StateMachineBox`1.System.Threading.Tasks.Sources.IValueTaskSource<TResult>.GetResult(Int16 token)
   at Npgsql.NpgsqlDataReader.NextResult(Boolean async, Boolean isConsuming, CancellationToken cancellationToken)
   at Npgsql.NpgsqlDataReader.NextResult(Boolean async, Boolean isConsuming, CancellationToken cancellationToken)
   at Npgsql.NpgsqlCommand.ExecuteReader(Boolean async, CommandBehavior behavior, CancellationToken cancellationToken)
   at Npgsql.NpgsqlCommand.ExecuteReader(Boolean async, CommandBehavior behavior, CancellationToken cancellationToken)
   at Npgsql.NpgsqlCommand.ExecuteDbDataReaderAsync(CommandBehavior behavior, CancellationToken cancellationToken)
   at Microsoft.EntityFrameworkCore.Storage.RelationalCommand.ExecuteReaderAsync(RelationalCommandParameterObject parameterObject, CancellationToken cancellationToken)
   at Microsoft.EntityFrameworkCore.Storage.RelationalCommand.ExecuteReaderAsync(RelationalCommandParameterObject parameterObject, CancellationToken cancellationToken)
   at Microsoft.EntityFrameworkCore.Query.Internal.SingleQueryingEnumerable`1.AsyncEnumerator.InitializeReaderAsync(AsyncEnumerator enumerator, CancellationToken cancellationToken)
   at Npgsql.EntityFrameworkCore.PostgreSQL.Storage.Internal.NpgsqlExecutionStrategy.ExecuteAsync[TState,TResult](TState state, Func`4 operation, Func`4 verifySucceeded, CancellationToken cancellationToken)
   at Microsoft.EntityFrameworkCore.Query.Internal.SingleQueryingEnumerable`1.AsyncEnumerator.MoveNextAsync()
   at Microsoft.EntityFrameworkCore.Query.ShapedQueryCompilingExpressionVisitor.SingleOrDefaultAsync[TSource](IAsyncEnumerable`1 asyncEnumerable, CancellationToken cancellationToken)
   at Microsoft.EntityFrameworkCore.Query.ShapedQueryCompilingExpressionVisitor.SingleOrDefaultAsync[TSource](IAsyncEnumerable`1 asyncEnumerable, CancellationToken cancellationToken)
   at Program.<>c.<<<Main>$>b__0_12>d.MoveNext() in C:\workspace\bobcrm\src\BobCrm.Api\Program.cs:line 296
--- End of stack trace from previous location ---
   at Microsoft.AspNetCore.Http.RequestDelegateFactory.ExecuteTaskResult[T](Task`1 task, HttpContext httpContext)
   at Microsoft.AspNetCore.Routing.EndpointMiddleware.<Invoke>g__AwaitRequestTask|7_0(Endpoint endpoint, Task requestTask, ILogger logger)
   at Microsoft.AspNetCore.Authorization.AuthorizationMiddleware.Invoke(HttpContext context)
   at Microsoft.AspNetCore.Authentication.AuthenticationMiddleware.Invoke(HttpContext context)
   at Swashbuckle.AspNetCore.SwaggerUI.SwaggerUIMiddleware.Invoke(HttpContext httpContext)
   at Swashbuckle.AspNetCore.Swagger.SwaggerMiddleware.Invoke(HttpContext httpContext, ISwaggerProvider swaggerProvider)
   at Microsoft.AspNetCore.Diagnostics.DeveloperExceptionPageMiddlewareImpl.Invoke(HttpContext context)
  Exception data:
    Severity: ERROR
    SqlState: 42P01
    MessageText: relation "UserPreferences" does not exist
    Position: 91
    File: parse_relation.c
    Line: 1449
    Routine: parserOpenTable
2025-10-31 10:37:20.594 +09:00 [INF] Request finished HTTP/1.1 GET http://192.168.20.218:5200/api/user/preferences - 500 null text/plain; charset=utf-8 72.5626ms
2025-10-31 10:37:20.621 +09:00 [INF] Request starting HTTP/1.1 PUT http://192.168.20.218:5200/api/user/preferences - application/json; charset=utf-8 null
2025-10-31 10:37:20.623 +09:00 [INF] Executing endpoint 'HTTP: PUT /api/user/preferences'
2025-10-31 10:37:20.629 +09:00 [ERR] Failed executing DbCommand (2ms) [Parameters=[@__uid_0='?'], CommandType='"Text"', CommandTimeout='30']
SELECT u."Id", u."Language", u."PrimaryColor", u."Theme", u."UpdatedAt", u."UserId"
FROM "UserPreferences" AS u
WHERE u."UserId" = @__uid_0
LIMIT 1
2025-10-31 10:37:20.632 +09:00 [ERR] An exception occurred while iterating over the results of a query for context type 'AppDbContext'.
Npgsql.PostgresException (0x80004005): 42P01: relation "UserPreferences" does not exist

POSITION: 91
   at Npgsql.Internal.NpgsqlConnector.ReadMessageLong(Boolean async, DataRowLoadingMode dataRowLoadingMode, Boolean readingNotifications, Boolean isReadingPrependedMessage)
   at System.Runtime.CompilerServices.PoolingAsyncValueTaskMethodBuilder`1.StateMachineBox`1.System.Threading.Tasks.Sources.IValueTaskSource<TResult>.GetResult(Int16 token)
   at Npgsql.NpgsqlDataReader.NextResult(Boolean async, Boolean isConsuming, CancellationToken cancellationToken)
   at Npgsql.NpgsqlDataReader.NextResult(Boolean async, Boolean isConsuming, CancellationToken cancellationToken)
   at Npgsql.NpgsqlCommand.ExecuteReader(Boolean async, CommandBehavior behavior, CancellationToken cancellationToken)
   at Npgsql.NpgsqlCommand.ExecuteReader(Boolean async, CommandBehavior behavior, CancellationToken cancellationToken)
   at Npgsql.NpgsqlCommand.ExecuteDbDataReaderAsync(CommandBehavior behavior, CancellationToken cancellationToken)
   at Microsoft.EntityFrameworkCore.Storage.RelationalCommand.ExecuteReaderAsync(RelationalCommandParameterObject parameterObject, CancellationToken cancellationToken)
   at Microsoft.EntityFrameworkCore.Storage.RelationalCommand.ExecuteReaderAsync(RelationalCommandParameterObject parameterObject, CancellationToken cancellationToken)
   at Microsoft.EntityFrameworkCore.Query.Internal.SingleQueryingEnumerable`1.AsyncEnumerator.InitializeReaderAsync(AsyncEnumerator enumerator, CancellationToken cancellationToken)
   at Npgsql.EntityFrameworkCore.PostgreSQL.Storage.Internal.NpgsqlExecutionStrategy.ExecuteAsync[TState,TResult](TState state, Func`4 operation, Func`4 verifySucceeded, CancellationToken cancellationToken)
   at Microsoft.EntityFrameworkCore.Query.Internal.SingleQueryingEnumerable`1.AsyncEnumerator.MoveNextAsync()
  Exception data:
    Severity: ERROR
    SqlState: 42P01
    MessageText: relation "UserPreferences" does not exist
    Position: 91
    File: parse_relation.c
    Line: 1449
    Routine: parserOpenTable
Npgsql.PostgresException (0x80004005): 42P01: relation "UserPreferences" does not exist

POSITION: 91
   at Npgsql.Internal.NpgsqlConnector.ReadMessageLong(Boolean async, DataRowLoadingMode dataRowLoadingMode, Boolean readingNotifications, Boolean isReadingPrependedMessage)
   at System.Runtime.CompilerServices.PoolingAsyncValueTaskMethodBuilder`1.StateMachineBox`1.System.Threading.Tasks.Sources.IValueTaskSource<TResult>.GetResult(Int16 token)
   at Npgsql.NpgsqlDataReader.NextResult(Boolean async, Boolean isConsuming, CancellationToken cancellationToken)
   at Npgsql.NpgsqlDataReader.NextResult(Boolean async, Boolean isConsuming, CancellationToken cancellationToken)
   at Npgsql.NpgsqlCommand.ExecuteReader(Boolean async, CommandBehavior behavior, CancellationToken cancellationToken)
   at Npgsql.NpgsqlCommand.ExecuteReader(Boolean async, CommandBehavior behavior, CancellationToken cancellationToken)
   at Npgsql.NpgsqlCommand.ExecuteDbDataReaderAsync(CommandBehavior behavior, CancellationToken cancellationToken)
   at Microsoft.EntityFrameworkCore.Storage.RelationalCommand.ExecuteReaderAsync(RelationalCommandParameterObject parameterObject, CancellationToken cancellationToken)
   at Microsoft.EntityFrameworkCore.Storage.RelationalCommand.ExecuteReaderAsync(RelationalCommandParameterObject parameterObject, CancellationToken cancellationToken)
   at Microsoft.EntityFrameworkCore.Query.Internal.SingleQueryingEnumerable`1.AsyncEnumerator.InitializeReaderAsync(AsyncEnumerator enumerator, CancellationToken cancellationToken)
   at Npgsql.EntityFrameworkCore.PostgreSQL.Storage.Internal.NpgsqlExecutionStrategy.ExecuteAsync[TState,TResult](TState state, Func`4 operation, Func`4 verifySucceeded, CancellationToken cancellationToken)
   at Microsoft.EntityFrameworkCore.Query.Internal.SingleQueryingEnumerable`1.AsyncEnumerator.MoveNextAsync()
  Exception data:
    Severity: ERROR
    SqlState: 42P01
    MessageText: relation "UserPreferences" does not exist
    Position: 91
    File: parse_relation.c
    Line: 1449
    Routine: parserOpenTable
2025-10-31 10:37:20.634 +09:00 [INF] Executed DbCommand (61ms) [Parameters=[@__accessIds_0='?' (DbType = Object)], CommandType='"Text"', CommandTimeout='30']
SELECT c."Id", c."Code", c."CreatedAt", c."CreatedBy", c."ExtData", c."Name", c."UpdatedAt", c."UpdatedBy", c."Version"
FROM "Customers" AS c
WHERE c."Id" = ANY (@__accessIds_0)
2025-10-31 10:37:20.640 +09:00 [INF] Executed endpoint 'HTTP: PUT /api/user/preferences'
2025-10-31 10:37:20.640 +09:00 [ERR] An unhandled exception has occurred while executing the request.
Npgsql.PostgresException (0x80004005): 42P01: relation "UserPreferences" does not exist

POSITION: 91
   at Npgsql.Internal.NpgsqlConnector.ReadMessageLong(Boolean async, DataRowLoadingMode dataRowLoadingMode, Boolean readingNotifications, Boolean isReadingPrependedMessage)
   at System.Runtime.CompilerServices.PoolingAsyncValueTaskMethodBuilder`1.StateMachineBox`1.System.Threading.Tasks.Sources.IValueTaskSource<TResult>.GetResult(Int16 token)
   at Npgsql.NpgsqlDataReader.NextResult(Boolean async, Boolean isConsuming, CancellationToken cancellationToken)
   at Npgsql.NpgsqlDataReader.NextResult(Boolean async, Boolean isConsuming, CancellationToken cancellationToken)
   at Npgsql.NpgsqlCommand.ExecuteReader(Boolean async, CommandBehavior behavior, CancellationToken cancellationToken)
   at Npgsql.NpgsqlCommand.ExecuteReader(Boolean async, CommandBehavior behavior, CancellationToken cancellationToken)
   at Npgsql.NpgsqlCommand.ExecuteDbDataReaderAsync(CommandBehavior behavior, CancellationToken cancellationToken)
   at Microsoft.EntityFrameworkCore.Storage.RelationalCommand.ExecuteReaderAsync(RelationalCommandParameterObject parameterObject, CancellationToken cancellationToken)
   at Microsoft.EntityFrameworkCore.Storage.RelationalCommand.ExecuteReaderAsync(RelationalCommandParameterObject parameterObject, CancellationToken cancellationToken)
   at Microsoft.EntityFrameworkCore.Query.Internal.SingleQueryingEnumerable`1.AsyncEnumerator.InitializeReaderAsync(AsyncEnumerator enumerator, CancellationToken cancellationToken)
   at Npgsql.EntityFrameworkCore.PostgreSQL.Storage.Internal.NpgsqlExecutionStrategy.ExecuteAsync[TState,TResult](TState state, Func`4 operation, Func`4 verifySucceeded, CancellationToken cancellationToken)
   at Microsoft.EntityFrameworkCore.Query.Internal.SingleQueryingEnumerable`1.AsyncEnumerator.MoveNextAsync()
   at Microsoft.EntityFrameworkCore.Query.ShapedQueryCompilingExpressionVisitor.SingleOrDefaultAsync[TSource](IAsyncEnumerable`1 asyncEnumerable, CancellationToken cancellationToken)
   at Microsoft.EntityFrameworkCore.Query.ShapedQueryCompilingExpressionVisitor.SingleOrDefaultAsync[TSource](IAsyncEnumerable`1 asyncEnumerable, CancellationToken cancellationToken)
   at Program.<>c.<<<Main>$>b__0_13>d.MoveNext() in C:\workspace\bobcrm\src\BobCrm.Api\Program.cs:line 316
--- End of stack trace from previous location ---
   at Microsoft.AspNetCore.Http.RequestDelegateFactory.ExecuteTaskResult[T](Task`1 task, HttpContext httpContext)
   at Microsoft.AspNetCore.Http.RequestDelegateFactory.<>c__DisplayClass102_2.<<HandleRequestBodyAndCompileRequestDelegateForJson>b__2>d.MoveNext()
--- End of stack trace from previous location ---
   at Microsoft.AspNetCore.Routing.EndpointMiddleware.<Invoke>g__AwaitRequestTask|7_0(Endpoint endpoint, Task requestTask, ILogger logger)
   at Microsoft.AspNetCore.Authorization.AuthorizationMiddleware.Invoke(HttpContext context)
   at Microsoft.AspNetCore.Authentication.AuthenticationMiddleware.Invoke(HttpContext context)
   at Swashbuckle.AspNetCore.SwaggerUI.SwaggerUIMiddleware.Invoke(HttpContext httpContext)
   at Swashbuckle.AspNetCore.Swagger.SwaggerMiddleware.Invoke(HttpContext httpContext, ISwaggerProvider swaggerProvider)
   at Microsoft.AspNetCore.Diagnostics.DeveloperExceptionPageMiddlewareImpl.Invoke(HttpContext context)
  Exception data:
    Severity: ERROR
    SqlState: 42P01
    MessageText: relation "UserPreferences" does not exist
    Position: 91
    File: parse_relation.c
    Line: 1449
    Routine: parserOpenTable
2025-10-31 10:37:20.653 +09:00 [INF] Request finished HTTP/1.1 PUT http://192.168.20.218:5200/api/user/preferences - 500 null text/plain; charset=utf-8 31.7685ms
2025-10-31 10:37:20.680 +09:00 [INF] Executed DbCommand (2ms) [Parameters=[@__lang_0='?'], CommandType='"Text"', CommandTimeout='30']
SELECT c."CustomerId", c."Language", c."Name"
FROM "CustomerLocalizations" AS c
WHERE c."Language" = @__lang_0
2025-10-31 10:37:20.682 +09:00 [INF] Writing value of type 'List`1' as Json.
2025-10-31 10:37:20.693 +09:00 [INF] Executed endpoint 'HTTP: GET /api/customers'
2025-10-31 10:37:20.694 +09:00 [INF] Request finished HTTP/1.1 GET http://192.168.20.218:5200/api/customers - 200 null application/json; charset=utf-8 173.5978ms
2025-10-31 10:37:21.924 +09:00 [INF] Request starting HTTP/1.1 GET http://192.168.20.218:5200/api/i18n/ja - null null
2025-10-31 10:37:21.925 +09:00 [INF] Executing endpoint 'HTTP: GET /api/i18n/{lang}'
2025-10-31 10:37:21.927 +09:00 [INF] Executed DbCommand (1ms) [Parameters=[], CommandType='"Text"', CommandTimeout='30']
SELECT l."Key", l."EN", l."JA", l."ZH"
FROM "LocalizationResources" AS l
2025-10-31 10:37:21.928 +09:00 [INF] Writing value of type 'Dictionary`2' as Json.
2025-10-31 10:37:21.928 +09:00 [INF] Executed endpoint 'HTTP: GET /api/i18n/{lang}'
2025-10-31 10:37:21.929 +09:00 [INF] Request finished HTTP/1.1 GET http://192.168.20.218:5200/api/i18n/ja - 200 null application/json; charset=utf-8 5.3635ms
2025-10-31 10:37:21.934 +09:00 [INF] Request starting HTTP/1.1 GET http://192.168.20.218:5200/api/customers/1 - null null
2025-10-31 10:37:21.936 +09:00 [INF] Executing endpoint 'HTTP: GET /api/customers/{id:int}'
2025-10-31 10:37:21.945 +09:00 [INF] Executed DbCommand (2ms) [Parameters=[@__id_0='?' (DbType = Int32)], CommandType='"Text"', CommandTimeout='30']
SELECT EXISTS (
    SELECT 1
    FROM "CustomerAccesses" AS c
    WHERE c."CustomerId" = @__id_0)
2025-10-31 10:37:21.949 +09:00 [INF] Executed DbCommand (1ms) [Parameters=[@__id_0='?' (DbType = Int32), @__uid_1='?'], CommandType='"Text"', CommandTimeout='30']
SELECT EXISTS (
    SELECT 1
    FROM "CustomerAccesses" AS c
    WHERE c."CustomerId" = @__id_0 AND c."UserId" = @__uid_1)
2025-10-31 10:37:21.956 +09:00 [INF] Executed DbCommand (1ms) [Parameters=[@__id_0='?' (DbType = Int32)], CommandType='"Text"', CommandTimeout='30']
SELECT c."Id", c."Code", c."CreatedAt", c."CreatedBy", c."ExtData", c."Name", c."UpdatedAt", c."UpdatedBy", c."Version"
FROM "Customers" AS c
WHERE c."Id" = @__id_0
LIMIT 1
2025-10-31 10:37:21.964 +09:00 [INF] Executed DbCommand (2ms) [Parameters=[], CommandType='"Text"', CommandTimeout='30']
SELECT f."Id", f."Actions", f."CreatedAt", f."CreatedBy", f."DataType", f."DefaultValue", f."DisplayName", f."Key", f."Required", f."Tags", f."UpdatedAt", f."UpdatedBy", f."Validation"
FROM "FieldDefinitions" AS f
2025-10-31 10:37:21.997 +09:00 [INF] Executed DbCommand (2ms) [Parameters=[@__id_0='?' (DbType = Int32)], CommandType='"Text"', CommandTimeout='30']
SELECT f."Id", f."CreatedAt", f."CreatedBy", f."CustomerId", f."FieldDefinitionId", f."UpdatedAt", f."UpdatedBy", f."Value", f."Version"
FROM "FieldValues" AS f
WHERE f."CustomerId" = @__id_0
ORDER BY f."Version" DESC
2025-10-31 10:37:22.016 +09:00 [INF] Executed DbCommand (2ms) [Parameters=[@__id_0='?' (DbType = Int32), @__lang_1='?'], CommandType='"Text"', CommandTimeout='30']
SELECT c."CustomerId", c."Language", c."Name"
FROM "CustomerLocalizations" AS c
WHERE c."CustomerId" = @__id_0 AND c."Language" = @__lang_1
LIMIT 1
2025-10-31 10:37:22.019 +09:00 [INF] Executed DbCommand (1ms) [Parameters=[], CommandType='"Text"', CommandTimeout='30']
SELECT l."Key", l."EN", l."JA", l."ZH"
FROM "LocalizationResources" AS l
2025-10-31 10:37:22.021 +09:00 [INF] Writing value of type '<>f__AnonymousType2`5' as Json.
2025-10-31 10:37:22.027 +09:00 [INF] Executed endpoint 'HTTP: GET /api/customers/{id:int}'
2025-10-31 10:37:22.028 +09:00 [INF] Request finished HTTP/1.1 GET http://192.168.20.218:5200/api/customers/1 - 200 null application/json; charset=utf-8 93.7771ms
2025-10-31 10:37:23.471 +09:00 [INF] Request starting HTTP/1.1 GET http://192.168.20.218:5200/api/i18n/ja - null null
2025-10-31 10:37:23.471 +09:00 [INF] Executing endpoint 'HTTP: GET /api/i18n/{lang}'
2025-10-31 10:37:23.473 +09:00 [INF] Executed DbCommand (1ms) [Parameters=[], CommandType='"Text"', CommandTimeout='30']
SELECT l."Key", l."EN", l."JA", l."ZH"
FROM "LocalizationResources" AS l
2025-10-31 10:37:23.474 +09:00 [INF] Writing value of type 'Dictionary`2' as Json.
2025-10-31 10:37:23.474 +09:00 [INF] Executed endpoint 'HTTP: GET /api/i18n/{lang}'
2025-10-31 10:37:23.474 +09:00 [INF] Request finished HTTP/1.1 GET http://192.168.20.218:5200/api/i18n/ja - 200 null application/json; charset=utf-8 3.5693ms
2025-10-31 10:37:23.481 +09:00 [INF] Request starting HTTP/1.1 GET http://192.168.20.218:5200/api/customers/2 - null null
2025-10-31 10:37:23.482 +09:00 [INF] Executing endpoint 'HTTP: GET /api/customers/{id:int}'
2025-10-31 10:37:23.489 +09:00 [INF] Executed DbCommand (1ms) [Parameters=[@__id_0='?' (DbType = Int32)], CommandType='"Text"', CommandTimeout='30']
SELECT EXISTS (
    SELECT 1
    FROM "CustomerAccesses" AS c
    WHERE c."CustomerId" = @__id_0)
2025-10-31 10:37:23.491 +09:00 [INF] Executed DbCommand (1ms) [Parameters=[@__id_0='?' (DbType = Int32), @__uid_1='?'], CommandType='"Text"', CommandTimeout='30']
SELECT EXISTS (
    SELECT 1
    FROM "CustomerAccesses" AS c
    WHERE c."CustomerId" = @__id_0 AND c."UserId" = @__uid_1)
2025-10-31 10:37:23.492 +09:00 [INF] Executed DbCommand (1ms) [Parameters=[@__id_0='?' (DbType = Int32)], CommandType='"Text"', CommandTimeout='30']
SELECT c."Id", c."Code", c."CreatedAt", c."CreatedBy", c."ExtData", c."Name", c."UpdatedAt", c."UpdatedBy", c."Version"
FROM "Customers" AS c
WHERE c."Id" = @__id_0
LIMIT 1
2025-10-31 10:37:23.493 +09:00 [INF] Executed DbCommand (1ms) [Parameters=[], CommandType='"Text"', CommandTimeout='30']
SELECT f."Id", f."Actions", f."CreatedAt", f."CreatedBy", f."DataType", f."DefaultValue", f."DisplayName", f."Key", f."Required", f."Tags", f."UpdatedAt", f."UpdatedBy", f."Validation"
FROM "FieldDefinitions" AS f
2025-10-31 10:37:23.495 +09:00 [INF] Executed DbCommand (1ms) [Parameters=[@__id_0='?' (DbType = Int32)], CommandType='"Text"', CommandTimeout='30']
SELECT f."Id", f."CreatedAt", f."CreatedBy", f."CustomerId", f."FieldDefinitionId", f."UpdatedAt", f."UpdatedBy", f."Value", f."Version"
FROM "FieldValues" AS f
WHERE f."CustomerId" = @__id_0
ORDER BY f."Version" DESC
2025-10-31 10:37:23.496 +09:00 [INF] Executed DbCommand (1ms) [Parameters=[@__id_0='?' (DbType = Int32), @__lang_1='?'], CommandType='"Text"', CommandTimeout='30']
SELECT c."CustomerId", c."Language", c."Name"
FROM "CustomerLocalizations" AS c
WHERE c."CustomerId" = @__id_0 AND c."Language" = @__lang_1
LIMIT 1
2025-10-31 10:37:23.498 +09:00 [INF] Executed DbCommand (1ms) [Parameters=[], CommandType='"Text"', CommandTimeout='30']
SELECT l."Key", l."EN", l."JA", l."ZH"
FROM "LocalizationResources" AS l
2025-10-31 10:37:23.498 +09:00 [INF] Writing value of type '<>f__AnonymousType2`5' as Json.
2025-10-31 10:37:23.498 +09:00 [INF] Executed endpoint 'HTTP: GET /api/customers/{id:int}'
2025-10-31 10:37:23.499 +09:00 [INF] Request finished HTTP/1.1 GET http://192.168.20.218:5200/api/customers/2 - 200 null application/json; charset=utf-8 17.7457ms
2025-10-31 10:37:23.931 +09:00 [INF] Request starting HTTP/1.1 GET http://192.168.20.218:5200/api/i18n/ja - null null
2025-10-31 10:37:23.932 +09:00 [INF] Executing endpoint 'HTTP: GET /api/i18n/{lang}'
2025-10-31 10:37:23.934 +09:00 [INF] Executed DbCommand (1ms) [Parameters=[], CommandType='"Text"', CommandTimeout='30']
SELECT l."Key", l."EN", l."JA", l."ZH"
FROM "LocalizationResources" AS l
2025-10-31 10:37:23.935 +09:00 [INF] Writing value of type 'Dictionary`2' as Json.
2025-10-31 10:37:23.936 +09:00 [INF] Executed endpoint 'HTTP: GET /api/i18n/{lang}'
2025-10-31 10:37:23.936 +09:00 [INF] Request finished HTTP/1.1 GET http://192.168.20.218:5200/api/i18n/ja - 200 null application/json; charset=utf-8 5.1239ms
2025-10-31 10:37:23.942 +09:00 [INF] Request starting HTTP/1.1 GET http://192.168.20.218:5200/api/customers/1 - null null
2025-10-31 10:37:23.942 +09:00 [INF] Executing endpoint 'HTTP: GET /api/customers/{id:int}'
2025-10-31 10:37:23.945 +09:00 [INF] Executed DbCommand (2ms) [Parameters=[@__id_0='?' (DbType = Int32)], CommandType='"Text"', CommandTimeout='30']
SELECT EXISTS (
    SELECT 1
    FROM "CustomerAccesses" AS c
    WHERE c."CustomerId" = @__id_0)
2025-10-31 10:37:23.948 +09:00 [INF] Executed DbCommand (1ms) [Parameters=[@__id_0='?' (DbType = Int32), @__uid_1='?'], CommandType='"Text"', CommandTimeout='30']
SELECT EXISTS (
    SELECT 1
    FROM "CustomerAccesses" AS c
    WHERE c."CustomerId" = @__id_0 AND c."UserId" = @__uid_1)
2025-10-31 10:37:23.949 +09:00 [INF] Executed DbCommand (1ms) [Parameters=[@__id_0='?' (DbType = Int32)], CommandType='"Text"', CommandTimeout='30']
SELECT c."Id", c."Code", c."CreatedAt", c."CreatedBy", c."ExtData", c."Name", c."UpdatedAt", c."UpdatedBy", c."Version"
FROM "Customers" AS c
WHERE c."Id" = @__id_0
LIMIT 1
2025-10-31 10:37:23.951 +09:00 [INF] Executed DbCommand (1ms) [Parameters=[], CommandType='"Text"', CommandTimeout='30']
SELECT f."Id", f."Actions", f."CreatedAt", f."CreatedBy", f."DataType", f."DefaultValue", f."DisplayName", f."Key", f."Required", f."Tags", f."UpdatedAt", f."UpdatedBy", f."Validation"
FROM "FieldDefinitions" AS f
2025-10-31 10:37:23.954 +09:00 [INF] Executed DbCommand (1ms) [Parameters=[@__id_0='?' (DbType = Int32)], CommandType='"Text"', CommandTimeout='30']
SELECT f."Id", f."CreatedAt", f."CreatedBy", f."CustomerId", f."FieldDefinitionId", f."UpdatedAt", f."UpdatedBy", f."Value", f."Version"
FROM "FieldValues" AS f
WHERE f."CustomerId" = @__id_0
ORDER BY f."Version" DESC
2025-10-31 10:37:23.956 +09:00 [INF] Executed DbCommand (1ms) [Parameters=[@__id_0='?' (DbType = Int32), @__lang_1='?'], CommandType='"Text"', CommandTimeout='30']
SELECT c."CustomerId", c."Language", c."Name"
FROM "CustomerLocalizations" AS c
WHERE c."CustomerId" = @__id_0 AND c."Language" = @__lang_1
LIMIT 1
2025-10-31 10:37:23.958 +09:00 [INF] Executed DbCommand (1ms) [Parameters=[], CommandType='"Text"', CommandTimeout='30']
SELECT l."Key", l."EN", l."JA", l."ZH"
FROM "LocalizationResources" AS l
2025-10-31 10:37:23.958 +09:00 [INF] Writing value of type '<>f__AnonymousType2`5' as Json.
2025-10-31 10:37:23.959 +09:00 [INF] Executed endpoint 'HTTP: GET /api/customers/{id:int}'
2025-10-31 10:37:23.959 +09:00 [INF] Request finished HTTP/1.1 GET http://192.168.20.218:5200/api/customers/1 - 200 null application/json; charset=utf-8 17.71ms
2025-10-31 10:39:54.272 +09:00 [INF] Application is shutting down...
