2025-10-30 11:53:32.967 +09:00 [INF] ============================================
2025-10-30 11:53:32.984 +09:00 [INF] Application starting at "2025-10-30T11:53:32.9811070+09:00", log file: C:\workspace\bobcrm\src\BobCrm.Api\..\..\logs\api_20251030_115332.log
2025-10-30 11:53:32.990 +09:00 [INF] ============================================
2025-10-30 11:53:33.977 +09:00 [INF] Executed DbCommand (41ms) [Parameters=[], CommandType='"Text"', CommandTimeout='30']
SELECT CASE WHEN COUNT(*) = 0 THEN FALSE ELSE TRUE END
FROM pg_class AS cls
JOIN pg_namespace AS ns ON ns.oid = cls.relnamespace
WHERE
        cls.relkind IN ('r', 'v', 'm', 'f', 'p') AND
        ns.nspname NOT IN ('pg_catalog', 'information_schema') AND
        -- Exclude tables which are members of PG extensions
        NOT EXISTS (
            SELECT 1 FROM pg_depend WHERE
                classid=(
                    SELECT cls.oid
                    FROM pg_class AS cls
                             JOIN pg_namespace AS ns ON ns.oid = cls.relnamespace
                    WHERE relname='pg_class' AND ns.nspname='pg_catalog'
                ) AND
                objid=cls.oid AND
                deptype IN ('e', 'x')
        )
2025-10-30 11:53:34.107 +09:00 [INF] Executed DbCommand (4ms) [Parameters=[], CommandType='"Text"', CommandTimeout='30']
SELECT count(*)::int
FROM "Customers" AS c
2025-10-30 11:53:34.122 +09:00 [INF] Executed DbCommand (4ms) [Parameters=[], CommandType='"Text"', CommandTimeout='30']
CREATE TABLE IF NOT EXISTS "LocalizationLanguages" ("Id" SERIAL PRIMARY KEY, "Code" text NOT NULL, "NativeName" text NOT NULL);
2025-10-30 11:53:34.135 +09:00 [INF] Executed DbCommand (1ms) [Parameters=[], CommandType='"Text"', CommandTimeout='30']
SELECT EXISTS (
    SELECT 1
    FROM "Customers" AS c)
2025-10-30 11:53:34.146 +09:00 [INF] Executed DbCommand (2ms) [Parameters=[], CommandType='"Text"', CommandTimeout='30']
SELECT EXISTS (
    SELECT 1
    FROM "FieldDefinitions" AS f)
2025-10-30 11:53:34.150 +09:00 [INF] Executed DbCommand (1ms) [Parameters=[], CommandType='"Text"', CommandTimeout='30']
SELECT EXISTS (
    SELECT 1
    FROM "LocalizationLanguages" AS l)
2025-10-30 11:53:34.156 +09:00 [INF] Executed DbCommand (2ms) [Parameters=[], CommandType='"Text"', CommandTimeout='30']
SELECT EXISTS (
    SELECT 1
    FROM "LocalizationResources" AS l)
2025-10-30 11:53:34.188 +09:00 [INF] Executed DbCommand (5ms) [Parameters=[@__key_0='?'], CommandType='"Text"', CommandTimeout='30']
SELECT EXISTS (
    SELECT 1
    FROM "LocalizationResources" AS l
    WHERE l."Key" = @__key_0)
2025-10-30 11:53:34.193 +09:00 [INF] Executed DbCommand (1ms) [Parameters=[@__key_0='?'], CommandType='"Text"', CommandTimeout='30']
SELECT EXISTS (
    SELECT 1
    FROM "LocalizationResources" AS l
    WHERE l."Key" = @__key_0)
2025-10-30 11:53:34.197 +09:00 [INF] Executed DbCommand (1ms) [Parameters=[@__key_0='?'], CommandType='"Text"', CommandTimeout='30']
SELECT EXISTS (
    SELECT 1
    FROM "LocalizationResources" AS l
    WHERE l."Key" = @__key_0)
2025-10-30 11:53:34.201 +09:00 [INF] Executed DbCommand (2ms) [Parameters=[@__key_0='?'], CommandType='"Text"', CommandTimeout='30']
SELECT EXISTS (
    SELECT 1
    FROM "LocalizationResources" AS l
    WHERE l."Key" = @__key_0)
2025-10-30 11:53:34.205 +09:00 [INF] Executed DbCommand (1ms) [Parameters=[@__key_0='?'], CommandType='"Text"', CommandTimeout='30']
SELECT EXISTS (
    SELECT 1
    FROM "LocalizationResources" AS l
    WHERE l."Key" = @__key_0)
2025-10-30 11:53:34.208 +09:00 [INF] Executed DbCommand (1ms) [Parameters=[@__key_0='?'], CommandType='"Text"', CommandTimeout='30']
SELECT EXISTS (
    SELECT 1
    FROM "LocalizationResources" AS l
    WHERE l."Key" = @__key_0)
2025-10-30 11:53:34.211 +09:00 [INF] Executed DbCommand (1ms) [Parameters=[@__key_0='?'], CommandType='"Text"', CommandTimeout='30']
SELECT EXISTS (
    SELECT 1
    FROM "LocalizationResources" AS l
    WHERE l."Key" = @__key_0)
2025-10-30 11:53:34.214 +09:00 [INF] Executed DbCommand (1ms) [Parameters=[@__key_0='?'], CommandType='"Text"', CommandTimeout='30']
SELECT EXISTS (
    SELECT 1
    FROM "LocalizationResources" AS l
    WHERE l."Key" = @__key_0)
2025-10-30 11:53:34.219 +09:00 [INF] Executed DbCommand (1ms) [Parameters=[@__key_0='?'], CommandType='"Text"', CommandTimeout='30']
SELECT EXISTS (
    SELECT 1
    FROM "LocalizationResources" AS l
    WHERE l."Key" = @__key_0)
2025-10-30 11:53:34.223 +09:00 [INF] Executed DbCommand (1ms) [Parameters=[@__key_0='?'], CommandType='"Text"', CommandTimeout='30']
SELECT EXISTS (
    SELECT 1
    FROM "LocalizationResources" AS l
    WHERE l."Key" = @__key_0)
2025-10-30 11:53:34.225 +09:00 [INF] Executed DbCommand (1ms) [Parameters=[@__key_0='?'], CommandType='"Text"', CommandTimeout='30']
SELECT EXISTS (
    SELECT 1
    FROM "LocalizationResources" AS l
    WHERE l."Key" = @__key_0)
2025-10-30 11:53:34.228 +09:00 [INF] Executed DbCommand (1ms) [Parameters=[@__key_0='?'], CommandType='"Text"', CommandTimeout='30']
SELECT EXISTS (
    SELECT 1
    FROM "LocalizationResources" AS l
    WHERE l."Key" = @__key_0)
2025-10-30 11:53:34.231 +09:00 [INF] Executed DbCommand (1ms) [Parameters=[@__key_0='?'], CommandType='"Text"', CommandTimeout='30']
SELECT EXISTS (
    SELECT 1
    FROM "LocalizationResources" AS l
    WHERE l."Key" = @__key_0)
2025-10-30 11:53:34.236 +09:00 [INF] Executed DbCommand (1ms) [Parameters=[@__key_0='?'], CommandType='"Text"', CommandTimeout='30']
SELECT EXISTS (
    SELECT 1
    FROM "LocalizationResources" AS l
    WHERE l."Key" = @__key_0)
2025-10-30 11:53:34.239 +09:00 [INF] Executed DbCommand (1ms) [Parameters=[@__key_0='?'], CommandType='"Text"', CommandTimeout='30']
SELECT EXISTS (
    SELECT 1
    FROM "LocalizationResources" AS l
    WHERE l."Key" = @__key_0)
2025-10-30 11:53:34.243 +09:00 [INF] Executed DbCommand (1ms) [Parameters=[@__key_0='?'], CommandType='"Text"', CommandTimeout='30']
SELECT EXISTS (
    SELECT 1
    FROM "LocalizationResources" AS l
    WHERE l."Key" = @__key_0)
2025-10-30 11:53:34.245 +09:00 [INF] Executed DbCommand (1ms) [Parameters=[@__key_0='?'], CommandType='"Text"', CommandTimeout='30']
SELECT EXISTS (
    SELECT 1
    FROM "LocalizationResources" AS l
    WHERE l."Key" = @__key_0)
2025-10-30 11:53:34.250 +09:00 [INF] Executed DbCommand (1ms) [Parameters=[@__key_0='?'], CommandType='"Text"', CommandTimeout='30']
SELECT EXISTS (
    SELECT 1
    FROM "LocalizationResources" AS l
    WHERE l."Key" = @__key_0)
2025-10-30 11:53:34.254 +09:00 [INF] Executed DbCommand (1ms) [Parameters=[@__key_0='?'], CommandType='"Text"', CommandTimeout='30']
SELECT EXISTS (
    SELECT 1
    FROM "LocalizationResources" AS l
    WHERE l."Key" = @__key_0)
2025-10-30 11:53:34.257 +09:00 [INF] Executed DbCommand (1ms) [Parameters=[@__key_0='?'], CommandType='"Text"', CommandTimeout='30']
SELECT EXISTS (
    SELECT 1
    FROM "LocalizationResources" AS l
    WHERE l."Key" = @__key_0)
2025-10-30 11:53:34.260 +09:00 [INF] Executed DbCommand (1ms) [Parameters=[@__key_0='?'], CommandType='"Text"', CommandTimeout='30']
SELECT EXISTS (
    SELECT 1
    FROM "LocalizationResources" AS l
    WHERE l."Key" = @__key_0)
2025-10-30 11:53:34.267 +09:00 [INF] Executed DbCommand (1ms) [Parameters=[@__key_0='?'], CommandType='"Text"', CommandTimeout='30']
SELECT EXISTS (
    SELECT 1
    FROM "LocalizationResources" AS l
    WHERE l."Key" = @__key_0)
2025-10-30 11:53:34.270 +09:00 [INF] Executed DbCommand (1ms) [Parameters=[@__key_0='?'], CommandType='"Text"', CommandTimeout='30']
SELECT EXISTS (
    SELECT 1
    FROM "LocalizationResources" AS l
    WHERE l."Key" = @__key_0)
2025-10-30 11:53:34.274 +09:00 [INF] Executed DbCommand (1ms) [Parameters=[@__key_0='?'], CommandType='"Text"', CommandTimeout='30']
SELECT EXISTS (
    SELECT 1
    FROM "LocalizationResources" AS l
    WHERE l."Key" = @__key_0)
2025-10-30 11:53:34.276 +09:00 [INF] Executed DbCommand (1ms) [Parameters=[@__key_0='?'], CommandType='"Text"', CommandTimeout='30']
SELECT EXISTS (
    SELECT 1
    FROM "LocalizationResources" AS l
    WHERE l."Key" = @__key_0)
2025-10-30 11:53:34.281 +09:00 [INF] Executed DbCommand (1ms) [Parameters=[@__key_0='?'], CommandType='"Text"', CommandTimeout='30']
SELECT EXISTS (
    SELECT 1
    FROM "LocalizationResources" AS l
    WHERE l."Key" = @__key_0)
2025-10-30 11:53:34.285 +09:00 [INF] Executed DbCommand (1ms) [Parameters=[@__key_0='?'], CommandType='"Text"', CommandTimeout='30']
SELECT EXISTS (
    SELECT 1
    FROM "LocalizationResources" AS l
    WHERE l."Key" = @__key_0)
2025-10-30 11:53:34.288 +09:00 [INF] Executed DbCommand (1ms) [Parameters=[@__key_0='?'], CommandType='"Text"', CommandTimeout='30']
SELECT EXISTS (
    SELECT 1
    FROM "LocalizationResources" AS l
    WHERE l."Key" = @__key_0)
2025-10-30 11:53:34.291 +09:00 [INF] Executed DbCommand (1ms) [Parameters=[@__key_0='?'], CommandType='"Text"', CommandTimeout='30']
SELECT EXISTS (
    SELECT 1
    FROM "LocalizationResources" AS l
    WHERE l."Key" = @__key_0)
2025-10-30 11:53:34.298 +09:00 [INF] Executed DbCommand (2ms) [Parameters=[@__key_0='?'], CommandType='"Text"', CommandTimeout='30']
SELECT EXISTS (
    SELECT 1
    FROM "LocalizationResources" AS l
    WHERE l."Key" = @__key_0)
2025-10-30 11:53:34.301 +09:00 [INF] Executed DbCommand (1ms) [Parameters=[@__key_0='?'], CommandType='"Text"', CommandTimeout='30']
SELECT EXISTS (
    SELECT 1
    FROM "LocalizationResources" AS l
    WHERE l."Key" = @__key_0)
2025-10-30 11:53:34.305 +09:00 [INF] Executed DbCommand (1ms) [Parameters=[@__key_0='?'], CommandType='"Text"', CommandTimeout='30']
SELECT EXISTS (
    SELECT 1
    FROM "LocalizationResources" AS l
    WHERE l."Key" = @__key_0)
2025-10-30 11:53:34.308 +09:00 [INF] Executed DbCommand (1ms) [Parameters=[@__key_0='?'], CommandType='"Text"', CommandTimeout='30']
SELECT EXISTS (
    SELECT 1
    FROM "LocalizationResources" AS l
    WHERE l."Key" = @__key_0)
2025-10-30 11:53:34.314 +09:00 [INF] Executed DbCommand (1ms) [Parameters=[@__key_0='?'], CommandType='"Text"', CommandTimeout='30']
SELECT EXISTS (
    SELECT 1
    FROM "LocalizationResources" AS l
    WHERE l."Key" = @__key_0)
2025-10-30 11:53:34.317 +09:00 [INF] Executed DbCommand (1ms) [Parameters=[@__key_0='?'], CommandType='"Text"', CommandTimeout='30']
SELECT EXISTS (
    SELECT 1
    FROM "LocalizationResources" AS l
    WHERE l."Key" = @__key_0)
2025-10-30 11:53:34.321 +09:00 [INF] Executed DbCommand (1ms) [Parameters=[@__key_0='?'], CommandType='"Text"', CommandTimeout='30']
SELECT EXISTS (
    SELECT 1
    FROM "LocalizationResources" AS l
    WHERE l."Key" = @__key_0)
2025-10-30 11:53:34.328 +09:00 [INF] Executed DbCommand (2ms) [Parameters=[@__key_0='?'], CommandType='"Text"', CommandTimeout='30']
SELECT EXISTS (
    SELECT 1
    FROM "LocalizationResources" AS l
    WHERE l."Key" = @__key_0)
2025-10-30 11:53:34.333 +09:00 [INF] Executed DbCommand (1ms) [Parameters=[@__key_0='?'], CommandType='"Text"', CommandTimeout='30']
SELECT EXISTS (
    SELECT 1
    FROM "LocalizationResources" AS l
    WHERE l."Key" = @__key_0)
2025-10-30 11:53:34.337 +09:00 [INF] Executed DbCommand (1ms) [Parameters=[@__key_0='?'], CommandType='"Text"', CommandTimeout='30']
SELECT EXISTS (
    SELECT 1
    FROM "LocalizationResources" AS l
    WHERE l."Key" = @__key_0)
2025-10-30 11:53:34.342 +09:00 [INF] Executed DbCommand (1ms) [Parameters=[@__key_0='?'], CommandType='"Text"', CommandTimeout='30']
SELECT EXISTS (
    SELECT 1
    FROM "LocalizationResources" AS l
    WHERE l."Key" = @__key_0)
2025-10-30 11:53:34.346 +09:00 [INF] Executed DbCommand (1ms) [Parameters=[@__key_0='?'], CommandType='"Text"', CommandTimeout='30']
SELECT EXISTS (
    SELECT 1
    FROM "LocalizationResources" AS l
    WHERE l."Key" = @__key_0)
2025-10-30 11:53:34.349 +09:00 [INF] Executed DbCommand (1ms) [Parameters=[@__key_0='?'], CommandType='"Text"', CommandTimeout='30']
SELECT EXISTS (
    SELECT 1
    FROM "LocalizationResources" AS l
    WHERE l."Key" = @__key_0)
2025-10-30 11:53:34.352 +09:00 [INF] Executed DbCommand (1ms) [Parameters=[@__key_0='?'], CommandType='"Text"', CommandTimeout='30']
SELECT EXISTS (
    SELECT 1
    FROM "LocalizationResources" AS l
    WHERE l."Key" = @__key_0)
2025-10-30 11:53:34.360 +09:00 [INF] Executed DbCommand (2ms) [Parameters=[@__key_0='?'], CommandType='"Text"', CommandTimeout='30']
SELECT EXISTS (
    SELECT 1
    FROM "LocalizationResources" AS l
    WHERE l."Key" = @__key_0)
2025-10-30 11:53:34.363 +09:00 [INF] Executed DbCommand (1ms) [Parameters=[@__key_0='?'], CommandType='"Text"', CommandTimeout='30']
SELECT EXISTS (
    SELECT 1
    FROM "LocalizationResources" AS l
    WHERE l."Key" = @__key_0)
2025-10-30 11:53:34.367 +09:00 [INF] Executed DbCommand (1ms) [Parameters=[@__key_0='?'], CommandType='"Text"', CommandTimeout='30']
SELECT EXISTS (
    SELECT 1
    FROM "LocalizationResources" AS l
    WHERE l."Key" = @__key_0)
2025-10-30 11:53:34.378 +09:00 [INF] Executed DbCommand (2ms) [Parameters=[], CommandType='"Text"', CommandTimeout='30']
CREATE INDEX IF NOT EXISTS idx_fieldvalues_value_gin ON "FieldValues" USING GIN ("Value");
2025-10-30 11:53:34.382 +09:00 [INF] Executed DbCommand (1ms) [Parameters=[], CommandType='"Text"', CommandTimeout='30']
CREATE INDEX IF NOT EXISTS idx_fielddefinitions_tags_gin ON "FieldDefinitions" USING GIN ("Tags");
2025-10-30 11:53:34.385 +09:00 [INF] Executed DbCommand (1ms) [Parameters=[], CommandType='"Text"', CommandTimeout='30']
CREATE INDEX IF NOT EXISTS idx_fielddefinitions_actions_gin ON "FieldDefinitions" USING GIN ("Actions");
2025-10-30 11:53:34.390 +09:00 [INF] Executed DbCommand (1ms) [Parameters=[], CommandType='"Text"', CommandTimeout='30']
CREATE INDEX IF NOT EXISTS idx_userlayouts_layoutjson_gin ON "UserLayouts" USING GIN ("LayoutJson");
2025-10-30 11:53:34.393 +09:00 [INF] Executed DbCommand (1ms) [Parameters=[], CommandType='"Text"', CommandTimeout='30']
CREATE INDEX IF NOT EXISTS idx_fieldvalues_customer_field ON "FieldValues" ("CustomerId", "FieldDefinitionId");
2025-10-30 11:53:34.447 +09:00 [INF] Executed DbCommand (2ms) [Parameters=[@__normalizedName_0='?'], CommandType='"Text"', CommandTimeout='30']
SELECT a."Id", a."ConcurrencyStamp", a."Name", a."NormalizedName"
FROM "AspNetRoles" AS a
WHERE a."NormalizedName" = @__normalizedName_0
LIMIT 1
2025-10-30 11:53:34.490 +09:00 [INF] Executed DbCommand (3ms) [Parameters=[@__normalizedUserName_0='?'], CommandType='"Text"', CommandTimeout='30']
SELECT a."Id", a."AccessFailedCount", a."ConcurrencyStamp", a."Email", a."EmailConfirmed", a."LockoutEnabled", a."LockoutEnd", a."NormalizedEmail", a."NormalizedUserName", a."PasswordHash", a."PhoneNumber", a."PhoneNumberConfirmed", a."SecurityStamp", a."TwoFactorEnabled", a."UserName"
FROM "AspNetUsers" AS a
WHERE a."NormalizedUserName" = @__normalizedUserName_0
LIMIT 1
2025-10-30 11:53:34.522 +09:00 [INF] Executed DbCommand (2ms) [Parameters=[@__normalizedRoleName_0='?'], CommandType='"Text"', CommandTimeout='30']
SELECT a."Id", a."ConcurrencyStamp", a."Name", a."NormalizedName"
FROM "AspNetRoles" AS a
WHERE a."NormalizedName" = @__normalizedRoleName_0
LIMIT 2
2025-10-30 11:53:34.537 +09:00 [INF] Executed DbCommand (2ms) [Parameters=[@__p_0='?', @__p_1='?'], CommandType='"Text"', CommandTimeout='30']
SELECT a."UserId", a."RoleId"
FROM "AspNetUserRoles" AS a
WHERE a."UserId" = @__p_0 AND a."RoleId" = @__p_1
LIMIT 1
2025-10-30 11:53:34.560 +09:00 [INF] Executed DbCommand (2ms) [Parameters=[], CommandType='"Text"', CommandTimeout='30']
SELECT c."Id"
FROM "Customers" AS c
2025-10-30 11:53:34.567 +09:00 [INF] Executed DbCommand (2ms) [Parameters=[@__cid_0='?' (DbType = Int32), @__8__locals1_admin_Id_1='?'], CommandType='"Text"', CommandTimeout='30']
SELECT EXISTS (
    SELECT 1
    FROM "CustomerAccesses" AS c
    WHERE c."CustomerId" = @__cid_0 AND c."UserId" = @__8__locals1_admin_Id_1)
2025-10-30 11:53:34.571 +09:00 [INF] Executed DbCommand (1ms) [Parameters=[@__cid_0='?' (DbType = Int32), @__8__locals1_admin_Id_1='?'], CommandType='"Text"', CommandTimeout='30']
SELECT EXISTS (
    SELECT 1
    FROM "CustomerAccesses" AS c
    WHERE c."CustomerId" = @__cid_0 AND c."UserId" = @__8__locals1_admin_Id_1)
2025-10-30 11:53:34.655 +09:00 [INF] Executed DbCommand (2ms) [Parameters=[], CommandType='"Text"', CommandTimeout='30']
SELECT d."Id", d."FriendlyName", d."Xml"
FROM "DataProtectionKeys" AS d
2025-10-30 11:53:34.881 +09:00 [INF] Now listening on: http://0.0.0.0:5200
2025-10-30 11:53:34.883 +09:00 [INF] Application started. Press Ctrl+C to shut down.
2025-10-30 11:53:34.883 +09:00 [INF] Hosting environment: Development
2025-10-30 11:53:34.884 +09:00 [INF] Content root path: C:\workspace\bobcrm\src\BobCrm.Api
2025-10-30 11:53:50.598 +09:00 [INF] Request starting HTTP/1.1 GET http://192.168.20.218:5200/api/i18n/ja - null null
2025-10-30 11:53:50.773 +09:00 [INF] Executing endpoint 'HTTP: GET /api/i18n/{lang}'
2025-10-30 11:53:50.835 +09:00 [INF] Executed DbCommand (3ms) [Parameters=[], CommandType='"Text"', CommandTimeout='30']
SELECT l."Key", l."EN", l."JA", l."ZH"
FROM "LocalizationResources" AS l
2025-10-30 11:53:50.845 +09:00 [INF] Writing value of type 'Dictionary`2' as Json.
2025-10-30 11:53:50.861 +09:00 [INF] Executed endpoint 'HTTP: GET /api/i18n/{lang}'
2025-10-30 11:53:50.865 +09:00 [INF] Request finished HTTP/1.1 GET http://192.168.20.218:5200/api/i18n/ja - 200 null application/json; charset=utf-8 268.9536ms
2025-10-30 11:53:50.888 +09:00 [INF] Request starting HTTP/1.1 GET http://192.168.20.218:5200/api/setup/admin - null null
2025-10-30 11:53:50.897 +09:00 [INF] Executing endpoint 'HTTP: GET /api/setup/admin'
2025-10-30 11:53:50.905 +09:00 [INF] Executed DbCommand (2ms) [Parameters=[@__normalizedName_0='?'], CommandType='"Text"', CommandTimeout='30']
SELECT a."Id", a."ConcurrencyStamp", a."Name", a."NormalizedName"
FROM "AspNetRoles" AS a
WHERE a."NormalizedName" = @__normalizedName_0
LIMIT 1
2025-10-30 11:53:50.916 +09:00 [INF] Executed DbCommand (2ms) [Parameters=[@__normalizedRoleName_0='?'], CommandType='"Text"', CommandTimeout='30']
SELECT a."Id", a."ConcurrencyStamp", a."Name", a."NormalizedName"
FROM "AspNetRoles" AS a
WHERE a."NormalizedName" = @__normalizedRoleName_0
LIMIT 2
2025-10-30 11:53:50.959 +09:00 [INF] Executed DbCommand (2ms) [Parameters=[@__role_Id_0='?'], CommandType='"Text"', CommandTimeout='30']
SELECT a0."Id", a0."AccessFailedCount", a0."ConcurrencyStamp", a0."Email", a0."EmailConfirmed", a0."LockoutEnabled", a0."LockoutEnd", a0."NormalizedEmail", a0."NormalizedUserName", a0."PasswordHash", a0."PhoneNumber", a0."PhoneNumberConfirmed", a0."SecurityStamp", a0."TwoFactorEnabled", a0."UserName"
FROM "AspNetUserRoles" AS a
INNER JOIN "AspNetUsers" AS a0 ON a."UserId" = a0."Id"
WHERE a."RoleId" = @__role_Id_0
2025-10-30 11:53:50.965 +09:00 [INF] Setting HTTP status code 200.
2025-10-30 11:53:50.971 +09:00 [INF] Writing value of type '<>f__AnonymousType31`3' as Json.
2025-10-30 11:53:50.974 +09:00 [INF] Executed endpoint 'HTTP: GET /api/setup/admin'
2025-10-30 11:53:50.977 +09:00 [INF] Request finished HTTP/1.1 GET http://192.168.20.218:5200/api/setup/admin - 200 null application/json; charset=utf-8 89.3901ms
2025-10-30 11:53:51.715 +09:00 [INF] Request starting HTTP/1.1 GET http://192.168.20.218:5200/api/i18n/ja - null null
2025-10-30 11:53:51.720 +09:00 [INF] Executing endpoint 'HTTP: GET /api/i18n/{lang}'
2025-10-30 11:53:51.724 +09:00 [INF] Executed DbCommand (1ms) [Parameters=[], CommandType='"Text"', CommandTimeout='30']
SELECT l."Key", l."EN", l."JA", l."ZH"
FROM "LocalizationResources" AS l
2025-10-30 11:53:51.729 +09:00 [INF] Writing value of type 'Dictionary`2' as Json.
2025-10-30 11:53:51.730 +09:00 [INF] Executed endpoint 'HTTP: GET /api/i18n/{lang}'
2025-10-30 11:53:51.733 +09:00 [INF] Request finished HTTP/1.1 GET http://192.168.20.218:5200/api/i18n/ja - 200 null application/json; charset=utf-8 17.9304ms
2025-10-30 11:53:51.752 +09:00 [INF] Request starting HTTP/1.1 GET http://192.168.20.218:5200/api/customers - null null
2025-10-30 11:53:51.995 +09:00 [INF] Executing endpoint 'HTTP: GET /api/customers'
2025-10-30 11:53:52.007 +09:00 [INF] Executed DbCommand (2ms) [Parameters=[@__uid_0='?'], CommandType='"Text"', CommandTimeout='30']
SELECT c."CustomerId"
FROM "CustomerAccesses" AS c
WHERE c."UserId" = @__uid_0
2025-10-30 11:53:52.067 +09:00 [INF] Executed DbCommand (35ms) [Parameters=[@__accessIds_0='?' (DbType = Object)], CommandType='"Text"', CommandTimeout='30']
SELECT c."Id" AS id, c."Code" AS code, c."Name" AS name
FROM "Customers" AS c
WHERE c."Id" = ANY (@__accessIds_0)
2025-10-30 11:53:52.071 +09:00 [INF] Writing value of type 'List`1' as Json.
2025-10-30 11:53:52.082 +09:00 [INF] Executed endpoint 'HTTP: GET /api/customers'
2025-10-30 11:53:52.086 +09:00 [INF] Request finished HTTP/1.1 GET http://192.168.20.218:5200/api/customers - 200 null application/json; charset=utf-8 333.6516ms
2025-10-30 11:57:20.940 +09:00 [INF] Application is shutting down...
