2025-10-30 17:37:49.272 +09:00 [INF] ============================================
2025-10-30 17:37:49.301 +09:00 [INF] Application starting at "2025-10-30T17:37:49.2957576+09:00", log file: C:\workspace\bobcrm\src\BobCrm.Api\..\..\logs\api_20251030_173749.log
2025-10-30 17:37:49.309 +09:00 [INF] ============================================
2025-10-30 17:37:50.266 +09:00 [INF] Executed DbCommand (42ms) [Parameters=[], CommandType='"Text"', CommandTimeout='30']
SELECT CASE WHEN COUNT(*) = 0 THEN FALSE ELSE TRUE END
FROM pg_class AS cls
JOIN pg_namespace AS ns ON ns.oid = cls.relnamespace
WHERE
        cls.relkind IN ('r', 'v', 'm', 'f', 'p') AND
        ns.nspname NOT IN ('pg_catalog', 'information_schema') AND
        -- Exclude tables which are members of PG extensions
        NOT EXISTS (
            SELECT 1 FROM pg_depend WHERE
                classid=(
                    SELECT cls.oid
                    FROM pg_class AS cls
                             JOIN pg_namespace AS ns ON ns.oid = cls.relnamespace
                    WHERE relname='pg_class' AND ns.nspname='pg_catalog'
                ) AND
                objid=cls.oid AND
                deptype IN ('e', 'x')
        )
2025-10-30 17:37:50.428 +09:00 [INF] Executed DbCommand (5ms) [Parameters=[], CommandType='"Text"', CommandTimeout='30']
SELECT count(*)::int
FROM "Customers" AS c
2025-10-30 17:37:50.448 +09:00 [INF] Executed DbCommand (4ms) [Parameters=[], CommandType='"Text"', CommandTimeout='30']
CREATE TABLE IF NOT EXISTS "LocalizationLanguages" ("Id" SERIAL PRIMARY KEY, "Code" text NOT NULL, "NativeName" text NOT NULL);
2025-10-30 17:37:50.466 +09:00 [INF] Executed DbCommand (1ms) [Parameters=[], CommandType='"Text"', CommandTimeout='30']
SELECT EXISTS (
    SELECT 1
    FROM "Customers" AS c)
2025-10-30 17:37:50.474 +09:00 [INF] Executed DbCommand (2ms) [Parameters=[], CommandType='"Text"', CommandTimeout='30']
SELECT EXISTS (
    SELECT 1
    FROM "FieldDefinitions" AS f)
2025-10-30 17:37:50.482 +09:00 [INF] Executed DbCommand (2ms) [Parameters=[], CommandType='"Text"', CommandTimeout='30']
SELECT EXISTS (
    SELECT 1
    FROM "LocalizationLanguages" AS l)
2025-10-30 17:37:50.490 +09:00 [INF] Executed DbCommand (2ms) [Parameters=[], CommandType='"Text"', CommandTimeout='30']
SELECT EXISTS (
    SELECT 1
    FROM "LocalizationResources" AS l)
2025-10-30 17:37:50.534 +09:00 [INF] Executed DbCommand (8ms) [Parameters=[@__key_0='?'], CommandType='"Text"', CommandTimeout='30']
SELECT EXISTS (
    SELECT 1
    FROM "LocalizationResources" AS l
    WHERE l."Key" = @__key_0)
2025-10-30 17:37:50.541 +09:00 [INF] Executed DbCommand (1ms) [Parameters=[@__key_0='?'], CommandType='"Text"', CommandTimeout='30']
SELECT EXISTS (
    SELECT 1
    FROM "LocalizationResources" AS l
    WHERE l."Key" = @__key_0)
2025-10-30 17:37:50.547 +09:00 [INF] Executed DbCommand (1ms) [Parameters=[@__key_0='?'], CommandType='"Text"', CommandTimeout='30']
SELECT EXISTS (
    SELECT 1
    FROM "LocalizationResources" AS l
    WHERE l."Key" = @__key_0)
2025-10-30 17:37:50.552 +09:00 [INF] Executed DbCommand (1ms) [Parameters=[@__key_0='?'], CommandType='"Text"', CommandTimeout='30']
SELECT EXISTS (
    SELECT 1
    FROM "LocalizationResources" AS l
    WHERE l."Key" = @__key_0)
2025-10-30 17:37:50.556 +09:00 [INF] Executed DbCommand (2ms) [Parameters=[@__key_0='?'], CommandType='"Text"', CommandTimeout='30']
SELECT EXISTS (
    SELECT 1
    FROM "LocalizationResources" AS l
    WHERE l."Key" = @__key_0)
2025-10-30 17:37:50.562 +09:00 [INF] Executed DbCommand (1ms) [Parameters=[@__key_0='?'], CommandType='"Text"', CommandTimeout='30']
SELECT EXISTS (
    SELECT 1
    FROM "LocalizationResources" AS l
    WHERE l."Key" = @__key_0)
2025-10-30 17:37:50.567 +09:00 [INF] Executed DbCommand (1ms) [Parameters=[@__key_0='?'], CommandType='"Text"', CommandTimeout='30']
SELECT EXISTS (
    SELECT 1
    FROM "LocalizationResources" AS l
    WHERE l."Key" = @__key_0)
2025-10-30 17:37:50.571 +09:00 [INF] Executed DbCommand (1ms) [Parameters=[@__key_0='?'], CommandType='"Text"', CommandTimeout='30']
SELECT EXISTS (
    SELECT 1
    FROM "LocalizationResources" AS l
    WHERE l."Key" = @__key_0)
2025-10-30 17:37:50.579 +09:00 [INF] Executed DbCommand (1ms) [Parameters=[@__key_0='?'], CommandType='"Text"', CommandTimeout='30']
SELECT EXISTS (
    SELECT 1
    FROM "LocalizationResources" AS l
    WHERE l."Key" = @__key_0)
2025-10-30 17:37:50.584 +09:00 [INF] Executed DbCommand (1ms) [Parameters=[@__key_0='?'], CommandType='"Text"', CommandTimeout='30']
SELECT EXISTS (
    SELECT 1
    FROM "LocalizationResources" AS l
    WHERE l."Key" = @__key_0)
2025-10-30 17:37:50.590 +09:00 [INF] Executed DbCommand (2ms) [Parameters=[@__key_0='?'], CommandType='"Text"', CommandTimeout='30']
SELECT EXISTS (
    SELECT 1
    FROM "LocalizationResources" AS l
    WHERE l."Key" = @__key_0)
2025-10-30 17:37:50.596 +09:00 [INF] Executed DbCommand (1ms) [Parameters=[@__key_0='?'], CommandType='"Text"', CommandTimeout='30']
SELECT EXISTS (
    SELECT 1
    FROM "LocalizationResources" AS l
    WHERE l."Key" = @__key_0)
2025-10-30 17:37:50.600 +09:00 [INF] Executed DbCommand (2ms) [Parameters=[@__key_0='?'], CommandType='"Text"', CommandTimeout='30']
SELECT EXISTS (
    SELECT 1
    FROM "LocalizationResources" AS l
    WHERE l."Key" = @__key_0)
2025-10-30 17:37:50.604 +09:00 [INF] Executed DbCommand (2ms) [Parameters=[@__key_0='?'], CommandType='"Text"', CommandTimeout='30']
SELECT EXISTS (
    SELECT 1
    FROM "LocalizationResources" AS l
    WHERE l."Key" = @__key_0)
2025-10-30 17:37:50.609 +09:00 [INF] Executed DbCommand (1ms) [Parameters=[@__key_0='?'], CommandType='"Text"', CommandTimeout='30']
SELECT EXISTS (
    SELECT 1
    FROM "LocalizationResources" AS l
    WHERE l."Key" = @__key_0)
2025-10-30 17:37:50.612 +09:00 [INF] Executed DbCommand (1ms) [Parameters=[@__key_0='?'], CommandType='"Text"', CommandTimeout='30']
SELECT EXISTS (
    SELECT 1
    FROM "LocalizationResources" AS l
    WHERE l."Key" = @__key_0)
2025-10-30 17:37:50.615 +09:00 [INF] Executed DbCommand (1ms) [Parameters=[@__key_0='?'], CommandType='"Text"', CommandTimeout='30']
SELECT EXISTS (
    SELECT 1
    FROM "LocalizationResources" AS l
    WHERE l."Key" = @__key_0)
2025-10-30 17:37:50.622 +09:00 [INF] Executed DbCommand (2ms) [Parameters=[@__key_0='?'], CommandType='"Text"', CommandTimeout='30']
SELECT EXISTS (
    SELECT 1
    FROM "LocalizationResources" AS l
    WHERE l."Key" = @__key_0)
2025-10-30 17:37:50.627 +09:00 [INF] Executed DbCommand (1ms) [Parameters=[@__key_0='?'], CommandType='"Text"', CommandTimeout='30']
SELECT EXISTS (
    SELECT 1
    FROM "LocalizationResources" AS l
    WHERE l."Key" = @__key_0)
2025-10-30 17:37:50.633 +09:00 [INF] Executed DbCommand (1ms) [Parameters=[@__key_0='?'], CommandType='"Text"', CommandTimeout='30']
SELECT EXISTS (
    SELECT 1
    FROM "LocalizationResources" AS l
    WHERE l."Key" = @__key_0)
2025-10-30 17:37:50.640 +09:00 [INF] Executed DbCommand (1ms) [Parameters=[@__key_0='?'], CommandType='"Text"', CommandTimeout='30']
SELECT EXISTS (
    SELECT 1
    FROM "LocalizationResources" AS l
    WHERE l."Key" = @__key_0)
2025-10-30 17:37:50.645 +09:00 [INF] Executed DbCommand (1ms) [Parameters=[@__key_0='?'], CommandType='"Text"', CommandTimeout='30']
SELECT EXISTS (
    SELECT 1
    FROM "LocalizationResources" AS l
    WHERE l."Key" = @__key_0)
2025-10-30 17:37:50.652 +09:00 [INF] Executed DbCommand (3ms) [Parameters=[@__key_0='?'], CommandType='"Text"', CommandTimeout='30']
SELECT EXISTS (
    SELECT 1
    FROM "LocalizationResources" AS l
    WHERE l."Key" = @__key_0)
2025-10-30 17:37:50.670 +09:00 [INF] Executed DbCommand (2ms) [Parameters=[@__key_0='?'], CommandType='"Text"', CommandTimeout='30']
SELECT EXISTS (
    SELECT 1
    FROM "LocalizationResources" AS l
    WHERE l."Key" = @__key_0)
2025-10-30 17:37:50.675 +09:00 [INF] Executed DbCommand (1ms) [Parameters=[@__key_0='?'], CommandType='"Text"', CommandTimeout='30']
SELECT EXISTS (
    SELECT 1
    FROM "LocalizationResources" AS l
    WHERE l."Key" = @__key_0)
2025-10-30 17:37:50.680 +09:00 [INF] Executed DbCommand (2ms) [Parameters=[@__key_0='?'], CommandType='"Text"', CommandTimeout='30']
SELECT EXISTS (
    SELECT 1
    FROM "LocalizationResources" AS l
    WHERE l."Key" = @__key_0)
2025-10-30 17:37:50.691 +09:00 [INF] Executed DbCommand (2ms) [Parameters=[@__key_0='?'], CommandType='"Text"', CommandTimeout='30']
SELECT EXISTS (
    SELECT 1
    FROM "LocalizationResources" AS l
    WHERE l."Key" = @__key_0)
2025-10-30 17:37:50.695 +09:00 [INF] Executed DbCommand (1ms) [Parameters=[@__key_0='?'], CommandType='"Text"', CommandTimeout='30']
SELECT EXISTS (
    SELECT 1
    FROM "LocalizationResources" AS l
    WHERE l."Key" = @__key_0)
2025-10-30 17:37:50.702 +09:00 [INF] Executed DbCommand (1ms) [Parameters=[@__key_0='?'], CommandType='"Text"', CommandTimeout='30']
SELECT EXISTS (
    SELECT 1
    FROM "LocalizationResources" AS l
    WHERE l."Key" = @__key_0)
2025-10-30 17:37:50.706 +09:00 [INF] Executed DbCommand (1ms) [Parameters=[@__key_0='?'], CommandType='"Text"', CommandTimeout='30']
SELECT EXISTS (
    SELECT 1
    FROM "LocalizationResources" AS l
    WHERE l."Key" = @__key_0)
2025-10-30 17:37:50.710 +09:00 [INF] Executed DbCommand (1ms) [Parameters=[@__key_0='?'], CommandType='"Text"', CommandTimeout='30']
SELECT EXISTS (
    SELECT 1
    FROM "LocalizationResources" AS l
    WHERE l."Key" = @__key_0)
2025-10-30 17:37:50.719 +09:00 [INF] Executed DbCommand (2ms) [Parameters=[@__key_0='?'], CommandType='"Text"', CommandTimeout='30']
SELECT EXISTS (
    SELECT 1
    FROM "LocalizationResources" AS l
    WHERE l."Key" = @__key_0)
2025-10-30 17:37:50.723 +09:00 [INF] Executed DbCommand (1ms) [Parameters=[@__key_0='?'], CommandType='"Text"', CommandTimeout='30']
SELECT EXISTS (
    SELECT 1
    FROM "LocalizationResources" AS l
    WHERE l."Key" = @__key_0)
2025-10-30 17:37:50.726 +09:00 [INF] Executed DbCommand (1ms) [Parameters=[@__key_0='?'], CommandType='"Text"', CommandTimeout='30']
SELECT EXISTS (
    SELECT 1
    FROM "LocalizationResources" AS l
    WHERE l."Key" = @__key_0)
2025-10-30 17:37:50.731 +09:00 [INF] Executed DbCommand (1ms) [Parameters=[@__key_0='?'], CommandType='"Text"', CommandTimeout='30']
SELECT EXISTS (
    SELECT 1
    FROM "LocalizationResources" AS l
    WHERE l."Key" = @__key_0)
2025-10-30 17:37:50.734 +09:00 [INF] Executed DbCommand (1ms) [Parameters=[@__key_0='?'], CommandType='"Text"', CommandTimeout='30']
SELECT EXISTS (
    SELECT 1
    FROM "LocalizationResources" AS l
    WHERE l."Key" = @__key_0)
2025-10-30 17:37:50.738 +09:00 [INF] Executed DbCommand (1ms) [Parameters=[@__key_0='?'], CommandType='"Text"', CommandTimeout='30']
SELECT EXISTS (
    SELECT 1
    FROM "LocalizationResources" AS l
    WHERE l."Key" = @__key_0)
2025-10-30 17:37:50.741 +09:00 [INF] Executed DbCommand (1ms) [Parameters=[@__key_0='?'], CommandType='"Text"', CommandTimeout='30']
SELECT EXISTS (
    SELECT 1
    FROM "LocalizationResources" AS l
    WHERE l."Key" = @__key_0)
2025-10-30 17:37:50.749 +09:00 [INF] Executed DbCommand (1ms) [Parameters=[@__key_0='?'], CommandType='"Text"', CommandTimeout='30']
SELECT EXISTS (
    SELECT 1
    FROM "LocalizationResources" AS l
    WHERE l."Key" = @__key_0)
2025-10-30 17:37:50.752 +09:00 [INF] Executed DbCommand (1ms) [Parameters=[@__key_0='?'], CommandType='"Text"', CommandTimeout='30']
SELECT EXISTS (
    SELECT 1
    FROM "LocalizationResources" AS l
    WHERE l."Key" = @__key_0)
2025-10-30 17:37:50.756 +09:00 [INF] Executed DbCommand (1ms) [Parameters=[@__key_0='?'], CommandType='"Text"', CommandTimeout='30']
SELECT EXISTS (
    SELECT 1
    FROM "LocalizationResources" AS l
    WHERE l."Key" = @__key_0)
2025-10-30 17:37:50.761 +09:00 [INF] Executed DbCommand (1ms) [Parameters=[@__key_0='?'], CommandType='"Text"', CommandTimeout='30']
SELECT EXISTS (
    SELECT 1
    FROM "LocalizationResources" AS l
    WHERE l."Key" = @__key_0)
2025-10-30 17:37:50.764 +09:00 [INF] Executed DbCommand (1ms) [Parameters=[@__key_0='?'], CommandType='"Text"', CommandTimeout='30']
SELECT EXISTS (
    SELECT 1
    FROM "LocalizationResources" AS l
    WHERE l."Key" = @__key_0)
2025-10-30 17:37:50.768 +09:00 [INF] Executed DbCommand (1ms) [Parameters=[@__key_0='?'], CommandType='"Text"', CommandTimeout='30']
SELECT EXISTS (
    SELECT 1
    FROM "LocalizationResources" AS l
    WHERE l."Key" = @__key_0)
2025-10-30 17:37:50.771 +09:00 [INF] Executed DbCommand (1ms) [Parameters=[@__key_0='?'], CommandType='"Text"', CommandTimeout='30']
SELECT EXISTS (
    SELECT 1
    FROM "LocalizationResources" AS l
    WHERE l."Key" = @__key_0)
2025-10-30 17:37:50.779 +09:00 [INF] Executed DbCommand (1ms) [Parameters=[@__key_0='?'], CommandType='"Text"', CommandTimeout='30']
SELECT EXISTS (
    SELECT 1
    FROM "LocalizationResources" AS l
    WHERE l."Key" = @__key_0)
2025-10-30 17:37:50.782 +09:00 [INF] Executed DbCommand (1ms) [Parameters=[@__key_0='?'], CommandType='"Text"', CommandTimeout='30']
SELECT EXISTS (
    SELECT 1
    FROM "LocalizationResources" AS l
    WHERE l."Key" = @__key_0)
2025-10-30 17:37:50.785 +09:00 [INF] Executed DbCommand (1ms) [Parameters=[@__key_0='?'], CommandType='"Text"', CommandTimeout='30']
SELECT EXISTS (
    SELECT 1
    FROM "LocalizationResources" AS l
    WHERE l."Key" = @__key_0)
2025-10-30 17:37:50.788 +09:00 [INF] Executed DbCommand (1ms) [Parameters=[@__key_0='?'], CommandType='"Text"', CommandTimeout='30']
SELECT EXISTS (
    SELECT 1
    FROM "LocalizationResources" AS l
    WHERE l."Key" = @__key_0)
2025-10-30 17:37:50.794 +09:00 [INF] Executed DbCommand (1ms) [Parameters=[@__key_0='?'], CommandType='"Text"', CommandTimeout='30']
SELECT EXISTS (
    SELECT 1
    FROM "LocalizationResources" AS l
    WHERE l."Key" = @__key_0)
2025-10-30 17:37:50.798 +09:00 [INF] Executed DbCommand (1ms) [Parameters=[@__key_0='?'], CommandType='"Text"', CommandTimeout='30']
SELECT EXISTS (
    SELECT 1
    FROM "LocalizationResources" AS l
    WHERE l."Key" = @__key_0)
2025-10-30 17:37:50.801 +09:00 [INF] Executed DbCommand (1ms) [Parameters=[@__key_0='?'], CommandType='"Text"', CommandTimeout='30']
SELECT EXISTS (
    SELECT 1
    FROM "LocalizationResources" AS l
    WHERE l."Key" = @__key_0)
2025-10-30 17:37:50.805 +09:00 [INF] Executed DbCommand (1ms) [Parameters=[@__key_0='?'], CommandType='"Text"', CommandTimeout='30']
SELECT EXISTS (
    SELECT 1
    FROM "LocalizationResources" AS l
    WHERE l."Key" = @__key_0)
2025-10-30 17:37:50.824 +09:00 [INF] Executed DbCommand (2ms) [Parameters=[], CommandType='"Text"', CommandTimeout='30']
CREATE INDEX IF NOT EXISTS idx_fieldvalues_value_gin ON "FieldValues" USING GIN ("Value");
2025-10-30 17:37:50.827 +09:00 [INF] Executed DbCommand (1ms) [Parameters=[], CommandType='"Text"', CommandTimeout='30']
CREATE INDEX IF NOT EXISTS idx_fielddefinitions_tags_gin ON "FieldDefinitions" USING GIN ("Tags");
2025-10-30 17:37:50.830 +09:00 [INF] Executed DbCommand (1ms) [Parameters=[], CommandType='"Text"', CommandTimeout='30']
CREATE INDEX IF NOT EXISTS idx_fielddefinitions_actions_gin ON "FieldDefinitions" USING GIN ("Actions");
2025-10-30 17:37:50.833 +09:00 [INF] Executed DbCommand (1ms) [Parameters=[], CommandType='"Text"', CommandTimeout='30']
CREATE INDEX IF NOT EXISTS idx_userlayouts_layoutjson_gin ON "UserLayouts" USING GIN ("LayoutJson");
2025-10-30 17:37:50.836 +09:00 [INF] Executed DbCommand (2ms) [Parameters=[], CommandType='"Text"', CommandTimeout='30']
CREATE INDEX IF NOT EXISTS idx_fieldvalues_customer_field ON "FieldValues" ("CustomerId", "FieldDefinitionId");
2025-10-30 17:37:50.843 +09:00 [INF] Executed DbCommand (1ms) [Parameters=[], CommandType='"Text"', CommandTimeout='30']
SELECT EXISTS (
    SELECT 1
    FROM "Customers" AS c)
2025-10-30 17:37:50.890 +09:00 [INF] Executed DbCommand (2ms) [Parameters=[@__normalizedName_0='?'], CommandType='"Text"', CommandTimeout='30']
SELECT a."Id", a."ConcurrencyStamp", a."Name", a."NormalizedName"
FROM "AspNetRoles" AS a
WHERE a."NormalizedName" = @__normalizedName_0
LIMIT 1
2025-10-30 17:37:50.939 +09:00 [INF] Executed DbCommand (2ms) [Parameters=[@__normalizedUserName_0='?'], CommandType='"Text"', CommandTimeout='30']
SELECT a."Id", a."AccessFailedCount", a."ConcurrencyStamp", a."Email", a."EmailConfirmed", a."LockoutEnabled", a."LockoutEnd", a."NormalizedEmail", a."NormalizedUserName", a."PasswordHash", a."PhoneNumber", a."PhoneNumberConfirmed", a."SecurityStamp", a."TwoFactorEnabled", a."UserName"
FROM "AspNetUsers" AS a
WHERE a."NormalizedUserName" = @__normalizedUserName_0
LIMIT 1
2025-10-30 17:37:50.984 +09:00 [INF] Executed DbCommand (2ms) [Parameters=[@__normalizedRoleName_0='?'], CommandType='"Text"', CommandTimeout='30']
SELECT a."Id", a."ConcurrencyStamp", a."Name", a."NormalizedName"
FROM "AspNetRoles" AS a
WHERE a."NormalizedName" = @__normalizedRoleName_0
LIMIT 2
2025-10-30 17:37:51.005 +09:00 [INF] Executed DbCommand (2ms) [Parameters=[@__p_0='?', @__p_1='?'], CommandType='"Text"', CommandTimeout='30']
SELECT a."UserId", a."RoleId"
FROM "AspNetUserRoles" AS a
WHERE a."UserId" = @__p_0 AND a."RoleId" = @__p_1
LIMIT 1
2025-10-30 17:37:51.029 +09:00 [INF] Executed DbCommand (2ms) [Parameters=[], CommandType='"Text"', CommandTimeout='30']
SELECT c."Id"
FROM "Customers" AS c
2025-10-30 17:37:51.037 +09:00 [INF] Executed DbCommand (2ms) [Parameters=[@__cid_0='?' (DbType = Int32), @__8__locals1_admin_Id_1='?'], CommandType='"Text"', CommandTimeout='30']
SELECT EXISTS (
    SELECT 1
    FROM "CustomerAccesses" AS c
    WHERE c."CustomerId" = @__cid_0 AND c."UserId" = @__8__locals1_admin_Id_1)
2025-10-30 17:37:51.042 +09:00 [INF] Executed DbCommand (1ms) [Parameters=[@__cid_0='?' (DbType = Int32), @__8__locals1_admin_Id_1='?'], CommandType='"Text"', CommandTimeout='30']
SELECT EXISTS (
    SELECT 1
    FROM "CustomerAccesses" AS c
    WHERE c."CustomerId" = @__cid_0 AND c."UserId" = @__8__locals1_admin_Id_1)
2025-10-30 17:37:51.097 +09:00 [INF] Executed DbCommand (1ms) [Parameters=[], CommandType='"Text"', CommandTimeout='30']
SELECT d."Id", d."FriendlyName", d."Xml"
FROM "DataProtectionKeys" AS d
2025-10-30 17:37:51.267 +09:00 [INF] Now listening on: http://0.0.0.0:5200
2025-10-30 17:37:51.270 +09:00 [INF] Application started. Press Ctrl+C to shut down.
2025-10-30 17:37:51.271 +09:00 [INF] Hosting environment: Development
2025-10-30 17:37:51.272 +09:00 [INF] Content root path: C:\workspace\bobcrm\src\BobCrm.Api
2025-10-30 17:37:56.947 +09:00 [INF] Request starting HTTP/1.1 GET http://192.168.20.218:5200/api/i18n/ja - null null
2025-10-30 17:37:57.076 +09:00 [INF] Executing endpoint 'HTTP: GET /api/i18n/{lang}'
2025-10-30 17:37:57.153 +09:00 [INF] Executed DbCommand (2ms) [Parameters=[], CommandType='"Text"', CommandTimeout='30']
SELECT l."Key", l."EN", l."JA", l."ZH"
FROM "LocalizationResources" AS l
2025-10-30 17:37:57.161 +09:00 [INF] Writing value of type 'Dictionary`2' as Json.
2025-10-30 17:37:57.178 +09:00 [INF] Executed endpoint 'HTTP: GET /api/i18n/{lang}'
2025-10-30 17:37:57.184 +09:00 [INF] Request finished HTTP/1.1 GET http://192.168.20.218:5200/api/i18n/ja - 200 null application/json; charset=utf-8 239.0462ms
2025-10-30 17:37:58.518 +09:00 [INF] Request starting HTTP/1.1 GET http://192.168.20.218:5200/api/i18n/ja - null null
2025-10-30 17:37:58.522 +09:00 [INF] Executing endpoint 'HTTP: GET /api/i18n/{lang}'
2025-10-30 17:37:58.528 +09:00 [INF] Executed DbCommand (3ms) [Parameters=[], CommandType='"Text"', CommandTimeout='30']
SELECT l."Key", l."EN", l."JA", l."ZH"
FROM "LocalizationResources" AS l
2025-10-30 17:37:58.531 +09:00 [INF] Writing value of type 'Dictionary`2' as Json.
2025-10-30 17:37:58.533 +09:00 [INF] Executed endpoint 'HTTP: GET /api/i18n/{lang}'
2025-10-30 17:37:58.534 +09:00 [INF] Request finished HTTP/1.1 GET http://192.168.20.218:5200/api/i18n/ja - 200 null application/json; charset=utf-8 16.6143ms
2025-10-30 17:37:58.544 +09:00 [INF] Request starting HTTP/1.1 GET http://192.168.20.218:5200/api/setup/admin - null null
2025-10-30 17:37:58.549 +09:00 [INF] Executing endpoint 'HTTP: GET /api/setup/admin'
2025-10-30 17:37:58.558 +09:00 [INF] Executed DbCommand (4ms) [Parameters=[@__normalizedName_0='?'], CommandType='"Text"', CommandTimeout='30']
SELECT a."Id", a."ConcurrencyStamp", a."Name", a."NormalizedName"
FROM "AspNetRoles" AS a
WHERE a."NormalizedName" = @__normalizedName_0
LIMIT 1
2025-10-30 17:37:58.566 +09:00 [INF] Executed DbCommand (2ms) [Parameters=[@__normalizedRoleName_0='?'], CommandType='"Text"', CommandTimeout='30']
SELECT a."Id", a."ConcurrencyStamp", a."Name", a."NormalizedName"
FROM "AspNetRoles" AS a
WHERE a."NormalizedName" = @__normalizedRoleName_0
LIMIT 2
2025-10-30 17:37:58.598 +09:00 [INF] Executed DbCommand (2ms) [Parameters=[@__role_Id_0='?'], CommandType='"Text"', CommandTimeout='30']
SELECT a0."Id", a0."AccessFailedCount", a0."ConcurrencyStamp", a0."Email", a0."EmailConfirmed", a0."LockoutEnabled", a0."LockoutEnd", a0."NormalizedEmail", a0."NormalizedUserName", a0."PasswordHash", a0."PhoneNumber", a0."PhoneNumberConfirmed", a0."SecurityStamp", a0."TwoFactorEnabled", a0."UserName"
FROM "AspNetUserRoles" AS a
INNER JOIN "AspNetUsers" AS a0 ON a."UserId" = a0."Id"
WHERE a."RoleId" = @__role_Id_0
2025-10-30 17:37:58.604 +09:00 [INF] Setting HTTP status code 200.
2025-10-30 17:37:58.607 +09:00 [INF] Writing value of type '<>f__AnonymousType32`3' as Json.
2025-10-30 17:37:58.611 +09:00 [INF] Executed endpoint 'HTTP: GET /api/setup/admin'
2025-10-30 17:37:58.613 +09:00 [INF] Request finished HTTP/1.1 GET http://192.168.20.218:5200/api/setup/admin - 200 null application/json; charset=utf-8 68.8784ms
2025-10-30 17:37:58.901 +09:00 [INF] Request starting HTTP/1.1 GET http://192.168.20.218:5200/api/i18n/ja - null null
2025-10-30 17:37:58.906 +09:00 [INF] Executing endpoint 'HTTP: GET /api/i18n/{lang}'
2025-10-30 17:37:58.910 +09:00 [INF] Executed DbCommand (2ms) [Parameters=[], CommandType='"Text"', CommandTimeout='30']
SELECT l."Key", l."EN", l."JA", l."ZH"
FROM "LocalizationResources" AS l
2025-10-30 17:37:58.913 +09:00 [INF] Writing value of type 'Dictionary`2' as Json.
2025-10-30 17:37:58.914 +09:00 [INF] Executed endpoint 'HTTP: GET /api/i18n/{lang}'
2025-10-30 17:37:58.916 +09:00 [INF] Request finished HTTP/1.1 GET http://192.168.20.218:5200/api/i18n/ja - 200 null application/json; charset=utf-8 15.1779ms
2025-10-30 17:38:01.599 +09:00 [INF] Application is shutting down...
