2025-10-30 17:16:03.084 +09:00 [INF] ============================================
2025-10-30 17:16:03.104 +09:00 [INF] Application starting at "2025-10-30T17:16:03.0998443+09:00", log file: C:\workspace\bobcrm\src\BobCrm.Api\..\..\logs\api_20251030_171602.log
2025-10-30 17:16:03.110 +09:00 [INF] ============================================
2025-10-30 17:16:04.252 +09:00 [INF] Executed DbCommand (42ms) [Parameters=[], CommandType='"Text"', CommandTimeout='30']
SELECT CASE WHEN COUNT(*) = 0 THEN FALSE ELSE TRUE END
FROM pg_class AS cls
JOIN pg_namespace AS ns ON ns.oid = cls.relnamespace
WHERE
        cls.relkind IN ('r', 'v', 'm', 'f', 'p') AND
        ns.nspname NOT IN ('pg_catalog', 'information_schema') AND
        -- Exclude tables which are members of PG extensions
        NOT EXISTS (
            SELECT 1 FROM pg_depend WHERE
                classid=(
                    SELECT cls.oid
                    FROM pg_class AS cls
                             JOIN pg_namespace AS ns ON ns.oid = cls.relnamespace
                    WHERE relname='pg_class' AND ns.nspname='pg_catalog'
                ) AND
                objid=cls.oid AND
                deptype IN ('e', 'x')
        )
2025-10-30 17:16:04.415 +09:00 [INF] Executed DbCommand (4ms) [Parameters=[], CommandType='"Text"', CommandTimeout='30']
SELECT count(*)::int
FROM "Customers" AS c
2025-10-30 17:16:04.432 +09:00 [INF] Executed DbCommand (4ms) [Parameters=[], CommandType='"Text"', CommandTimeout='30']
CREATE TABLE IF NOT EXISTS "LocalizationLanguages" ("Id" SERIAL PRIMARY KEY, "Code" text NOT NULL, "NativeName" text NOT NULL);
2025-10-30 17:16:04.447 +09:00 [INF] Executed DbCommand (1ms) [Parameters=[], CommandType='"Text"', CommandTimeout='30']
SELECT EXISTS (
    SELECT 1
    FROM "Customers" AS c)
2025-10-30 17:16:04.454 +09:00 [INF] Executed DbCommand (2ms) [Parameters=[], CommandType='"Text"', CommandTimeout='30']
SELECT EXISTS (
    SELECT 1
    FROM "FieldDefinitions" AS f)
2025-10-30 17:16:04.463 +09:00 [INF] Executed DbCommand (1ms) [Parameters=[], CommandType='"Text"', CommandTimeout='30']
SELECT EXISTS (
    SELECT 1
    FROM "LocalizationLanguages" AS l)
2025-10-30 17:16:04.469 +09:00 [INF] Executed DbCommand (2ms) [Parameters=[], CommandType='"Text"', CommandTimeout='30']
SELECT EXISTS (
    SELECT 1
    FROM "LocalizationResources" AS l)
2025-10-30 17:16:04.507 +09:00 [INF] Executed DbCommand (9ms) [Parameters=[@__key_0='?'], CommandType='"Text"', CommandTimeout='30']
SELECT EXISTS (
    SELECT 1
    FROM "LocalizationResources" AS l
    WHERE l."Key" = @__key_0)
2025-10-30 17:16:04.514 +09:00 [INF] Executed DbCommand (1ms) [Parameters=[@__key_0='?'], CommandType='"Text"', CommandTimeout='30']
SELECT EXISTS (
    SELECT 1
    FROM "LocalizationResources" AS l
    WHERE l."Key" = @__key_0)
2025-10-30 17:16:04.517 +09:00 [INF] Executed DbCommand (1ms) [Parameters=[@__key_0='?'], CommandType='"Text"', CommandTimeout='30']
SELECT EXISTS (
    SELECT 1
    FROM "LocalizationResources" AS l
    WHERE l."Key" = @__key_0)
2025-10-30 17:16:04.520 +09:00 [INF] Executed DbCommand (1ms) [Parameters=[@__key_0='?'], CommandType='"Text"', CommandTimeout='30']
SELECT EXISTS (
    SELECT 1
    FROM "LocalizationResources" AS l
    WHERE l."Key" = @__key_0)
2025-10-30 17:16:04.523 +09:00 [INF] Executed DbCommand (1ms) [Parameters=[@__key_0='?'], CommandType='"Text"', CommandTimeout='30']
SELECT EXISTS (
    SELECT 1
    FROM "LocalizationResources" AS l
    WHERE l."Key" = @__key_0)
2025-10-30 17:16:04.525 +09:00 [INF] Executed DbCommand (1ms) [Parameters=[@__key_0='?'], CommandType='"Text"', CommandTimeout='30']
SELECT EXISTS (
    SELECT 1
    FROM "LocalizationResources" AS l
    WHERE l."Key" = @__key_0)
2025-10-30 17:16:04.528 +09:00 [INF] Executed DbCommand (1ms) [Parameters=[@__key_0='?'], CommandType='"Text"', CommandTimeout='30']
SELECT EXISTS (
    SELECT 1
    FROM "LocalizationResources" AS l
    WHERE l."Key" = @__key_0)
2025-10-30 17:16:04.532 +09:00 [INF] Executed DbCommand (1ms) [Parameters=[@__key_0='?'], CommandType='"Text"', CommandTimeout='30']
SELECT EXISTS (
    SELECT 1
    FROM "LocalizationResources" AS l
    WHERE l."Key" = @__key_0)
2025-10-30 17:16:04.536 +09:00 [INF] Executed DbCommand (1ms) [Parameters=[@__key_0='?'], CommandType='"Text"', CommandTimeout='30']
SELECT EXISTS (
    SELECT 1
    FROM "LocalizationResources" AS l
    WHERE l."Key" = @__key_0)
2025-10-30 17:16:04.538 +09:00 [INF] Executed DbCommand (1ms) [Parameters=[@__key_0='?'], CommandType='"Text"', CommandTimeout='30']
SELECT EXISTS (
    SELECT 1
    FROM "LocalizationResources" AS l
    WHERE l."Key" = @__key_0)
2025-10-30 17:16:04.540 +09:00 [INF] Executed DbCommand (1ms) [Parameters=[@__key_0='?'], CommandType='"Text"', CommandTimeout='30']
SELECT EXISTS (
    SELECT 1
    FROM "LocalizationResources" AS l
    WHERE l."Key" = @__key_0)
2025-10-30 17:16:04.543 +09:00 [INF] Executed DbCommand (1ms) [Parameters=[@__key_0='?'], CommandType='"Text"', CommandTimeout='30']
SELECT EXISTS (
    SELECT 1
    FROM "LocalizationResources" AS l
    WHERE l."Key" = @__key_0)
2025-10-30 17:16:04.546 +09:00 [INF] Executed DbCommand (1ms) [Parameters=[@__key_0='?'], CommandType='"Text"', CommandTimeout='30']
SELECT EXISTS (
    SELECT 1
    FROM "LocalizationResources" AS l
    WHERE l."Key" = @__key_0)
2025-10-30 17:16:04.551 +09:00 [INF] Executed DbCommand (1ms) [Parameters=[@__key_0='?'], CommandType='"Text"', CommandTimeout='30']
SELECT EXISTS (
    SELECT 1
    FROM "LocalizationResources" AS l
    WHERE l."Key" = @__key_0)
2025-10-30 17:16:04.555 +09:00 [INF] Executed DbCommand (1ms) [Parameters=[@__key_0='?'], CommandType='"Text"', CommandTimeout='30']
SELECT EXISTS (
    SELECT 1
    FROM "LocalizationResources" AS l
    WHERE l."Key" = @__key_0)
2025-10-30 17:16:04.558 +09:00 [INF] Executed DbCommand (1ms) [Parameters=[@__key_0='?'], CommandType='"Text"', CommandTimeout='30']
SELECT EXISTS (
    SELECT 1
    FROM "LocalizationResources" AS l
    WHERE l."Key" = @__key_0)
2025-10-30 17:16:04.562 +09:00 [INF] Executed DbCommand (1ms) [Parameters=[@__key_0='?'], CommandType='"Text"', CommandTimeout='30']
SELECT EXISTS (
    SELECT 1
    FROM "LocalizationResources" AS l
    WHERE l."Key" = @__key_0)
2025-10-30 17:16:04.568 +09:00 [INF] Executed DbCommand (1ms) [Parameters=[@__key_0='?'], CommandType='"Text"', CommandTimeout='30']
SELECT EXISTS (
    SELECT 1
    FROM "LocalizationResources" AS l
    WHERE l."Key" = @__key_0)
2025-10-30 17:16:04.571 +09:00 [INF] Executed DbCommand (1ms) [Parameters=[@__key_0='?'], CommandType='"Text"', CommandTimeout='30']
SELECT EXISTS (
    SELECT 1
    FROM "LocalizationResources" AS l
    WHERE l."Key" = @__key_0)
2025-10-30 17:16:04.573 +09:00 [INF] Executed DbCommand (1ms) [Parameters=[@__key_0='?'], CommandType='"Text"', CommandTimeout='30']
SELECT EXISTS (
    SELECT 1
    FROM "LocalizationResources" AS l
    WHERE l."Key" = @__key_0)
2025-10-30 17:16:04.576 +09:00 [INF] Executed DbCommand (1ms) [Parameters=[@__key_0='?'], CommandType='"Text"', CommandTimeout='30']
SELECT EXISTS (
    SELECT 1
    FROM "LocalizationResources" AS l
    WHERE l."Key" = @__key_0)
2025-10-30 17:16:04.581 +09:00 [INF] Executed DbCommand (1ms) [Parameters=[@__key_0='?'], CommandType='"Text"', CommandTimeout='30']
SELECT EXISTS (
    SELECT 1
    FROM "LocalizationResources" AS l
    WHERE l."Key" = @__key_0)
2025-10-30 17:16:04.584 +09:00 [INF] Executed DbCommand (1ms) [Parameters=[@__key_0='?'], CommandType='"Text"', CommandTimeout='30']
SELECT EXISTS (
    SELECT 1
    FROM "LocalizationResources" AS l
    WHERE l."Key" = @__key_0)
2025-10-30 17:16:04.587 +09:00 [INF] Executed DbCommand (1ms) [Parameters=[@__key_0='?'], CommandType='"Text"', CommandTimeout='30']
SELECT EXISTS (
    SELECT 1
    FROM "LocalizationResources" AS l
    WHERE l."Key" = @__key_0)
2025-10-30 17:16:04.589 +09:00 [INF] Executed DbCommand (1ms) [Parameters=[@__key_0='?'], CommandType='"Text"', CommandTimeout='30']
SELECT EXISTS (
    SELECT 1
    FROM "LocalizationResources" AS l
    WHERE l."Key" = @__key_0)
2025-10-30 17:16:04.594 +09:00 [INF] Executed DbCommand (1ms) [Parameters=[@__key_0='?'], CommandType='"Text"', CommandTimeout='30']
SELECT EXISTS (
    SELECT 1
    FROM "LocalizationResources" AS l
    WHERE l."Key" = @__key_0)
2025-10-30 17:16:04.599 +09:00 [INF] Executed DbCommand (1ms) [Parameters=[@__key_0='?'], CommandType='"Text"', CommandTimeout='30']
SELECT EXISTS (
    SELECT 1
    FROM "LocalizationResources" AS l
    WHERE l."Key" = @__key_0)
2025-10-30 17:16:04.602 +09:00 [INF] Executed DbCommand (1ms) [Parameters=[@__key_0='?'], CommandType='"Text"', CommandTimeout='30']
SELECT EXISTS (
    SELECT 1
    FROM "LocalizationResources" AS l
    WHERE l."Key" = @__key_0)
2025-10-30 17:16:04.607 +09:00 [INF] Executed DbCommand (1ms) [Parameters=[@__key_0='?'], CommandType='"Text"', CommandTimeout='30']
SELECT EXISTS (
    SELECT 1
    FROM "LocalizationResources" AS l
    WHERE l."Key" = @__key_0)
2025-10-30 17:16:04.610 +09:00 [INF] Executed DbCommand (1ms) [Parameters=[@__key_0='?'], CommandType='"Text"', CommandTimeout='30']
SELECT EXISTS (
    SELECT 1
    FROM "LocalizationResources" AS l
    WHERE l."Key" = @__key_0)
2025-10-30 17:16:04.614 +09:00 [INF] Executed DbCommand (1ms) [Parameters=[@__key_0='?'], CommandType='"Text"', CommandTimeout='30']
SELECT EXISTS (
    SELECT 1
    FROM "LocalizationResources" AS l
    WHERE l."Key" = @__key_0)
2025-10-30 17:16:04.616 +09:00 [INF] Executed DbCommand (1ms) [Parameters=[@__key_0='?'], CommandType='"Text"', CommandTimeout='30']
SELECT EXISTS (
    SELECT 1
    FROM "LocalizationResources" AS l
    WHERE l."Key" = @__key_0)
2025-10-30 17:16:04.619 +09:00 [INF] Executed DbCommand (1ms) [Parameters=[@__key_0='?'], CommandType='"Text"', CommandTimeout='30']
SELECT EXISTS (
    SELECT 1
    FROM "LocalizationResources" AS l
    WHERE l."Key" = @__key_0)
2025-10-30 17:16:04.648 +09:00 [INF] Executed DbCommand (1ms) [Parameters=[@__key_0='?'], CommandType='"Text"', CommandTimeout='30']
SELECT EXISTS (
    SELECT 1
    FROM "LocalizationResources" AS l
    WHERE l."Key" = @__key_0)
2025-10-30 17:16:04.651 +09:00 [INF] Executed DbCommand (1ms) [Parameters=[@__key_0='?'], CommandType='"Text"', CommandTimeout='30']
SELECT EXISTS (
    SELECT 1
    FROM "LocalizationResources" AS l
    WHERE l."Key" = @__key_0)
2025-10-30 17:16:04.656 +09:00 [INF] Executed DbCommand (1ms) [Parameters=[@__key_0='?'], CommandType='"Text"', CommandTimeout='30']
SELECT EXISTS (
    SELECT 1
    FROM "LocalizationResources" AS l
    WHERE l."Key" = @__key_0)
2025-10-30 17:16:04.659 +09:00 [INF] Executed DbCommand (1ms) [Parameters=[@__key_0='?'], CommandType='"Text"', CommandTimeout='30']
SELECT EXISTS (
    SELECT 1
    FROM "LocalizationResources" AS l
    WHERE l."Key" = @__key_0)
2025-10-30 17:16:04.661 +09:00 [INF] Executed DbCommand (1ms) [Parameters=[@__key_0='?'], CommandType='"Text"', CommandTimeout='30']
SELECT EXISTS (
    SELECT 1
    FROM "LocalizationResources" AS l
    WHERE l."Key" = @__key_0)
2025-10-30 17:16:04.664 +09:00 [INF] Executed DbCommand (1ms) [Parameters=[@__key_0='?'], CommandType='"Text"', CommandTimeout='30']
SELECT EXISTS (
    SELECT 1
    FROM "LocalizationResources" AS l
    WHERE l."Key" = @__key_0)
2025-10-30 17:16:04.667 +09:00 [INF] Executed DbCommand (1ms) [Parameters=[@__key_0='?'], CommandType='"Text"', CommandTimeout='30']
SELECT EXISTS (
    SELECT 1
    FROM "LocalizationResources" AS l
    WHERE l."Key" = @__key_0)
2025-10-30 17:16:04.670 +09:00 [INF] Executed DbCommand (1ms) [Parameters=[@__key_0='?'], CommandType='"Text"', CommandTimeout='30']
SELECT EXISTS (
    SELECT 1
    FROM "LocalizationResources" AS l
    WHERE l."Key" = @__key_0)
2025-10-30 17:16:04.672 +09:00 [INF] Executed DbCommand (1ms) [Parameters=[@__key_0='?'], CommandType='"Text"', CommandTimeout='30']
SELECT EXISTS (
    SELECT 1
    FROM "LocalizationResources" AS l
    WHERE l."Key" = @__key_0)
2025-10-30 17:16:04.678 +09:00 [INF] Executed DbCommand (2ms) [Parameters=[@__key_0='?'], CommandType='"Text"', CommandTimeout='30']
SELECT EXISTS (
    SELECT 1
    FROM "LocalizationResources" AS l
    WHERE l."Key" = @__key_0)
2025-10-30 17:16:04.681 +09:00 [INF] Executed DbCommand (1ms) [Parameters=[@__key_0='?'], CommandType='"Text"', CommandTimeout='30']
SELECT EXISTS (
    SELECT 1
    FROM "LocalizationResources" AS l
    WHERE l."Key" = @__key_0)
2025-10-30 17:16:04.684 +09:00 [INF] Executed DbCommand (1ms) [Parameters=[@__key_0='?'], CommandType='"Text"', CommandTimeout='30']
SELECT EXISTS (
    SELECT 1
    FROM "LocalizationResources" AS l
    WHERE l."Key" = @__key_0)
2025-10-30 17:16:04.688 +09:00 [INF] Executed DbCommand (1ms) [Parameters=[@__key_0='?'], CommandType='"Text"', CommandTimeout='30']
SELECT EXISTS (
    SELECT 1
    FROM "LocalizationResources" AS l
    WHERE l."Key" = @__key_0)
2025-10-30 17:16:04.692 +09:00 [INF] Executed DbCommand (1ms) [Parameters=[@__key_0='?'], CommandType='"Text"', CommandTimeout='30']
SELECT EXISTS (
    SELECT 1
    FROM "LocalizationResources" AS l
    WHERE l."Key" = @__key_0)
2025-10-30 17:16:04.695 +09:00 [INF] Executed DbCommand (1ms) [Parameters=[@__key_0='?'], CommandType='"Text"', CommandTimeout='30']
SELECT EXISTS (
    SELECT 1
    FROM "LocalizationResources" AS l
    WHERE l."Key" = @__key_0)
2025-10-30 17:16:04.698 +09:00 [INF] Executed DbCommand (1ms) [Parameters=[@__key_0='?'], CommandType='"Text"', CommandTimeout='30']
SELECT EXISTS (
    SELECT 1
    FROM "LocalizationResources" AS l
    WHERE l."Key" = @__key_0)
2025-10-30 17:16:04.700 +09:00 [INF] Executed DbCommand (1ms) [Parameters=[@__key_0='?'], CommandType='"Text"', CommandTimeout='30']
SELECT EXISTS (
    SELECT 1
    FROM "LocalizationResources" AS l
    WHERE l."Key" = @__key_0)
2025-10-30 17:16:04.702 +09:00 [INF] Executed DbCommand (1ms) [Parameters=[@__key_0='?'], CommandType='"Text"', CommandTimeout='30']
SELECT EXISTS (
    SELECT 1
    FROM "LocalizationResources" AS l
    WHERE l."Key" = @__key_0)
2025-10-30 17:16:04.707 +09:00 [INF] Executed DbCommand (1ms) [Parameters=[@__key_0='?'], CommandType='"Text"', CommandTimeout='30']
SELECT EXISTS (
    SELECT 1
    FROM "LocalizationResources" AS l
    WHERE l."Key" = @__key_0)
2025-10-30 17:16:04.710 +09:00 [INF] Executed DbCommand (1ms) [Parameters=[@__key_0='?'], CommandType='"Text"', CommandTimeout='30']
SELECT EXISTS (
    SELECT 1
    FROM "LocalizationResources" AS l
    WHERE l."Key" = @__key_0)
2025-10-30 17:16:04.749 +09:00 [INF] Executed DbCommand (7ms) [Parameters=[@p0='?', @p1='?', @p2='?', @p3='?'], CommandType='"Text"', CommandTimeout='30']
INSERT INTO "LocalizationResources" ("Key", "EN", "JA", "ZH")
VALUES (@p0, @p1, @p2, @p3);
2025-10-30 17:16:04.757 +09:00 [INF] Executed DbCommand (1ms) [Parameters=[], CommandType='"Text"', CommandTimeout='30']
CREATE INDEX IF NOT EXISTS idx_fieldvalues_value_gin ON "FieldValues" USING GIN ("Value");
2025-10-30 17:16:04.760 +09:00 [INF] Executed DbCommand (1ms) [Parameters=[], CommandType='"Text"', CommandTimeout='30']
CREATE INDEX IF NOT EXISTS idx_fielddefinitions_tags_gin ON "FieldDefinitions" USING GIN ("Tags");
2025-10-30 17:16:04.762 +09:00 [INF] Executed DbCommand (1ms) [Parameters=[], CommandType='"Text"', CommandTimeout='30']
CREATE INDEX IF NOT EXISTS idx_fielddefinitions_actions_gin ON "FieldDefinitions" USING GIN ("Actions");
2025-10-30 17:16:04.765 +09:00 [INF] Executed DbCommand (1ms) [Parameters=[], CommandType='"Text"', CommandTimeout='30']
CREATE INDEX IF NOT EXISTS idx_userlayouts_layoutjson_gin ON "UserLayouts" USING GIN ("LayoutJson");
2025-10-30 17:16:04.767 +09:00 [INF] Executed DbCommand (1ms) [Parameters=[], CommandType='"Text"', CommandTimeout='30']
CREATE INDEX IF NOT EXISTS idx_fieldvalues_customer_field ON "FieldValues" ("CustomerId", "FieldDefinitionId");
2025-10-30 17:16:04.770 +09:00 [INF] Executed DbCommand (1ms) [Parameters=[], CommandType='"Text"', CommandTimeout='30']
SELECT EXISTS (
    SELECT 1
    FROM "Customers" AS c)
2025-10-30 17:16:04.802 +09:00 [INF] Executed DbCommand (2ms) [Parameters=[@__normalizedName_0='?'], CommandType='"Text"', CommandTimeout='30']
SELECT a."Id", a."ConcurrencyStamp", a."Name", a."NormalizedName"
FROM "AspNetRoles" AS a
WHERE a."NormalizedName" = @__normalizedName_0
LIMIT 1
2025-10-30 17:16:04.822 +09:00 [INF] Executed DbCommand (2ms) [Parameters=[@__normalizedUserName_0='?'], CommandType='"Text"', CommandTimeout='30']
SELECT a."Id", a."AccessFailedCount", a."ConcurrencyStamp", a."Email", a."EmailConfirmed", a."LockoutEnabled", a."LockoutEnd", a."NormalizedEmail", a."NormalizedUserName", a."PasswordHash", a."PhoneNumber", a."PhoneNumberConfirmed", a."SecurityStamp", a."TwoFactorEnabled", a."UserName"
FROM "AspNetUsers" AS a
WHERE a."NormalizedUserName" = @__normalizedUserName_0
LIMIT 1
2025-10-30 17:16:04.849 +09:00 [INF] Executed DbCommand (2ms) [Parameters=[@__normalizedRoleName_0='?'], CommandType='"Text"', CommandTimeout='30']
SELECT a."Id", a."ConcurrencyStamp", a."Name", a."NormalizedName"
FROM "AspNetRoles" AS a
WHERE a."NormalizedName" = @__normalizedRoleName_0
LIMIT 2
2025-10-30 17:16:04.860 +09:00 [INF] Executed DbCommand (1ms) [Parameters=[@__p_0='?', @__p_1='?'], CommandType='"Text"', CommandTimeout='30']
SELECT a."UserId", a."RoleId"
FROM "AspNetUserRoles" AS a
WHERE a."UserId" = @__p_0 AND a."RoleId" = @__p_1
LIMIT 1
2025-10-30 17:16:04.876 +09:00 [INF] Executed DbCommand (1ms) [Parameters=[], CommandType='"Text"', CommandTimeout='30']
SELECT c."Id"
FROM "Customers" AS c
2025-10-30 17:16:04.881 +09:00 [INF] Executed DbCommand (1ms) [Parameters=[@__cid_0='?' (DbType = Int32), @__8__locals1_admin_Id_1='?'], CommandType='"Text"', CommandTimeout='30']
SELECT EXISTS (
    SELECT 1
    FROM "CustomerAccesses" AS c
    WHERE c."CustomerId" = @__cid_0 AND c."UserId" = @__8__locals1_admin_Id_1)
2025-10-30 17:16:04.883 +09:00 [INF] Executed DbCommand (1ms) [Parameters=[@__cid_0='?' (DbType = Int32), @__8__locals1_admin_Id_1='?'], CommandType='"Text"', CommandTimeout='30']
SELECT EXISTS (
    SELECT 1
    FROM "CustomerAccesses" AS c
    WHERE c."CustomerId" = @__cid_0 AND c."UserId" = @__8__locals1_admin_Id_1)
2025-10-30 17:16:04.919 +09:00 [INF] Executed DbCommand (2ms) [Parameters=[], CommandType='"Text"', CommandTimeout='30']
SELECT d."Id", d."FriendlyName", d."Xml"
FROM "DataProtectionKeys" AS d
2025-10-30 17:16:05.044 +09:00 [INF] Now listening on: http://0.0.0.0:5200
2025-10-30 17:16:05.045 +09:00 [INF] Application started. Press Ctrl+C to shut down.
2025-10-30 17:16:05.045 +09:00 [INF] Hosting environment: Development
2025-10-30 17:16:05.046 +09:00 [INF] Content root path: C:\workspace\bobcrm\src\BobCrm.Api
2025-10-30 17:16:11.828 +09:00 [INF] Request starting HTTP/1.1 GET http://192.168.20.218:5200/api/i18n/ja - null null
2025-10-30 17:16:11.962 +09:00 [INF] Executing endpoint 'HTTP: GET /api/i18n/{lang}'
2025-10-30 17:16:12.019 +09:00 [INF] Executed DbCommand (1ms) [Parameters=[], CommandType='"Text"', CommandTimeout='30']
SELECT l."Key", l."EN", l."JA", l."ZH"
FROM "LocalizationResources" AS l
2025-10-30 17:16:12.028 +09:00 [INF] Writing value of type 'Dictionary`2' as Json.
2025-10-30 17:16:12.041 +09:00 [INF] Executed endpoint 'HTTP: GET /api/i18n/{lang}'
2025-10-30 17:16:12.047 +09:00 [INF] Request finished HTTP/1.1 GET http://192.168.20.218:5200/api/i18n/ja - 200 null application/json; charset=utf-8 220.2867ms
2025-10-30 17:16:14.077 +09:00 [INF] Request starting HTTP/1.1 GET http://192.168.20.218:5200/api/i18n/ja - null null
2025-10-30 17:16:14.086 +09:00 [INF] Executing endpoint 'HTTP: GET /api/i18n/{lang}'
2025-10-30 17:16:14.091 +09:00 [INF] Executed DbCommand (2ms) [Parameters=[], CommandType='"Text"', CommandTimeout='30']
SELECT l."Key", l."EN", l."JA", l."ZH"
FROM "LocalizationResources" AS l
2025-10-30 17:16:14.095 +09:00 [INF] Writing value of type 'Dictionary`2' as Json.
2025-10-30 17:16:14.100 +09:00 [INF] Executed endpoint 'HTTP: GET /api/i18n/{lang}'
2025-10-30 17:16:14.102 +09:00 [INF] Request finished HTTP/1.1 GET http://192.168.20.218:5200/api/i18n/ja - 200 null application/json; charset=utf-8 25.2996ms
2025-10-30 17:16:14.112 +09:00 [INF] Request starting HTTP/1.1 GET http://192.168.20.218:5200/api/setup/admin - null null
2025-10-30 17:16:14.120 +09:00 [INF] Executing endpoint 'HTTP: GET /api/setup/admin'
2025-10-30 17:16:14.135 +09:00 [INF] Executed DbCommand (2ms) [Parameters=[@__normalizedName_0='?'], CommandType='"Text"', CommandTimeout='30']
SELECT a."Id", a."ConcurrencyStamp", a."Name", a."NormalizedName"
FROM "AspNetRoles" AS a
WHERE a."NormalizedName" = @__normalizedName_0
LIMIT 1
2025-10-30 17:16:14.145 +09:00 [INF] Executed DbCommand (2ms) [Parameters=[@__normalizedRoleName_0='?'], CommandType='"Text"', CommandTimeout='30']
SELECT a."Id", a."ConcurrencyStamp", a."Name", a."NormalizedName"
FROM "AspNetRoles" AS a
WHERE a."NormalizedName" = @__normalizedRoleName_0
LIMIT 2
2025-10-30 17:16:14.202 +09:00 [INF] Executed DbCommand (3ms) [Parameters=[@__role_Id_0='?'], CommandType='"Text"', CommandTimeout='30']
SELECT a0."Id", a0."AccessFailedCount", a0."ConcurrencyStamp", a0."Email", a0."EmailConfirmed", a0."LockoutEnabled", a0."LockoutEnd", a0."NormalizedEmail", a0."NormalizedUserName", a0."PasswordHash", a0."PhoneNumber", a0."PhoneNumberConfirmed", a0."SecurityStamp", a0."TwoFactorEnabled", a0."UserName"
FROM "AspNetUserRoles" AS a
INNER JOIN "AspNetUsers" AS a0 ON a."UserId" = a0."Id"
WHERE a."RoleId" = @__role_Id_0
2025-10-30 17:16:14.210 +09:00 [INF] Setting HTTP status code 200.
2025-10-30 17:16:14.215 +09:00 [INF] Writing value of type '<>f__AnonymousType32`3' as Json.
2025-10-30 17:16:14.222 +09:00 [INF] Executed endpoint 'HTTP: GET /api/setup/admin'
2025-10-30 17:16:14.225 +09:00 [INF] Request finished HTTP/1.1 GET http://192.168.20.218:5200/api/setup/admin - 200 null application/json; charset=utf-8 112.4228ms
2025-10-30 17:16:14.520 +09:00 [INF] Request starting HTTP/1.1 GET http://192.168.20.218:5200/api/i18n/ja - null null
2025-10-30 17:16:14.523 +09:00 [INF] Executing endpoint 'HTTP: GET /api/i18n/{lang}'
2025-10-30 17:16:14.527 +09:00 [INF] Executed DbCommand (1ms) [Parameters=[], CommandType='"Text"', CommandTimeout='30']
SELECT l."Key", l."EN", l."JA", l."ZH"
FROM "LocalizationResources" AS l
2025-10-30 17:16:14.531 +09:00 [INF] Writing value of type 'Dictionary`2' as Json.
2025-10-30 17:16:14.532 +09:00 [INF] Executed endpoint 'HTTP: GET /api/i18n/{lang}'
2025-10-30 17:16:14.535 +09:00 [INF] Request finished HTTP/1.1 GET http://192.168.20.218:5200/api/i18n/ja - 200 null application/json; charset=utf-8 14.4392ms
2025-10-30 17:16:14.552 +09:00 [INF] Request starting HTTP/1.1 GET http://192.168.20.218:5200/api/customers - null null
2025-10-30 17:16:14.891 +09:00 [INF] Executing endpoint 'HTTP: GET /api/customers'
2025-10-30 17:16:14.901 +09:00 [INF] Executed DbCommand (2ms) [Parameters=[@__uid_0='?'], CommandType='"Text"', CommandTimeout='30']
SELECT c."CustomerId"
FROM "CustomerAccesses" AS c
WHERE c."UserId" = @__uid_0
2025-10-30 17:16:14.969 +09:00 [INF] Executed DbCommand (48ms) [Parameters=[@__accessIds_0='?' (DbType = Object)], CommandType='"Text"', CommandTimeout='30']
SELECT c."Id", c."Code", c."CreatedAt", c."CreatedBy", c."ExtData", c."Name", c."UpdatedAt", c."UpdatedBy", c."Version"
FROM "Customers" AS c
WHERE c."Id" = ANY (@__accessIds_0)
2025-10-30 17:16:15.004 +09:00 [INF] Executed DbCommand (2ms) [Parameters=[@__lang_0='?'], CommandType='"Text"', CommandTimeout='30']
SELECT c."CustomerId", c."Language", c."Name"
FROM "CustomerLocalizations" AS c
WHERE c."Language" = @__lang_0
2025-10-30 17:16:15.008 +09:00 [INF] Writing value of type 'List`1' as Json.
2025-10-30 17:16:15.016 +09:00 [INF] Executed endpoint 'HTTP: GET /api/customers'
2025-10-30 17:16:15.018 +09:00 [INF] Request finished HTTP/1.1 GET http://192.168.20.218:5200/api/customers - 200 null application/json; charset=utf-8 465.7706ms
2025-10-30 17:18:06.026 +09:00 [INF] Application is shutting down...
